#
# A fatal error has been detected by the Java Runtime Environment:
#
#  SIGBUS (0xa) at pc=0x00000001099a54f0, pid=69579, tid=28175
#
# JRE version: OpenJDK Runtime Environment (17.0.2+8) (build 17.0.2+8-86)
# Java VM: OpenJDK 64-Bit Server VM (17.0.2+8-86, mixed mode, sharing, tiered, compressed oops, compressed class ptrs, g1 gc, bsd-aarch64)
# Problematic frame:
# v  ~StubRoutines::SafeFetchN
#
# No core dump will be written. Core dumps have been disabled. To enable core dumping, try "ulimit -c unlimited" before starting Java again
#
# If you would like to submit a bug report, please visit:
#   https://bugreport.java.com/bugreport/crash.jsp
# The crash happened outside the Java Virtual Machine in native code.
# See problematic frame for where to report the bug.
#

---------------  S U M M A R Y ------------

Command Line: -javaagent:/Users/southrussian/Library/Application Support/JetBrains/Toolbox/apps/IDEA-U/ch-0/213.6777.52/IntelliJ IDEA.app/Contents/lib/idea_rt.jar=51387:/Users/southrussian/Library/Application Support/JetBrains/Toolbox/apps/IDEA-U/ch-0/213.6777.52/IntelliJ IDEA.app/Contents/bin -Dfile.encoding=UTF-8 --module-path=/Users/southrussian/.m2/repository/org/openjfx/javafx-graphics/17.0.1/javafx-graphics-17.0.1-mac-aarch64.jar:/Users/southrussian/IdeaProjects/FX/target/classes:/Users/southrussian/.m2/repository/org/openjfx/javafx-fxml/17.0.1/javafx-fxml-17.0.1-mac-aarch64.jar:/Users/southrussian/.m2/repository/org/openjfx/javafx-base/17.0.1/javafx-base-17.0.1-mac-aarch64.jar:/Users/southrussian/.m2/repository/org/openjfx/javafx-controls/17.0.1/javafx-controls-17.0.1-mac-aarch64.jar -Djdk.module.main=com.example.fx com.example.fx/com.example.fx.HelloApplication

Host: "MacBookAir10,1" arm64 1 MHz, 8 cores, 8G, Darwin 21.2.0, macOS 12.1 (21C52)
Time: Fri Feb 11 13:48:00 2022 MSK elapsed time: 136.702891 seconds (0d 0h 2m 16s)

---------------  T H R E A D  ---------------

Current thread (0x000000014a8d5800):  JavaThread "InvokeLaterDispatcher" daemon [_thread_in_native, id=28175, stack(0x0000000172840000,0x0000000172a43000)]

Stack: [0x0000000172840000,0x0000000172a43000],  sp=0x0000000172a42780,  free space=2057k
Native frames: (J=compiled Java code, j=interpreted, Vv=VM code, C=native code)
v  ~StubRoutines::SafeFetchN
V  [libjvm.dylib+0x7a6bcc]  _ZN10OopStorage7releaseEPKP7oopDesc+0x20
V  [libjvm.dylib+0x4ba824]  jni_DeleteGlobalRef+0xd8
C  [libglass.dylib+0xab08]  -[GlassRunnable dealloc]+0x34
C  [Foundation+0x84c7c]  -[_NSThreadPerformInfo dealloc]+0x30
C  [Foundation+0x51578]  -[NSObject(NSThreadPerformAdditions) performSelectorOnMainThread:withObject:waitUntilDone:]+0x88
C  0xaf530001099ad8ac
j  com.sun.glass.ui.mac.MacApplication.submitForLaterInvocation(Ljava/lang/Runnable;)V+2 javafx.graphics
j  com.sun.glass.ui.InvokeLaterDispatcher.run()V+82 javafx.graphics
v  ~StubRoutines::call_stub
V  [libjvm.dylib+0x461d08]  _ZN9JavaCalls11call_helperEP9JavaValueRK12methodHandleP17JavaCallArgumentsP10JavaThread+0x38c
V  [libjvm.dylib+0x460d24]  _ZN9JavaCalls12call_virtualEP9JavaValueP5KlassP6SymbolS5_P17JavaCallArgumentsP10JavaThread+0x11c
V  [libjvm.dylib+0x460df0]  _ZN9JavaCalls12call_virtualEP9JavaValue6HandleP5KlassP6SymbolS6_P10JavaThread+0x64
V  [libjvm.dylib+0x515f04]  _ZL12thread_entryP10JavaThreadS0_+0xc4
V  [libjvm.dylib+0x9071ac]  _ZN10JavaThread17thread_main_innerEv+0x13c
V  [libjvm.dylib+0x9058c0]  _ZN6Thread8call_runEv+0x128
V  [libjvm.dylib+0x7ad7c8]  _ZL19thread_native_entryP6Thread+0x158
C  [libsystem_pthread.dylib+0x7240]  _pthread_start+0x94

Java frames: (J=compiled Java code, j=interpreted, Vv=VM code)
j  com.sun.glass.ui.mac.MacApplication._submitForLaterInvocation(Ljava/lang/Runnable;)V+0 javafx.graphics
j  com.sun.glass.ui.mac.MacApplication.submitForLaterInvocation(Ljava/lang/Runnable;)V+2 javafx.graphics
j  com.sun.glass.ui.InvokeLaterDispatcher.run()V+82 javafx.graphics
v  ~StubRoutines::call_stub

siginfo: si_signo: 10 (SIGBUS), si_code: 1 (BUS_ADRALN), si_addr: 0x00000001099a54f0

Register to memory mapping:

 x0=0x000000014a604b48 is a global jni handle
 x1=0x0 is NULL
 x2=0x00000007870ea0c8 is an oop: com.sun.glass.ui.InvokeLaterDispatcher$Future 
{0x00000007870ea0c8} - klass: 'com/sun/glass/ui/InvokeLaterDispatcher$Future'
 - ---- fields (total size 3 words):
 - private 'done' 'Z' @12  true
 - private final 'runnable' 'Ljava/lang/Runnable;' @16  a 'com/sun/javafx/application/PlatformImpl$$Lambda$92+0x0000000800c81d88'{0x0000000786ae4df0} (f0d5c9be)
 - final synthetic 'this$0' 'Lcom/sun/glass/ui/InvokeLaterDispatcher;' @20  a 'com/sun/glass/ui/InvokeLaterDispatcher'{0x000000078680ac18} (f0d01583)
 x3=0x0 is NULL
 x4=0x00000000000130a8 is an unknown value
 x5=0x0 is NULL
 x6=0x0 is NULL
 x7=0x0 is NULL
 x8=0x00000001099a54ec is at begin+0 in a stub
StubRoutines::SafeFetchN [0x00000001099a54ec, 0x00000001099a54f8] (12 bytes)
 x9=0x0 is NULL
x10=0x2010000030300000 is an unknown value
x11=0x0000000000000007 is an unknown value
x12=0x0 is NULL
x13=0x0000600003e909f0 points into unknown readable memory: 0x0000003b72656e65 | 65 6e 65 72 3b 00 00 00
x14=0x0000000000000001 is an unknown value
x15=0x00000001211adf98: OBJC_CLASS_$_GlassRunnable+0 in /Users/southrussian/.openjfx/cache/17.0.1/libglass.dylib at 0x0000000121168000
x16=0x00000001a44c4094: pthread_getspecific+0 in /usr/lib/system/libsystem_pthread.dylib at 0x00000001a44c2000
x17=0x00006000034b1440 points into unknown readable memory: 0xfffffffffffffffe | fe ff ff ff ff ff ff ff
x18=0x0 is NULL
x19=0x0000600003bb41c0 points into unknown readable memory: 0x00006000012b0070 | 70 00 2b 01 00 60 00 00
x20=0x000000014a604940 points into unknown readable memory: 0x0000000000000000 | 00 00 00 00 00 00 00 00
x21=0x000000014a604b48 is a global jni handle
x22=0x000000014a8d5800 is a thread
x23=0x0000000000000001 is an unknown value
x24=0x000000014a604b00 is a global jni handle
x25=0x0000000101e655e8: _ZN12StubRoutines17_safefetchN_entryE+0 in /Users/southrussian/Library/Java/JavaVirtualMachines/openjdk-17.0.2/Contents/Home/lib/server/libjvm.dylib at 0x00000001012b4000
x26=0x000000011f118318 is pointing into metadata
x27=0x0 is NULL
x28=0x000000014a8d5800 is a thread


Registers:
 x0=0x000000014a604b48  x1=0x0000000000000000  x2=0x00000007870ea0c8  x3=0x0000000000000000
 x4=0x00000000000130a8  x5=0x0000000000000000  x6=0x0000000000000000  x7=0x0000000000000000
 x8=0x00000001099a54ec  x9=0x0000000000000000 x10=0x2010000030300000 x11=0x0000000000000007
x12=0x0000000000000000 x13=0x0000600003e909f0 x14=0x0000000000000001 x15=0x00000001211adf98
x16=0x00000001a44c4094 x17=0x00006000034b1440 x18=0x0000000000000000 x19=0x0000600003bb41c0
x20=0x000000014a604940 x21=0x000000014a604b48 x22=0x000000014a8d5800 x23=0x0000000000000001
x24=0x000000014a604b00 x25=0x0000000101e655e8 x26=0x000000011f118318 x27=0x0000000000000000
x28=0x000000014a8d5800  fp=0x0000000172a427c0  lr=0x0000000101a5999c  sp=0x0000000172a42780
pc=0x00000001099a54f0 cpsr=0x0000000060001000
Top of Stack: (sp=0x0000000172a42780)
0x0000000172a42780:   000000011f118318 0000000000000001
0x0000000172a42790:   0000000172a42988 0000000000000000
0x0000000172a427a0:   000000014b031ea8 000000014a604b30
0x0000000172a427b0:   000000014a604b30 0000600003bb41c0
0x0000000172a427c0:   0000000172a42800 0000000101a5abcc
0x0000000172a427d0:   0000000000000001 000000014a604b30
0x0000000172a427e0:   000000014b031ea8 000000014a604b30
0x0000000172a427f0:   0000000000000001 000000014b031c00
0x0000000172a42800:   0000000172a42840 000000010176e824
0x0000000172a42810:   0000000172a42988 00006000012a8f20
0x0000000172a42820:   00006000012a8ea0 00000001ee9f4474
0x0000000172a42830:   0000000000000000 00006000012a8ea0
0x0000000172a42840:   0000000172a42870 0000000121172b08
0x0000000172a42850:   54f34840654c0005 0000000000000000
0x0000000172a42860:   0000000000000000 000060000058a180
0x0000000172a42870:   0000000172a428b0 00000001a5488c7c
0x0000000172a42880:   0000000172a42988 00006000012a8f20
0x0000000172a42890:   00006000012a8ea0 54f34840654c0005
0x0000000172a428a0:   0000000000000000 0000000000000000
0x0000000172a428b0:   0000000172a428f0 32378001a5455578
0x0000000172a428c0:   0000000172a42988 00000001099ac7c0
0x0000000172a428d0:   0000000000000000 0000000101e6cfa8
0x0000000172a428e0:   0000000172a42900 00000001099ab730
0x0000000172a428f0:   0000000172a42960 af530001099ad8ac
0x0000000172a42900:   0000000172a42900 000000080098b325
0x0000000172a42910:   0000000172a42910 0000000000000000
0x0000000172a42920:   0000000172a42988 000000011f118318
0x0000000172a42930:   00000007868214c0 0000000000000000
0x0000000172a42940:   0000000000000000 000000011f0f7138
0x0000000172a42950:   0000000000000000 0000000172a42960
0x0000000172a42960:   0000000172a429e0 00000001099a9fc8
0x0000000172a42970:   0000000000000000 0000000000000000 

Instructions: (pc=0x00000001099a54f0)
0x00000001099a53f0:   f2a03c69 f2c00029 6d425935 1e640886
0x00000001099a5400:   0c402d31 1e6408c7 1f5654d0 1e6c1017
0x00000001099a5410:   1f5050d0 1f504cd0 1f5048d0 1e650af6
0x00000001099a5420:   1f50d8f6 1f5694d6 1f5158f6 1e762880
0x00000001099a5430:   36000501 1e614000 14000026 2e251ca5
0x00000001099a5440:   d2843009 f2a03c69 f2c00029 6d425d36
0x00000001099a5450:   1e600806 0c402d32 1f5758c7 1e6c101a
0x00000001099a5460:   1f4754c7 1e650805 1f4750c7 d2866668
0x00000001099a5470:   f2a7fa68 1f474cc7 1e6608c0 1f4748c7
0x00000001099a5480:   1e6e1019 eb08007f 540000ac 1f479400
0x00000001099a5490:   1f460340 1e603b20 1400000e d2a7fd29
0x00000001099a54a0:   eb09007f 540000ac 51480069 d3607d29
0x00000001099a54b0:   9e670121 14000002 1e6a5001 1f679417
0x00000001099a54c0:   1f668742 1e613b23 1e773857 1e773860
0x00000001099a54d0:   a8c17ff3 910003bf a8c17bfd d65f03c0
0x00000001099a54e0:   b9400001 aa0103e0 d65f03c0 f9400001
0x00000001099a54f0:   aa0103e0 d65f03c0 00000000 00000000
0x00000001099a5500:   00000000 00000000 00000000 00000000
0x00000001099a5510:   00000000 00000000 00000000 00000000
0x00000001099a5520:   00000000 00000000 00000000 00000000
0x00000001099a5530:   00000000 00000000 00000000 00000000
0x00000001099a5540:   00000000 00000000 00000000 00000000
0x00000001099a5550:   00000000 00000000 00000000 00000000
0x00000001099a5560:   00000000 00000000 00000000 00000000
0x00000001099a5570:   00000000 00000000 00000000 00000000
0x00000001099a5580:   00000000 00000000 00000000 00000000
0x00000001099a5590:   00000000 00000000 00000000 00000000
0x00000001099a55a0:   00000000 00000000 00000000 00000000
0x00000001099a55b0:   00000000 00000000 00000000 00000000
0x00000001099a55c0:   00000000 00000000 00000000 00000000
0x00000001099a55d0:   00000000 00000000 00000000 00000000
0x00000001099a55e0:   00000000 00000000 00000000 00000000 


Stack slot to memory mapping:
stack at sp + 0 slots: 0x000000011f118318 is pointing into metadata
stack at sp + 1 slots: 0x0000000000000001 is an unknown value
stack at sp + 2 slots: 0x0000000172a42988 is pointing into the stack for thread: 0x000000014a8d5800
stack at sp + 3 slots: 0x0 is NULL
stack at sp + 4 slots: 0x000000014b031ea8 points into unknown readable memory: 0x0000000101e22738 | 38 27 e2 01 01 00 00 00
stack at sp + 5 slots: 0x000000014a604b30 is a global jni handle
stack at sp + 6 slots: 0x000000014a604b30 is a global jni handle
stack at sp + 7 slots: 0x0000600003bb41c0 points into unknown readable memory: 0x00006000012b0070 | 70 00 2b 01 00 60 00 00

StubRoutines::SafeFetchN [0x00000001099a54ec, 0x00000001099a54f8] (12 bytes)
[MachCode]
  0x00000001099a54ec: 0100 40f9 | e003 01aa | c003 5fd6 
[/MachCode]

---------------  P R O C E S S  ---------------

Threads class SMR info:
_java_thread_list=0x00006000010a9ec0, length=20, elements={
0x000000015a80ec00, 0x000000014a80e800, 0x000000014a811000, 0x000000014b009200,
0x000000014b00ba00, 0x000000014b00c000, 0x000000014b00c600, 0x000000014b00cc00,
0x000000014b015200, 0x000000014b00a200, 0x000000014b018000, 0x000000012200a400,
0x000000014a81a000, 0x000000014a8d5800, 0x000000014b031c00, 0x000000015b155600,
0x000000015b209800, 0x000000014a8e0a00, 0x000000015ae49600, 0x000000012200b400
}

Java Threads: ( => current thread )
  0x000000015a80ec00 JavaThread "main" [_thread_blocked, id=9987, stack(0x000000016fe38000,0x000000017003b000)]
  0x000000014a80e800 JavaThread "Reference Handler" daemon [_thread_blocked, id=16643, stack(0x0000000170c8c000,0x0000000170e8f000)]
  0x000000014a811000 JavaThread "Finalizer" daemon [_thread_blocked, id=16387, stack(0x0000000170e98000,0x000000017109b000)]
  0x000000014b009200 JavaThread "Signal Dispatcher" daemon [_thread_blocked, id=42243, stack(0x00000001711bc000,0x00000001713bf000)]
  0x000000014b00ba00 JavaThread "Service Thread" daemon [_thread_blocked, id=22787, stack(0x00000001713c8000,0x00000001715cb000)]
  0x000000014b00c000 JavaThread "Monitor Deflation Thread" daemon [_thread_blocked, id=23043, stack(0x00000001715d4000,0x00000001717d7000)]
  0x000000014b00c600 JavaThread "C2 CompilerThread0" daemon [_thread_blocked, id=41219, stack(0x00000001717e0000,0x00000001719e3000)]
  0x000000014b00cc00 JavaThread "C1 CompilerThread0" daemon [_thread_in_native, id=40963, stack(0x00000001719ec000,0x0000000171bef000)]
  0x000000014b015200 JavaThread "Sweeper thread" daemon [_thread_blocked, id=23555, stack(0x0000000171bf8000,0x0000000171dfb000)]
  0x000000014b00a200 JavaThread "Common-Cleaner" daemon [_thread_blocked, id=40451, stack(0x0000000171e04000,0x0000000172007000)]
  0x000000014b018000 JavaThread "Monitor Ctrl-Break" daemon [_thread_in_native, id=24323, stack(0x0000000172010000,0x0000000172213000)]
  0x000000012200a400 JavaThread "Notification Thread" daemon [_thread_blocked, id=39939, stack(0x000000017221c000,0x000000017241f000)]
  0x000000014a81a000 JavaThread "QuantumRenderer-0" daemon [_thread_blocked, id=39427, stack(0x0000000172634000,0x0000000172837000)]
=>0x000000014a8d5800 JavaThread "InvokeLaterDispatcher" daemon [_thread_in_native, id=28175, stack(0x0000000172840000,0x0000000172a43000)]
  0x000000014b031c00 JavaThread "JavaFX Application Thread" [_thread_in_vm, id=259, stack(0x000000016f5b0000,0x000000016fdac000)]
  0x000000015b155600 JavaThread "JavaFX-Launcher" [_thread_blocked, id=78867, stack(0x0000000172ce4000,0x0000000172ee7000)]
  0x000000015b209800 JavaThread "Prism Font Disposer" daemon [_thread_blocked, id=58179, stack(0x000000017392c000,0x0000000173b2f000)]
  0x000000014a8e0a00 JavaThread "Cleaner-0" daemon [_thread_blocked, id=55819, stack(0x0000000173cdc000,0x0000000173edf000)]
  0x000000015ae49600 JavaThread "Attach Listener" daemon [_thread_blocked, id=79375, stack(0x0000000173ee8000,0x00000001740eb000)]
  0x000000012200b400 JavaThread "PulseTimer-CVDisplayLink thread" daemon [_thread_in_native, id=70959, stack(0x0000000172a4c000,0x0000000172acf000)]

Other Threads:
  0x000000015b806670 VMThread "VM Thread" [stack: 0x0000000170a80000,0x0000000170c83000] [id=14851]
  0x000000011eb04080 WatcherThread [stack: 0x0000000172428000,0x000000017262b000] [id=39683]
  0x000000015a608560 GCTaskThread "GC Thread#0" [stack: 0x0000000170044000,0x0000000170247000] [id=20227]
  0x000000015a7224b0 GCTaskThread "GC Thread#1" [stack: 0x0000000172ef0000,0x00000001730f3000] [id=55043]
  0x000000015a722930 GCTaskThread "GC Thread#2" [stack: 0x00000001730fc000,0x00000001732ff000] [id=55299]
  0x000000015b830f00 GCTaskThread "GC Thread#3" [stack: 0x0000000173308000,0x000000017350b000] [id=74755]
  0x000000015b831770 GCTaskThread "GC Thread#4" [stack: 0x0000000173514000,0x0000000173717000] [id=74243]
  0x000000015b831fe0 GCTaskThread "GC Thread#5" [stack: 0x0000000173720000,0x0000000173923000] [id=73987]
  0x000000015a705760 ConcurrentGCThread "G1 Main Marker" [stack: 0x0000000170250000,0x0000000170453000] [id=12803]
  0x000000015a705fe0 ConcurrentGCThread "G1 Conc#0" [stack: 0x000000017045c000,0x000000017065f000] [id=19203]
  0x000000015a609fe0 ConcurrentGCThread "G1 Refine#0" [stack: 0x0000000170668000,0x000000017086b000] [id=13571]
  0x000000015a60a880 ConcurrentGCThread "G1 Service" [stack: 0x0000000170874000,0x0000000170a77000] [id=13827]

Threads with active compile tasks:
C1 CompilerThread0   136716 1593 %     3       com.sun.marlin.Renderer::_endRendering @ 235 (2473 bytes)

VM state: not at safepoint (normal execution)

VM Mutex/Monitor currently owned by a thread: None

Heap address: 0x0000000780000000, size: 2048 MB, Compressed Oops mode: Zero based, Oop shift amount: 3

CDS archive(s) mapped at: [0x0000000800000000-0x0000000800bd4000-0x0000000800bd4000), size 12402688, SharedBaseAddress: 0x0000000800000000, ArchiveRelocationMode: 0.
Compressed class space mapped at: 0x0000000800c00000-0x0000000840c00000, reserved size: 1073741824
Narrow klass base: 0x0000000800000000, Narrow klass shift: 0, Narrow klass range: 0x100000000

GC Precious Log:
 CPUs: 8 total, 8 available
 Memory: 8192M
 Large Page Support: Disabled
 NUMA Support: Disabled
 Compressed Oops: Enabled (Zero based)
 Heap Region Size: 1M
 Heap Min Capacity: 8M
 Heap Initial Capacity: 128M
 Heap Max Capacity: 2G
 Pre-touch: Disabled
 Parallel Workers: 8
 Concurrent Workers: 2
 Concurrent Refinement Workers: 8
 Periodic GC: Disabled

Heap:
 garbage-first heap   total 133120K, used 27648K [0x0000000780000000, 0x0000000800000000)
  region size 1024K, 26 young (26624K), 3 survivors (3072K)
 Metaspace       used 12767K, committed 12992K, reserved 1064960K
  class space    used 1749K, committed 1856K, reserved 1048576K

Heap Regions: E=young(eden), S=young(survivor), O=old, HS=humongous(starts), HC=humongous(continues), CS=collection set, F=free, OA=open archive, CA=closed archive, TAMS=top-at-mark-start (previous, next)
|   0|0x0000000780000000, 0x0000000780008008, 0x0000000780100000|  3%| O|  |TAMS 0x0000000780000000, 0x0000000780000000| Untracked 
|   1|0x0000000780100000, 0x0000000780200000, 0x0000000780200000|100%|HS|  |TAMS 0x0000000780100000, 0x0000000780100000| Complete 
|   2|0x0000000780200000, 0x0000000780300000, 0x0000000780300000|100%|HC|  |TAMS 0x0000000780200000, 0x0000000780200000| Complete 
|   3|0x0000000780300000, 0x0000000780300000, 0x0000000780400000|  0%| F|  |TAMS 0x0000000780300000, 0x0000000780300000| Untracked 
|   4|0x0000000780400000, 0x0000000780400000, 0x0000000780500000|  0%| F|  |TAMS 0x0000000780400000, 0x0000000780400000| Untracked 
|   5|0x0000000780500000, 0x0000000780500000, 0x0000000780600000|  0%| F|  |TAMS 0x0000000780500000, 0x0000000780500000| Untracked 
|   6|0x0000000780600000, 0x0000000780600000, 0x0000000780700000|  0%| F|  |TAMS 0x0000000780600000, 0x0000000780600000| Untracked 
|   7|0x0000000780700000, 0x0000000780700000, 0x0000000780800000|  0%| F|  |TAMS 0x0000000780700000, 0x0000000780700000| Untracked 
|   8|0x0000000780800000, 0x0000000780800000, 0x0000000780900000|  0%| F|  |TAMS 0x0000000780800000, 0x0000000780800000| Untracked 
|   9|0x0000000780900000, 0x0000000780900000, 0x0000000780a00000|  0%| F|  |TAMS 0x0000000780900000, 0x0000000780900000| Untracked 
|  10|0x0000000780a00000, 0x0000000780a00000, 0x0000000780b00000|  0%| F|  |TAMS 0x0000000780a00000, 0x0000000780a00000| Untracked 
|  11|0x0000000780b00000, 0x0000000780b00000, 0x0000000780c00000|  0%| F|  |TAMS 0x0000000780b00000, 0x0000000780b00000| Untracked 
|  12|0x0000000780c00000, 0x0000000780c00000, 0x0000000780d00000|  0%| F|  |TAMS 0x0000000780c00000, 0x0000000780c00000| Untracked 
|  13|0x0000000780d00000, 0x0000000780d00000, 0x0000000780e00000|  0%| F|  |TAMS 0x0000000780d00000, 0x0000000780d00000| Untracked 
|  14|0x0000000780e00000, 0x0000000780e00000, 0x0000000780f00000|  0%| F|  |TAMS 0x0000000780e00000, 0x0000000780e00000| Untracked 
|  15|0x0000000780f00000, 0x0000000780f00000, 0x0000000781000000|  0%| F|  |TAMS 0x0000000780f00000, 0x0000000780f00000| Untracked 
|  16|0x0000000781000000, 0x0000000781000000, 0x0000000781100000|  0%| F|  |TAMS 0x0000000781000000, 0x0000000781000000| Untracked 
|  17|0x0000000781100000, 0x0000000781100000, 0x0000000781200000|  0%| F|  |TAMS 0x0000000781100000, 0x0000000781100000| Untracked 
|  18|0x0000000781200000, 0x0000000781200000, 0x0000000781300000|  0%| F|  |TAMS 0x0000000781200000, 0x0000000781200000| Untracked 
|  19|0x0000000781300000, 0x0000000781300000, 0x0000000781400000|  0%| F|  |TAMS 0x0000000781300000, 0x0000000781300000| Untracked 
|  20|0x0000000781400000, 0x0000000781400000, 0x0000000781500000|  0%| F|  |TAMS 0x0000000781400000, 0x0000000781400000| Untracked 
|  21|0x0000000781500000, 0x0000000781500000, 0x0000000781600000|  0%| F|  |TAMS 0x0000000781500000, 0x0000000781500000| Untracked 
|  22|0x0000000781600000, 0x0000000781600000, 0x0000000781700000|  0%| F|  |TAMS 0x0000000781600000, 0x0000000781600000| Untracked 
|  23|0x0000000781700000, 0x0000000781700000, 0x0000000781800000|  0%| F|  |TAMS 0x0000000781700000, 0x0000000781700000| Untracked 
|  24|0x0000000781800000, 0x0000000781800000, 0x0000000781900000|  0%| F|  |TAMS 0x0000000781800000, 0x0000000781800000| Untracked 
|  25|0x0000000781900000, 0x0000000781900000, 0x0000000781a00000|  0%| F|  |TAMS 0x0000000781900000, 0x0000000781900000| Untracked 
|  26|0x0000000781a00000, 0x0000000781a00000, 0x0000000781b00000|  0%| F|  |TAMS 0x0000000781a00000, 0x0000000781a00000| Untracked 
|  27|0x0000000781b00000, 0x0000000781b00000, 0x0000000781c00000|  0%| F|  |TAMS 0x0000000781b00000, 0x0000000781b00000| Untracked 
|  28|0x0000000781c00000, 0x0000000781c00000, 0x0000000781d00000|  0%| F|  |TAMS 0x0000000781c00000, 0x0000000781c00000| Untracked 
|  29|0x0000000781d00000, 0x0000000781d00000, 0x0000000781e00000|  0%| F|  |TAMS 0x0000000781d00000, 0x0000000781d00000| Untracked 
|  30|0x0000000781e00000, 0x0000000781e00000, 0x0000000781f00000|  0%| F|  |TAMS 0x0000000781e00000, 0x0000000781e00000| Untracked 
|  31|0x0000000781f00000, 0x0000000781f00000, 0x0000000782000000|  0%| F|  |TAMS 0x0000000781f00000, 0x0000000781f00000| Untracked 
|  32|0x0000000782000000, 0x0000000782000000, 0x0000000782100000|  0%| F|  |TAMS 0x0000000782000000, 0x0000000782000000| Untracked 
|  33|0x0000000782100000, 0x0000000782100000, 0x0000000782200000|  0%| F|  |TAMS 0x0000000782100000, 0x0000000782100000| Untracked 
|  34|0x0000000782200000, 0x0000000782200000, 0x0000000782300000|  0%| F|  |TAMS 0x0000000782200000, 0x0000000782200000| Untracked 
|  35|0x0000000782300000, 0x0000000782300000, 0x0000000782400000|  0%| F|  |TAMS 0x0000000782300000, 0x0000000782300000| Untracked 
|  36|0x0000000782400000, 0x0000000782400000, 0x0000000782500000|  0%| F|  |TAMS 0x0000000782400000, 0x0000000782400000| Untracked 
|  37|0x0000000782500000, 0x0000000782500000, 0x0000000782600000|  0%| F|  |TAMS 0x0000000782500000, 0x0000000782500000| Untracked 
|  38|0x0000000782600000, 0x0000000782600000, 0x0000000782700000|  0%| F|  |TAMS 0x0000000782600000, 0x0000000782600000| Untracked 
|  39|0x0000000782700000, 0x0000000782700000, 0x0000000782800000|  0%| F|  |TAMS 0x0000000782700000, 0x0000000782700000| Untracked 
|  40|0x0000000782800000, 0x0000000782800000, 0x0000000782900000|  0%| F|  |TAMS 0x0000000782800000, 0x0000000782800000| Untracked 
|  41|0x0000000782900000, 0x0000000782900000, 0x0000000782a00000|  0%| F|  |TAMS 0x0000000782900000, 0x0000000782900000| Untracked 
|  42|0x0000000782a00000, 0x0000000782a00000, 0x0000000782b00000|  0%| F|  |TAMS 0x0000000782a00000, 0x0000000782a00000| Untracked 
|  43|0x0000000782b00000, 0x0000000782b00000, 0x0000000782c00000|  0%| F|  |TAMS 0x0000000782b00000, 0x0000000782b00000| Untracked 
|  44|0x0000000782c00000, 0x0000000782c00000, 0x0000000782d00000|  0%| F|  |TAMS 0x0000000782c00000, 0x0000000782c00000| Untracked 
|  45|0x0000000782d00000, 0x0000000782d00000, 0x0000000782e00000|  0%| F|  |TAMS 0x0000000782d00000, 0x0000000782d00000| Untracked 
|  46|0x0000000782e00000, 0x0000000782e00000, 0x0000000782f00000|  0%| F|  |TAMS 0x0000000782e00000, 0x0000000782e00000| Untracked 
|  47|0x0000000782f00000, 0x0000000782f00000, 0x0000000783000000|  0%| F|  |TAMS 0x0000000782f00000, 0x0000000782f00000| Untracked 
|  48|0x0000000783000000, 0x0000000783000000, 0x0000000783100000|  0%| F|  |TAMS 0x0000000783000000, 0x0000000783000000| Untracked 
|  49|0x0000000783100000, 0x0000000783100000, 0x0000000783200000|  0%| F|  |TAMS 0x0000000783100000, 0x0000000783100000| Untracked 
|  50|0x0000000783200000, 0x0000000783200000, 0x0000000783300000|  0%| F|  |TAMS 0x0000000783200000, 0x0000000783200000| Untracked 
|  51|0x0000000783300000, 0x0000000783300000, 0x0000000783400000|  0%| F|  |TAMS 0x0000000783300000, 0x0000000783300000| Untracked 
|  52|0x0000000783400000, 0x0000000783400000, 0x0000000783500000|  0%| F|  |TAMS 0x0000000783400000, 0x0000000783400000| Untracked 
|  53|0x0000000783500000, 0x0000000783500000, 0x0000000783600000|  0%| F|  |TAMS 0x0000000783500000, 0x0000000783500000| Untracked 
|  54|0x0000000783600000, 0x0000000783600000, 0x0000000783700000|  0%| F|  |TAMS 0x0000000783600000, 0x0000000783600000| Untracked 
|  55|0x0000000783700000, 0x0000000783700000, 0x0000000783800000|  0%| F|  |TAMS 0x0000000783700000, 0x0000000783700000| Untracked 
|  56|0x0000000783800000, 0x0000000783800000, 0x0000000783900000|  0%| F|  |TAMS 0x0000000783800000, 0x0000000783800000| Untracked 
|  57|0x0000000783900000, 0x0000000783900000, 0x0000000783a00000|  0%| F|  |TAMS 0x0000000783900000, 0x0000000783900000| Untracked 
|  58|0x0000000783a00000, 0x0000000783a00000, 0x0000000783b00000|  0%| F|  |TAMS 0x0000000783a00000, 0x0000000783a00000| Untracked 
|  59|0x0000000783b00000, 0x0000000783b00000, 0x0000000783c00000|  0%| F|  |TAMS 0x0000000783b00000, 0x0000000783b00000| Untracked 
|  60|0x0000000783c00000, 0x0000000783c00000, 0x0000000783d00000|  0%| F|  |TAMS 0x0000000783c00000, 0x0000000783c00000| Untracked 
|  61|0x0000000783d00000, 0x0000000783d00000, 0x0000000783e00000|  0%| F|  |TAMS 0x0000000783d00000, 0x0000000783d00000| Untracked 
|  62|0x0000000783e00000, 0x0000000783e00000, 0x0000000783f00000|  0%| F|  |TAMS 0x0000000783e00000, 0x0000000783e00000| Untracked 
|  63|0x0000000783f00000, 0x0000000783f00000, 0x0000000784000000|  0%| F|  |TAMS 0x0000000783f00000, 0x0000000783f00000| Untracked 
|  64|0x0000000784000000, 0x0000000784000000, 0x0000000784100000|  0%| F|  |TAMS 0x0000000784000000, 0x0000000784000000| Untracked 
|  65|0x0000000784100000, 0x0000000784100000, 0x0000000784200000|  0%| F|  |TAMS 0x0000000784100000, 0x0000000784100000| Untracked 
|  66|0x0000000784200000, 0x0000000784200000, 0x0000000784300000|  0%| F|  |TAMS 0x0000000784200000, 0x0000000784200000| Untracked 
|  67|0x0000000784300000, 0x0000000784300000, 0x0000000784400000|  0%| F|  |TAMS 0x0000000784300000, 0x0000000784300000| Untracked 
|  68|0x0000000784400000, 0x0000000784400000, 0x0000000784500000|  0%| F|  |TAMS 0x0000000784400000, 0x0000000784400000| Untracked 
|  69|0x0000000784500000, 0x0000000784500000, 0x0000000784600000|  0%| F|  |TAMS 0x0000000784500000, 0x0000000784500000| Untracked 
|  70|0x0000000784600000, 0x0000000784600000, 0x0000000784700000|  0%| F|  |TAMS 0x0000000784600000, 0x0000000784600000| Untracked 
|  71|0x0000000784700000, 0x0000000784700000, 0x0000000784800000|  0%| F|  |TAMS 0x0000000784700000, 0x0000000784700000| Untracked 
|  72|0x0000000784800000, 0x0000000784800000, 0x0000000784900000|  0%| F|  |TAMS 0x0000000784800000, 0x0000000784800000| Untracked 
|  73|0x0000000784900000, 0x0000000784900000, 0x0000000784a00000|  0%| F|  |TAMS 0x0000000784900000, 0x0000000784900000| Untracked 
|  74|0x0000000784a00000, 0x0000000784a00000, 0x0000000784b00000|  0%| F|  |TAMS 0x0000000784a00000, 0x0000000784a00000| Untracked 
|  75|0x0000000784b00000, 0x0000000784b00000, 0x0000000784c00000|  0%| F|  |TAMS 0x0000000784b00000, 0x0000000784b00000| Untracked 
|  76|0x0000000784c00000, 0x0000000784c00000, 0x0000000784d00000|  0%| F|  |TAMS 0x0000000784c00000, 0x0000000784c00000| Untracked 
|  77|0x0000000784d00000, 0x0000000784d00000, 0x0000000784e00000|  0%| F|  |TAMS 0x0000000784d00000, 0x0000000784d00000| Untracked 
|  78|0x0000000784e00000, 0x0000000784e00000, 0x0000000784f00000|  0%| F|  |TAMS 0x0000000784e00000, 0x0000000784e00000| Untracked 
|  79|0x0000000784f00000, 0x0000000784f00000, 0x0000000785000000|  0%| F|  |TAMS 0x0000000784f00000, 0x0000000784f00000| Untracked 
|  80|0x0000000785000000, 0x0000000785000000, 0x0000000785100000|  0%| F|  |TAMS 0x0000000785000000, 0x0000000785000000| Untracked 
|  81|0x0000000785100000, 0x0000000785100000, 0x0000000785200000|  0%| F|  |TAMS 0x0000000785100000, 0x0000000785100000| Untracked 
|  82|0x0000000785200000, 0x0000000785200000, 0x0000000785300000|  0%| F|  |TAMS 0x0000000785200000, 0x0000000785200000| Untracked 
|  83|0x0000000785300000, 0x0000000785300000, 0x0000000785400000|  0%| F|  |TAMS 0x0000000785300000, 0x0000000785300000| Untracked 
|  84|0x0000000785400000, 0x0000000785400000, 0x0000000785500000|  0%| F|  |TAMS 0x0000000785400000, 0x0000000785400000| Untracked 
|  85|0x0000000785500000, 0x0000000785500000, 0x0000000785600000|  0%| F|  |TAMS 0x0000000785500000, 0x0000000785500000| Untracked 
|  86|0x0000000785600000, 0x0000000785600000, 0x0000000785700000|  0%| F|  |TAMS 0x0000000785600000, 0x0000000785600000| Untracked 
|  87|0x0000000785700000, 0x0000000785700000, 0x0000000785800000|  0%| F|  |TAMS 0x0000000785700000, 0x0000000785700000| Untracked 
|  88|0x0000000785800000, 0x0000000785800000, 0x0000000785900000|  0%| F|  |TAMS 0x0000000785800000, 0x0000000785800000| Untracked 
|  89|0x0000000785900000, 0x0000000785900000, 0x0000000785a00000|  0%| F|  |TAMS 0x0000000785900000, 0x0000000785900000| Untracked 
|  90|0x0000000785a00000, 0x0000000785a00000, 0x0000000785b00000|  0%| F|  |TAMS 0x0000000785a00000, 0x0000000785a00000| Untracked 
|  91|0x0000000785b00000, 0x0000000785b00000, 0x0000000785c00000|  0%| F|  |TAMS 0x0000000785b00000, 0x0000000785b00000| Untracked 
|  92|0x0000000785c00000, 0x0000000785c00000, 0x0000000785d00000|  0%| F|  |TAMS 0x0000000785c00000, 0x0000000785c00000| Untracked 
|  93|0x0000000785d00000, 0x0000000785d00000, 0x0000000785e00000|  0%| F|  |TAMS 0x0000000785d00000, 0x0000000785d00000| Untracked 
|  94|0x0000000785e00000, 0x0000000785e00000, 0x0000000785f00000|  0%| F|  |TAMS 0x0000000785e00000, 0x0000000785e00000| Untracked 
|  95|0x0000000785f00000, 0x0000000785f00000, 0x0000000786000000|  0%| F|  |TAMS 0x0000000785f00000, 0x0000000785f00000| Untracked 
|  96|0x0000000786000000, 0x0000000786000000, 0x0000000786100000|  0%| F|  |TAMS 0x0000000786000000, 0x0000000786000000| Untracked 
|  97|0x0000000786100000, 0x0000000786100000, 0x0000000786200000|  0%| F|  |TAMS 0x0000000786100000, 0x0000000786100000| Untracked 
|  98|0x0000000786200000, 0x0000000786200000, 0x0000000786300000|  0%| F|  |TAMS 0x0000000786200000, 0x0000000786200000| Untracked 
|  99|0x0000000786300000, 0x0000000786300000, 0x0000000786400000|  0%| F|  |TAMS 0x0000000786300000, 0x0000000786300000| Untracked 
| 100|0x0000000786400000, 0x0000000786400000, 0x0000000786500000|  0%| F|  |TAMS 0x0000000786400000, 0x0000000786400000| Untracked 
| 101|0x0000000786500000, 0x0000000786500000, 0x0000000786600000|  0%| F|  |TAMS 0x0000000786500000, 0x0000000786500000| Untracked 
| 102|0x0000000786600000, 0x0000000786700000, 0x0000000786700000|100%| S|CS|TAMS 0x0000000786600000, 0x0000000786600000| Complete 
| 103|0x0000000786700000, 0x0000000786800000, 0x0000000786800000|100%| S|CS|TAMS 0x0000000786700000, 0x0000000786700000| Complete 
| 104|0x0000000786800000, 0x0000000786900000, 0x0000000786900000|100%| S|CS|TAMS 0x0000000786800000, 0x0000000786800000| Complete 
| 105|0x0000000786900000, 0x00000007869f51b0, 0x0000000786a00000| 95%| E|  |TAMS 0x0000000786900000, 0x0000000786900000| Complete 
| 106|0x0000000786a00000, 0x0000000786b00000, 0x0000000786b00000|100%| E|CS|TAMS 0x0000000786a00000, 0x0000000786a00000| Complete 
| 107|0x0000000786b00000, 0x0000000786c00000, 0x0000000786c00000|100%| E|CS|TAMS 0x0000000786b00000, 0x0000000786b00000| Complete 
| 108|0x0000000786c00000, 0x0000000786d00000, 0x0000000786d00000|100%| E|CS|TAMS 0x0000000786c00000, 0x0000000786c00000| Complete 
| 109|0x0000000786d00000, 0x0000000786e00000, 0x0000000786e00000|100%| E|CS|TAMS 0x0000000786d00000, 0x0000000786d00000| Complete 
| 110|0x0000000786e00000, 0x0000000786f00000, 0x0000000786f00000|100%| E|  |TAMS 0x0000000786e00000, 0x0000000786e00000| Complete 
| 111|0x0000000786f00000, 0x0000000787000000, 0x0000000787000000|100%| E|CS|TAMS 0x0000000786f00000, 0x0000000786f00000| Complete 
| 112|0x0000000787000000, 0x0000000787100000, 0x0000000787100000|100%| E|CS|TAMS 0x0000000787000000, 0x0000000787000000| Complete 
| 113|0x0000000787100000, 0x0000000787200000, 0x0000000787200000|100%| E|CS|TAMS 0x0000000787100000, 0x0000000787100000| Complete 
| 114|0x0000000787200000, 0x0000000787300000, 0x0000000787300000|100%| E|CS|TAMS 0x0000000787200000, 0x0000000787200000| Complete 
| 115|0x0000000787300000, 0x0000000787400000, 0x0000000787400000|100%| E|CS|TAMS 0x0000000787300000, 0x0000000787300000| Complete 
| 116|0x0000000787400000, 0x0000000787500000, 0x0000000787500000|100%| E|CS|TAMS 0x0000000787400000, 0x0000000787400000| Complete 
| 117|0x0000000787500000, 0x0000000787600000, 0x0000000787600000|100%| E|CS|TAMS 0x0000000787500000, 0x0000000787500000| Complete 
| 118|0x0000000787600000, 0x0000000787700000, 0x0000000787700000|100%| E|CS|TAMS 0x0000000787600000, 0x0000000787600000| Complete 
| 119|0x0000000787700000, 0x0000000787800000, 0x0000000787800000|100%| E|CS|TAMS 0x0000000787700000, 0x0000000787700000| Complete 
| 120|0x0000000787800000, 0x0000000787900000, 0x0000000787900000|100%| E|CS|TAMS 0x0000000787800000, 0x0000000787800000| Complete 
| 121|0x0000000787900000, 0x0000000787a00000, 0x0000000787a00000|100%| E|CS|TAMS 0x0000000787900000, 0x0000000787900000| Complete 
| 122|0x0000000787a00000, 0x0000000787b00000, 0x0000000787b00000|100%| E|CS|TAMS 0x0000000787a00000, 0x0000000787a00000| Complete 
| 123|0x0000000787b00000, 0x0000000787c00000, 0x0000000787c00000|100%| E|CS|TAMS 0x0000000787b00000, 0x0000000787b00000| Complete 
| 124|0x0000000787c00000, 0x0000000787d00000, 0x0000000787d00000|100%| E|CS|TAMS 0x0000000787c00000, 0x0000000787c00000| Complete 
| 125|0x0000000787d00000, 0x0000000787e00000, 0x0000000787e00000|100%| E|CS|TAMS 0x0000000787d00000, 0x0000000787d00000| Complete 
| 126|0x0000000787e00000, 0x0000000787f00000, 0x0000000787f00000|100%| E|CS|TAMS 0x0000000787e00000, 0x0000000787e00000| Complete 
| 127|0x0000000787f00000, 0x0000000788000000, 0x0000000788000000|100%| E|CS|TAMS 0x0000000787f00000, 0x0000000787f00000| Complete 
|2046|0x00000007ffe00000, 0x00000007ffe78000, 0x00000007fff00000| 46%|OA|  |TAMS 0x00000007ffe00000, 0x00000007ffe00000| Untracked 
|2047|0x00000007fff00000, 0x00000007fff80000, 0x0000000800000000| 50%|CA|  |TAMS 0x00000007fff00000, 0x00000007fff00000| Untracked 

Card table byte_map: [0x0000000100980000,0x0000000100d80000] _byte_map_base: 0x00000000fcd80000

Marking Bits (Prev, Next): (CMBitMap*) 0x000000015b00ea10, (CMBitMap*) 0x000000015b00ea50
 Prev Bits: [0x00000001189a4000, 0x000000011a9a4000)
 Next Bits: [0x000000011a9a4000, 0x000000011c9a4000)

Polling page: 0x00000001001d8000

Metaspace:

Usage:
  Non-class:     10.76 MB used.
      Class:      1.71 MB used.
       Both:     12.47 MB used.

Virtual space:
  Non-class space:       16.00 MB reserved,      10.88 MB ( 68%) committed,  2 nodes.
      Class space:        1.00 GB reserved,       1.81 MB ( <1%) committed,  1 nodes.
             Both:        1.02 GB reserved,      12.69 MB (  1%) committed. 

Chunk freelists:
   Non-Class:  1.00 MB
       Class:  2.14 MB
        Both:  3.15 MB

MaxMetaspaceSize: unlimited
CompressedClassSpaceSize: 1.00 GB
Initial GC threshold: 21.00 MB
Current GC threshold: 21.00 MB
CDS: on
MetaspaceReclaimPolicy: balanced
 - commit_granule_bytes: 65536.
 - commit_granule_words: 8192.
 - virtual_space_node_default_size: 1048576.
 - enlarge_chunks_in_place: 1.
 - new_chunks_are_fully_committed: 0.
 - uncommit_free_chunks: 1.
 - use_allocation_guard: 0.
 - handle_deallocations: 1.


Internal statistics:

num_allocs_failed_limit: 0.
num_arena_births: 200.
num_arena_deaths: 0.
num_vsnodes_births: 3.
num_vsnodes_deaths: 0.
num_space_committed: 203.
num_space_uncommitted: 0.
num_chunks_returned_to_freelist: 0.
num_chunks_taken_from_freelist: 581.
num_chunk_merges: 0.
num_chunk_splits: 404.
num_chunks_enlarged: 313.
num_purges: 0.
num_inconsistent_stats: 0.

CodeHeap 'non-profiled nmethods': size=120032Kb used=602Kb max_used=602Kb free=119429Kb
 bounds [0x000000011146c000, 0x00000001116dc000, 0x00000001189a4000]
CodeHeap 'profiled nmethods': size=120016Kb used=2886Kb max_used=2886Kb free=117129Kb
 bounds [0x0000000109f38000, 0x000000010a218000, 0x000000011146c000]
CodeHeap 'non-nmethods': size=5712Kb used=1358Kb max_used=1497Kb free=4353Kb
 bounds [0x00000001099a4000, 0x0000000109c14000, 0x0000000109f38000]
 total_blobs=2289 nmethods=1544 adapters=662
 compilation: enabled
              stopped_count=0, restarted_count=0
 full_count=0

Compilation events (20 events):
Event: 136.545 Thread 0x000000014b00cc00 1572       1       javafx.scene.layout.CornerRadii::getTopLeftVerticalRadius (5 bytes)
Event: 136.545 Thread 0x000000014b00cc00 nmethod 1572 0x00000001114fed90 code [0x00000001114fef00, 0x00000001114fefe8]
Event: 136.546 Thread 0x000000014b00cc00 1573       1       com.sun.prism.impl.BaseTexture::getWrapMode (5 bytes)
Event: 136.546 Thread 0x000000014b00cc00 nmethod 1573 0x00000001114ff090 code [0x00000001114ff200, 0x00000001114ff2e8]
Event: 136.546 Thread 0x000000014b00cc00 1574       1       com.sun.javafx.geom.transform.AffineBase::getMxx (5 bytes)
Event: 136.546 Thread 0x000000014b00cc00 nmethod 1574 0x00000001114ff390 code [0x00000001114ff500, 0x00000001114ff5e8]
Event: 136.546 Thread 0x000000014b00cc00 1575       1       com.sun.prism.impl.BaseContext::getVertexBuffer (5 bytes)
Event: 136.546 Thread 0x000000014b00cc00 nmethod 1575 0x00000001114ff690 code [0x00000001114ff800, 0x00000001114ff8e8]
Event: 136.546 Thread 0x000000014b00cc00 1576       3       com.sun.prism.es2.GLContext::getBoundTexture (10 bytes)
Event: 136.546 Thread 0x000000014b00cc00 nmethod 1576 0x000000010a1fec90 code [0x000000010a1fee40, 0x000000010a1fefa8]
Event: 136.699 Thread 0x000000014b00cc00 1577       3       com.sun.javafx.scene.NodeHelper::getSubScene (10 bytes)
Event: 136.700 Thread 0x000000014b00cc00 nmethod 1577 0x000000010a1ff090 code [0x000000010a1ff240, 0x000000010a1ff428]
Event: 136.700 Thread 0x000000014b00cc00 1578       3       javafx.scene.Node$1::getSubScene (5 bytes)
Event: 136.700 Thread 0x000000014b00cc00 nmethod 1578 0x000000010a1ff590 code [0x000000010a1ff740, 0x000000010a1ff8a8]
Event: 136.700 Thread 0x000000014b00cc00 1579       3       com.sun.javafx.event.EventDispatchChainImpl::dispatchEvent (101 bytes)
Event: 136.700 Thread 0x000000014b00cc00 nmethod 1579 0x000000010a1ff990 code [0x000000010a1ffb40, 0x000000010a1ffe98]
Event: 136.701 Thread 0x000000014b00cc00 1580       3       java.util.WeakHashMap$HashIterator::<init> (41 bytes)
Event: 136.701 Thread 0x000000014b00cc00 nmethod 1580 0x000000010a200010 code [0x000000010a200200, 0x000000010a200658]
Event: 136.701 Thread 0x000000014b00cc00 1581       1       javafx.css.StyleableObjectProperty::getStyleOrigin (5 bytes)
Event: 136.701 Thread 0x000000014b00cc00 nmethod 1581 0x00000001114ff990 code [0x00000001114ffb00, 0x00000001114ffbe8]

GC Heap History (2 events):
Event: 0.330 GC heap before
{Heap before GC invocations=0 (full 0):
 garbage-first heap   total 133120K, used 23520K [0x0000000780000000, 0x0000000800000000)
  region size 1024K, 23 young (23552K), 0 survivors (0K)
 Metaspace       used 7376K, committed 7552K, reserved 1056768K
  class space    used 958K, committed 1024K, reserved 1048576K
}
Event: 0.332 GC heap after
{Heap after GC invocations=1 (full 0):
 garbage-first heap   total 133120K, used 4096K [0x0000000780000000, 0x0000000800000000)
  region size 1024K, 3 young (3072K), 3 survivors (3072K)
 Metaspace       used 7376K, committed 7552K, reserved 1056768K
  class space    used 958K, committed 1024K, reserved 1048576K
}

Deoptimization events (20 events):
Event: 0.592 Thread 0x000000014a81a000 DEOPT PACKING pc=0x00000001114aa768 sp=0x0000000172835330
Event: 0.592 Thread 0x000000014a81a000 DEOPT UNPACKING pc=0x00000001099e2d1c sp=0x00000001728352c0 mode 2
Event: 1.174 Thread 0x000000015ae49600 Uncommon trap: trap_request=0xffffff45 fr.pc=0x000000011147d3c4 relative=0x0000000000000104
Event: 1.174 Thread 0x000000015ae49600 Uncommon trap: reason=unstable_if action=reinterpret pc=0x000000011147d3c4 method=java.lang.StringLatin1.lastIndexOf([BI[BII)I @ 86 c2
Event: 1.174 Thread 0x000000015ae49600 DEOPT PACKING pc=0x000000011147d3c4 sp=0x00000001740e98b0
Event: 1.174 Thread 0x000000015ae49600 DEOPT UNPACKING pc=0x00000001099e2d1c sp=0x00000001740e9810 mode 2
Event: 1.875 Thread 0x000000014a81a000 DEOPT PACKING pc=0x000000010a1aa074 sp=0x00000001728354b0
Event: 1.875 Thread 0x000000014a81a000 DEOPT UNPACKING pc=0x00000001099e2b7c sp=0x0000000172835110 mode 0
Event: 1.876 Thread 0x000000014a81a000 DEOPT PACKING pc=0x000000010a1aa074 sp=0x00000001728354b0
Event: 1.876 Thread 0x000000014a81a000 DEOPT UNPACKING pc=0x00000001099e2b7c sp=0x0000000172835110 mode 0
Event: 1.903 Thread 0x000000014a81a000 DEOPT PACKING pc=0x000000010a1aa074 sp=0x00000001728354b0
Event: 1.903 Thread 0x000000014a81a000 DEOPT UNPACKING pc=0x00000001099e2b7c sp=0x0000000172835110 mode 0
Event: 1.904 Thread 0x000000014a81a000 DEOPT PACKING pc=0x000000010a1aa074 sp=0x00000001728354b0
Event: 1.904 Thread 0x000000014a81a000 DEOPT UNPACKING pc=0x00000001099e2b7c sp=0x0000000172835110 mode 0
Event: 132.102 Thread 0x000000014a81a000 DEOPT PACKING pc=0x000000010a1aa04c sp=0x00000001728354b0
Event: 132.102 Thread 0x000000014a81a000 DEOPT UNPACKING pc=0x00000001099e2b7c sp=0x0000000172835110 mode 0
Event: 132.104 Thread 0x000000014a81a000 DEOPT PACKING pc=0x000000010a1aa074 sp=0x00000001728354b0
Event: 132.104 Thread 0x000000014a81a000 DEOPT UNPACKING pc=0x00000001099e2b7c sp=0x0000000172835110 mode 0
Event: 132.105 Thread 0x000000014a81a000 DEOPT PACKING pc=0x000000010a1aa04c sp=0x00000001728354b0
Event: 132.105 Thread 0x000000014a81a000 DEOPT UNPACKING pc=0x00000001099e2b7c sp=0x0000000172835110 mode 0

Classes unloaded (0 events):
No events

Classes redefined (0 events):
No events

Internal exceptions (20 events):
Event: 0.293 Thread 0x000000014b031c00 Exception <a 'sun/nio/fs/UnixException'{0x0000000786edc8d0}> (0x0000000786edc8d0) 
thrown [open/src/hotspot/share/prims/jni.cpp, line 516]
Event: 0.313 Thread 0x000000014b031c00 Exception <a 'java/lang/NoSuchMethodError'{0x0000000786b79078}: 'java.lang.Object java.lang.invoke.DirectMethodHandle$Holder.invokeStaticInit(java.lang.Object, java.lang.Object, java.lang.Object, java.lang.Object)'> (0x0000000786b79078) 
thrown [open/src/hotspot/share/interpreter/linkResolver.cpp, line 766]
Event: 0.313 Thread 0x000000014b031c00 Exception <a 'java/lang/NullPointerException'{0x0000000786b851f0}> (0x0000000786b851f0) 
thrown [open/src/hotspot/share/interpreter/linkResolver.cpp, line 1357]
Event: 0.322 Thread 0x000000014b031c00 Exception <a 'java/lang/NoSuchMethodError'{0x000000078690fcb0}: 'java.lang.Object java.lang.invoke.DirectMethodHandle$Holder.invokeSpecial(java.lang.Object, java.lang.Object, java.lang.Object, int, java.lang.Object)'> (0x000000078690fcb0) 
thrown [open/src/hotspot/share/interpreter/linkResolver.cpp, line 766]
Event: 0.364 Thread 0x000000014b031c00 Exception <a 'java/lang/NoSuchMethodError'{0x0000000787a80170}: 'void java.lang.invoke.DirectMethodHandle$Holder.invokeStaticInit(java.lang.Object, java.lang.Object)'> (0x0000000787a80170) 
thrown [open/src/hotspot/share/interpreter/linkResolver.cpp, line 766]
Event: 0.366 Thread 0x000000014b031c00 Exception <a 'java/lang/NoSuchMethodError'{0x0000000787ab5ae0}: 'void java.lang.invoke.DirectMethodHandle$Holder.invokeSpecial(java.lang.Object, java.lang.Object, java.lang.Object, java.lang.Object, java.lang.Object)'> (0x0000000787ab5ae0) 
thrown [open/src/hotspot/share/interpreter/linkResolver.cpp, line 766]
Event: 0.376 Thread 0x000000014b031c00 Exception <a 'sun/nio/fs/UnixException'{0x0000000787845be0}> (0x0000000787845be0) 
thrown [open/src/hotspot/share/prims/jni.cpp, line 516]
Event: 0.388 Thread 0x000000014b031c00 Implicit null exception at 0x00000001114b6314 to 0x00000001114b669c
Event: 0.425 Thread 0x000000014b031c00 Implicit null exception at 0x00000001114b2554 to 0x00000001114b28a8
Event: 0.490 Thread 0x000000014b031c00 Exception <a 'java/lang/NoSuchMethodError'{0x0000000787215160}: 'java.lang.Object java.lang.invoke.DirectMethodHandle$Holder.invokeInterface(java.lang.Object, java.lang.Object, java.lang.Object)'> (0x0000000787215160) 
thrown [open/src/hotspot/share/interpreter/linkResolver.cpp, line 766]
Event: 0.490 Thread 0x000000014b031c00 Exception <a 'java/lang/IncompatibleClassChangeError'{0x0000000787218ae8}: Found class java.lang.Object, but interface was expected> (0x0000000787218ae8) 
thrown [open/src/hotspot/share/interpreter/linkResolver.cpp, line 833]
Event: 0.515 Thread 0x000000014b031c00 Exception <a 'java/lang/NoSuchMethodError'{0x0000000787003160}: 'java.lang.Object java.lang.invoke.DirectMethodHandle$Holder.newInvokeSpecial(java.lang.Object, java.lang.Object, int)'> (0x0000000787003160) 
thrown [open/src/hotspot/share/interpreter/linkResolver.cpp, line 766]
Event: 0.552 Thread 0x000000014a81a000 Exception <a 'java/lang/NoSuchMethodError'{0x0000000786f66dc0}: 'int java.lang.invoke.DirectMethodHandle$Holder.invokeStaticInit(java.lang.Object, java.lang.Object)'> (0x0000000786f66dc0) 
thrown [open/src/hotspot/share/interpreter/linkResolver.cpp, line 766]
Event: 1.846 Thread 0x000000014b031c00 Exception <a 'java/lang/NoSuchMethodError'{0x0000000786a78e88}: 'java.lang.Object java.lang.invoke.DirectMethodHandle$Holder.newInvokeSpecial(java.lang.Object, java.lang.Object, int, int, int, int, int, java.lang.Object)'> (0x0000000786a78e88) 
thrown [open/src/hotspot/share/interpreter/linkResolver.cpp, line 766]
Event: 1.847 Thread 0x000000014b031c00 Exception <a 'java/lang/NoSuchMethodError'{0x0000000786a8c270}: 'java.lang.Object java.lang.invoke.DirectMethodHandle$Holder.newInvokeSpecial(java.lang.Object, java.lang.Object, java.lang.Object, int, int, int, int, int)'> (0x0000000786a8c270) 
thrown [open/src/hotspot/share/interpreter/linkResolver.cpp, line 766]
Event: 1.848 Thread 0x000000014b031c00 Exception <a 'java/lang/NoSuchMethodError'{0x0000000786a93ad0}: 'java.lang.Object java.lang.invoke.Invokers$Holder.linkToTargetMethod(java.lang.Object, java.lang.Object, int, int, int, int, int, java.lang.Object)'> (0x0000000786a93ad0) 
thrown [open/src/hotspot/share/interpreter/linkResolver.cpp, line 766]
Event: 1.866 Thread 0x000000014b031c00 Exception <a 'java/lang/NoSuchMethodError'{0x0000000786aabc98}: 'long java.lang.invoke.DirectMethodHandle$Holder.invokeStatic(java.lang.Object, java.lang.Object, java.lang.Object)'> (0x0000000786aabc98) 
thrown [open/src/hotspot/share/interpreter/linkResolver.cpp, line 766]
Event: 1.867 Thread 0x000000014b031c00 Exception <a 'java/lang/NoSuchMethodError'{0x0000000786aaf440}: 'long java.lang.invoke.DirectMethodHandle$Holder.invokeStaticInit(java.lang.Object, java.lang.Object, java.lang.Object)'> (0x0000000786aaf440) 
thrown [open/src/hotspot/share/interpreter/linkResolver.cpp, line 766]
Event: 1.869 Thread 0x000000014b031c00 Exception <a 'java/lang/NoSuchMethodError'{0x0000000786ac7048}: 'java.lang.Object java.lang.invoke.DirectMethodHandle$Holder.newInvokeSpecial(java.lang.Object, java.lang.Object, long)'> (0x0000000786ac7048) 
thrown [open/src/hotspot/share/interpreter/linkResolver.cpp, line 766]
Event: 1.869 Thread 0x000000014b031c00 Exception <a 'java/lang/NoSuchMethodError'{0x0000000786aca910}: 'java.lang.Object java.lang.invoke.Invokers$Holder.linkToTargetMethod(java.lang.Object, long, java.lang.Object)'> (0x0000000786aca910) 
thrown [open/src/hotspot/share/interpreter/linkResolver.cpp, line 766]

VM Operations (20 events):
Event: 0.165 Executing VM operation: ICBufferFull
Event: 0.165 Executing VM operation: ICBufferFull done
Event: 0.325 Executing VM operation: HandshakeAllThreads
Event: 0.325 Executing VM operation: HandshakeAllThreads done
Event: 0.330 Executing VM operation: G1CollectForAllocation
Event: 0.332 Executing VM operation: G1CollectForAllocation done
Event: 0.345 Executing VM operation: HandshakeAllThreads
Event: 0.345 Executing VM operation: HandshakeAllThreads done
Event: 0.361 Executing VM operation: ICBufferFull
Event: 0.361 Executing VM operation: ICBufferFull done
Event: 0.481 Executing VM operation: HandshakeAllThreads
Event: 0.481 Executing VM operation: HandshakeAllThreads done
Event: 0.551 Executing VM operation: ICBufferFull
Event: 0.551 Executing VM operation: ICBufferFull done
Event: 0.551 Executing VM operation: ICBufferFull
Event: 0.551 Executing VM operation: ICBufferFull done
Event: 2.059 Executing VM operation: Cleanup
Event: 2.059 Executing VM operation: Cleanup done
Event: 132.599 Executing VM operation: Cleanup
Event: 132.599 Executing VM operation: Cleanup done

Events (20 events):
Event: 1.174 loading class sun/util/resources/cldr/TimeZoneNames_en_US
Event: 1.174 loading class sun/util/resources/cldr/TimeZoneNames_en_US done
Event: 1.176 loading class sun/util/resources/TimeZoneNames
Event: 1.176 loading class sun/util/resources/TimeZoneNames done
Event: 1.177 loading class sun/util/resources/TimeZoneNames_en
Event: 1.177 loading class sun/util/resources/TimeZoneNames_en done
Event: 1.381 Protecting memory [0x0000000172a4c000,0x0000000172a58000] with protection modes 0
Event: 1.381 Thread 0x000000014b37a000 Thread added: 0x000000014b37a000
Event: 1.665 Protecting memory [0x0000000172a4c000,0x0000000172a58000] with protection modes 3
Event: 1.665 Thread 0x000000014b37a000 Thread exited: 0x000000014b37a000
Event: 1.865 Protecting memory [0x0000000172a4c000,0x0000000172a58000] with protection modes 0
Event: 1.865 Thread 0x000000014b37a000 Thread added: 0x000000014b37a000
Event: 2.631 Protecting memory [0x0000000172a4c000,0x0000000172a58000] with protection modes 3
Event: 2.632 Thread 0x000000014b37a000 Thread exited: 0x000000014b37a000
Event: 132.101 Protecting memory [0x0000000172a4c000,0x0000000172a58000] with protection modes 0
Event: 132.101 Thread 0x000000015ae5c200 Thread added: 0x000000015ae5c200
Event: 132.552 Protecting memory [0x0000000172a4c000,0x0000000172a58000] with protection modes 3
Event: 132.552 Thread 0x000000015ae5c200 Thread exited: 0x000000015ae5c200
Event: 136.535 Protecting memory [0x0000000172a4c000,0x0000000172a58000] with protection modes 0
Event: 136.535 Thread 0x000000012200b400 Thread added: 0x000000012200b400


Dynamic libraries:
0x0000000100188000 	/Users/southrussian/Library/Java/JavaVirtualMachines/openjdk-17.0.2/Contents/Home/lib/libjli.dylib
0x00000001aee6f000 	/usr/lib/libz.1.dylib
0x00000001aef1f000 	/usr/lib/libSystem.B.dylib
0x00000001aef19000 	/usr/lib/system/libcache.dylib
0x00000001aeed7000 	/usr/lib/system/libcommonCrypto.dylib
0x00000001aef00000 	/usr/lib/system/libcompiler_rt.dylib
0x00000001aeef7000 	/usr/lib/system/libcopyfile.dylib
0x00000001a4262000 	/usr/lib/system/libcorecrypto.dylib
0x00000001a4307000 	/usr/lib/system/libdispatch.dylib
0x00000001a44cf000 	/usr/lib/system/libdyld.dylib
0x00000001aef0f000 	/usr/lib/system/libkeymgr.dylib
0x00000001aeeb9000 	/usr/lib/system/libmacho.dylib
0x00000001ae5bd000 	/usr/lib/system/libquarantine.dylib
0x00000001aef0c000 	/usr/lib/system/libremovefile.dylib
0x00000001a965e000 	/usr/lib/system/libsystem_asl.dylib
0x00000001a420c000 	/usr/lib/system/libsystem_blocks.dylib
0x00000001a438d000 	/usr/lib/system/libsystem_c.dylib
0x00000001aef04000 	/usr/lib/system/libsystem_collections.dylib
0x00000001ada7c000 	/usr/lib/system/libsystem_configuration.dylib
0x00000001acd00000 	/usr/lib/system/libsystem_containermanager.dylib
0x00000001aec20000 	/usr/lib/system/libsystem_coreservices.dylib
0x00000001a6bf3000 	/usr/lib/system/libsystem_darwin.dylib
0x00000001aef10000 	/usr/lib/system/libsystem_dnssd.dylib
0x00000001a438a000 	/usr/lib/system/libsystem_featureflags.dylib
0x00000001a44e4000 	/usr/lib/system/libsystem_info.dylib
0x00000001aee81000 	/usr/lib/system/libsystem_m.dylib
0x00000001a42dc000 	/usr/lib/system/libsystem_malloc.dylib
0x00000001a95ef000 	/usr/lib/system/libsystem_networkextension.dylib
0x00000001a7047000 	/usr/lib/system/libsystem_notify.dylib
0x00000001b5125000 	/usr/lib/system/libsystem_product_info_filter.dylib
0x00000001ada81000 	/usr/lib/system/libsystem_sandbox.dylib
0x00000001aef09000 	/usr/lib/system/libsystem_secinit.dylib
0x00000001a448c000 	/usr/lib/system/libsystem_kernel.dylib
0x00000001a44dc000 	/usr/lib/system/libsystem_platform.dylib
0x00000001a44c2000 	/usr/lib/system/libsystem_pthread.dylib
0x00000001aad98000 	/usr/lib/system/libsystem_symptoms.dylib
0x00000001a4248000 	/usr/lib/system/libsystem_trace.dylib
0x00000001aeee4000 	/usr/lib/system/libunwind.dylib
0x00000001a420e000 	/usr/lib/system/libxpc.dylib
0x00000001a4472000 	/usr/lib/libc++abi.dylib
0x00000001a434e000 	/usr/lib/libobjc.A.dylib
0x00000001aeeef000 	/usr/lib/liboah.dylib
0x00000001a440e000 	/usr/lib/libc++.1.dylib
0x00000001bab20000 	/System/Library/Frameworks/Cocoa.framework/Versions/A/Cocoa
0x00000001a70a7000 	/System/Library/Frameworks/AppKit.framework/Versions/C/AppKit
0x00000001aa5d7000 	/System/Library/Frameworks/CoreData.framework/Versions/A/CoreData
0x00000001a5404000 	/System/Library/Frameworks/Foundation.framework/Versions/C/Foundation
0x00000001a7f5b000 	/System/Library/PrivateFrameworks/UIFoundation.framework/Versions/A/UIFoundation
0x00000001b4e1f000 	/System/Library/PrivateFrameworks/RemoteViewServices.framework/Versions/A/RemoteViewServices
0x00000001ad43a000 	/System/Library/PrivateFrameworks/XCTTargetBootstrap.framework/Versions/A/XCTTargetBootstrap
0x00000001b0c20000 	/System/Library/PrivateFrameworks/InternationalSupport.framework/Versions/A/InternationalSupport
0x00000001b0ca9000 	/System/Library/PrivateFrameworks/UserActivity.framework/Versions/A/UserActivity
0x00000001b014e000 	/usr/lib/libspindump.dylib
0x00000001a81cb000 	/System/Library/Frameworks/UniformTypeIdentifiers.framework/Versions/A/UniformTypeIdentifiers
0x00000001ab9c7000 	/usr/lib/libapp_launch_measurement.dylib
0x00000001aaf3f000 	/System/Library/PrivateFrameworks/CoreAnalytics.framework/Versions/A/CoreAnalytics
0x00000001ab9ca000 	/System/Library/PrivateFrameworks/CoreAutoLayout.framework/Versions/A/CoreAutoLayout
0x00000001acd3d000 	/System/Library/Frameworks/Metal.framework/Versions/A/Metal
0x00000001ada8c000 	/usr/lib/liblangid.dylib
0x00000001ad43e000 	/System/Library/PrivateFrameworks/CoreSVG.framework/Versions/A/CoreSVG
0x00000001a9692000 	/System/Library/PrivateFrameworks/SkyLight.framework/Versions/A/SkyLight
0x00000001a9a5c000 	/System/Library/Frameworks/CoreGraphics.framework/Versions/A/CoreGraphics
0x00000001b549c000 	/System/Library/Frameworks/Accelerate.framework/Versions/A/Accelerate
0x00000001afbc2000 	/System/Library/PrivateFrameworks/IconServices.framework/Versions/A/IconServices
0x00000001acd1f000 	/System/Library/Frameworks/IOSurface.framework/Versions/A/IOSurface
0x00000001aaf6f000 	/usr/lib/libDiagnosticMessagesClient.dylib
0x00000001b88e3000 	/System/Library/Frameworks/ApplicationServices.framework/Versions/A/ApplicationServices
0x00000001ad422000 	/System/Library/PrivateFrameworks/DFRFoundation.framework/Versions/A/DFRFoundation
0x00000001a6948000 	/usr/lib/libicucore.A.dylib
0x00000001b1a21000 	/System/Library/Frameworks/AudioToolbox.framework/Versions/A/AudioToolbox
0x00000001b0c2c000 	/System/Library/PrivateFrameworks/DataDetectorsCore.framework/Versions/A/DataDetectorsCore
0x00000001c6d5e000 	/System/Library/PrivateFrameworks/TextInput.framework/Versions/A/TextInput
0x00000001a9609000 	/usr/lib/libMobileGestalt.dylib
0x00000001ad0f2000 	/System/Library/Frameworks/Carbon.framework/Versions/A/Frameworks/HIToolbox.framework/Versions/A/HIToolbox
0x00000001ab3d0000 	/System/Library/Frameworks/QuartzCore.framework/Versions/A/QuartzCore
0x00000001a65c5000 	/System/Library/Frameworks/Security.framework/Versions/A/Security
0x00000001b4e5f000 	/System/Library/Frameworks/Carbon.framework/Versions/A/Frameworks/SpeechRecognition.framework/Versions/A/SpeechRecognition
0x00000001ab71e000 	/System/Library/PrivateFrameworks/CoreUI.framework/Versions/A/CoreUI
0x00000001a5e96000 	/System/Library/Frameworks/CoreAudio.framework/Versions/A/CoreAudio
0x00000001ab063000 	/System/Library/Frameworks/DiskArbitration.framework/Versions/A/DiskArbitration
0x00000001b0533000 	/System/Library/PrivateFrameworks/MultitouchSupport.framework/Versions/A/MultitouchSupport
0x00000001a9607000 	/usr/lib/libenergytrace.dylib
0x00000001a6f71000 	/System/Library/Frameworks/IOKit.framework/Versions/A/IOKit
0x00000001b5248000 	/System/Library/Frameworks/CoreServices.framework/Versions/A/CoreServices
0x00000001ab957000 	/System/Library/PrivateFrameworks/PerformanceAnalysis.framework/Versions/A/PerformanceAnalysis
0x00000002058d1000 	/System/Library/Frameworks/OpenGL.framework/Versions/A/OpenGL
0x00000001ae4dd000 	/System/Library/PrivateFrameworks/MobileKeyBag.framework/Versions/A/MobileKeyBag
0x00000001aa06c000 	/System/Library/Frameworks/ColorSync.framework/Versions/A/ColorSync
0x00000001a4510000 	/System/Library/Frameworks/CoreFoundation.framework/Versions/A/CoreFoundation
0x00000001ad6bf000 	/System/Library/Frameworks/CoreImage.framework/Versions/A/CoreImage
0x00000001a5cb9000 	/System/Library/Frameworks/CoreText.framework/Versions/A/CoreText
0x00000001ad46e000 	/System/Library/Frameworks/ImageIO.framework/Versions/A/ImageIO
0x00000001aef25000 	/System/Library/PrivateFrameworks/SoftLinking.framework/Versions/A/SoftLinking
0x00000001aba14000 	/usr/lib/libxml2.2.dylib
0x00000001af1be000 	/usr/lib/libcompression.dylib
0x00000001b0b79000 	/System/Library/PrivateFrameworks/TextureIO.framework/Versions/A/TextureIO
0x00000001af8dc000 	/usr/lib/libate.dylib
0x00000001af7a4000 	/usr/lib/liblzma.5.dylib
0x00000001a50f8000 	/System/Library/Frameworks/SystemConfiguration.framework/Versions/A/SystemConfiguration
0x00000001aef21000 	/usr/lib/libfakelink.dylib
0x00000001a9136000 	/System/Library/Frameworks/CFNetwork.framework/Versions/A/CFNetwork
0x00000001af068000 	/usr/lib/libarchive.2.dylib
0x00000001ada88000 	/System/Library/PrivateFrameworks/AppleSystemInfo.framework/Versions/A/AppleSystemInfo
0x00000001ae5e8000 	/usr/lib/libbsm.0.dylib
0x00000001a866e000 	/usr/lib/libnetwork.dylib
0x00000001aeebf000 	/usr/lib/system/libkxld.dylib
0x00000001ae1ff000 	/System/Library/PrivateFrameworks/IOMobileFramebuffer.framework/Versions/A/IOMobileFramebuffer
0x0000000221636000 	/usr/lib/libCoreEntitlements.dylib
0x00000001aec02000 	/System/Library/PrivateFrameworks/AppleFSCompression.framework/Versions/A/AppleFSCompression
0x00000001ae5d0000 	/usr/lib/libcoretls.dylib
0x00000001af7bd000 	/usr/lib/libcoretls_cfhelpers.dylib
0x00000001af1b9000 	/usr/lib/libpam.2.dylib
0x00000001aa9c0000 	/usr/lib/libsqlite3.dylib
0x00000001af825000 	/usr/lib/libxar.1.dylib
0x00000001aec13000 	/usr/lib/libbz2.1.0.dylib
0x00000001aef26000 	/usr/lib/libpcap.A.dylib
0x00000001aad8f000 	/usr/lib/libdns_services.dylib
0x00000001af18c000 	/usr/lib/libapple_nghttp2.dylib
0x00000001aef63000 	/usr/lib/libiconv.2.dylib
0x00000001aeeb8000 	/usr/lib/libcharset.1.dylib
0x00000001ab993000 	/System/Library/Frameworks/CoreServices.framework/Versions/A/Frameworks/FSEvents.framework/Versions/A/FSEvents
0x00000001a6bfe000 	/System/Library/Frameworks/CoreServices.framework/Versions/A/Frameworks/CarbonCore.framework/Versions/A/CarbonCore
0x00000001aafc6000 	/System/Library/Frameworks/CoreServices.framework/Versions/A/Frameworks/Metadata.framework/Versions/A/Metadata
0x00000001aec26000 	/System/Library/Frameworks/CoreServices.framework/Versions/A/Frameworks/OSServices.framework/Versions/A/OSServices
0x00000001af0ee000 	/System/Library/Frameworks/CoreServices.framework/Versions/A/Frameworks/SearchKit.framework/Versions/A/SearchKit
0x00000001aad1d000 	/System/Library/Frameworks/CoreServices.framework/Versions/A/Frameworks/AE.framework/Versions/A/AE
0x00000001a4a54000 	/System/Library/Frameworks/CoreServices.framework/Versions/A/Frameworks/LaunchServices.framework/Versions/A/LaunchServices
0x00000001af74d000 	/System/Library/Frameworks/CoreServices.framework/Versions/A/Frameworks/DictionaryServices.framework/Versions/A/DictionaryServices
0x00000001ab9a0000 	/System/Library/Frameworks/CoreServices.framework/Versions/A/Frameworks/SharedFileList.framework/Versions/A/SharedFileList
0x00000001ae5c0000 	/usr/lib/libCheckFix.dylib
0x00000001a9676000 	/System/Library/PrivateFrameworks/TCC.framework/Versions/A/TCC
0x00000001ada8e000 	/System/Library/PrivateFrameworks/CoreNLP.framework/Versions/A/CoreNLP
0x00000001aaf72000 	/System/Library/PrivateFrameworks/MetadataUtilities.framework/Versions/A/MetadataUtilities
0x00000001a51b1000 	/usr/lib/libmecabra.dylib
0x00000001ae5f9000 	/usr/lib/libmecab.dylib
0x00000001a517d000 	/usr/lib/libCRFSuite.dylib
0x00000001ae657000 	/usr/lib/libgermantok.dylib
0x00000001af165000 	/usr/lib/libThaiTokenizer.dylib
0x00000001ab06b000 	/System/Library/Frameworks/Accelerate.framework/Versions/A/Frameworks/vImage.framework/Versions/A/vImage
0x00000001b521f000 	/System/Library/Frameworks/Accelerate.framework/Versions/A/Frameworks/vecLib.framework/Versions/A/vecLib
0x00000001af869000 	/System/Library/Frameworks/Accelerate.framework/Versions/A/Frameworks/vecLib.framework/Versions/A/libvMisc.dylib
0x00000001ae109000 	/System/Library/Frameworks/Accelerate.framework/Versions/A/Frameworks/vecLib.framework/Versions/A/libvDSP.dylib
0x00000001a4dd7000 	/System/Library/Frameworks/Accelerate.framework/Versions/A/Frameworks/vecLib.framework/Versions/A/libBLAS.dylib
0x00000001af28d000 	/System/Library/Frameworks/Accelerate.framework/Versions/A/Frameworks/vecLib.framework/Versions/A/libLAPACK.dylib
0x00000001ae65a000 	/System/Library/Frameworks/Accelerate.framework/Versions/A/Frameworks/vecLib.framework/Versions/A/libLinearAlgebra.dylib
0x00000001af1a4000 	/System/Library/Frameworks/Accelerate.framework/Versions/A/Frameworks/vecLib.framework/Versions/A/libSparseBLAS.dylib
0x00000001af288000 	/System/Library/Frameworks/Accelerate.framework/Versions/A/Frameworks/vecLib.framework/Versions/A/libQuadrature.dylib
0x00000001adb85000 	/System/Library/Frameworks/Accelerate.framework/Versions/A/Frameworks/vecLib.framework/Versions/A/libBNNS.dylib
0x00000001a5095000 	/System/Library/Frameworks/Accelerate.framework/Versions/A/Frameworks/vecLib.framework/Versions/A/libSparse.dylib
0x00000001adb7d000 	/System/Library/PrivateFrameworks/LinguisticData.framework/Versions/A/LinguisticData
0x00000001a504b000 	/System/Library/PrivateFrameworks/Lexicon.framework/Versions/A/Lexicon
0x00000001af861000 	/usr/lib/libChineseTokenizer.dylib
0x00000001a57f2000 	/System/Library/PrivateFrameworks/LanguageModeling.framework/Versions/A/LanguageModeling
0x00000001af167000 	/System/Library/PrivateFrameworks/AppleSauce.framework/Versions/A/AppleSauce
0x00000001ae1ec000 	/System/Library/PrivateFrameworks/CoreEmoji.framework/Versions/A/CoreEmoji
0x00000001af056000 	/usr/lib/libcmph.dylib
0x00000001ab973000 	/System/Library/Frameworks/OpenDirectory.framework/Versions/A/Frameworks/CFOpenDirectory.framework/Versions/A/CFOpenDirectory
0x00000001ab963000 	/System/Library/Frameworks/OpenDirectory.framework/Versions/A/OpenDirectory
0x00000001af7bf000 	/System/Library/PrivateFrameworks/APFS.framework/Versions/A/APFS
0x00000001ae518000 	/System/Library/Frameworks/SecurityFoundation.framework/Versions/A/SecurityFoundation
0x00000001af833000 	/usr/lib/libutil.dylib
0x00000001a6f33000 	/System/Library/PrivateFrameworks/CoreServicesStore.framework/Versions/A/CoreServicesStore
0x00000001af837000 	/usr/lib/libxslt.1.dylib
0x00000001ae5ac000 	/System/Library/PrivateFrameworks/BackgroundTaskManagement.framework/Versions/A/BackgroundTaskManagement
0x00000001b0a9a000 	/System/Library/Frameworks/ImageIO.framework/Versions/A/Resources/libRadiance.dylib
0x00000001b0aa3000 	/System/Library/Frameworks/ImageIO.framework/Versions/A/Resources/libJPEG.dylib
0x00000001b09f5000 	/System/Library/Frameworks/ImageIO.framework/Versions/A/Resources/libPng.dylib
0x00000001b0a17000 	/System/Library/Frameworks/ImageIO.framework/Versions/A/Resources/libTIFF.dylib
0x00000001b0afe000 	/System/Library/Frameworks/ImageIO.framework/Versions/A/Resources/libGIF.dylib
0x00000001b0443000 	/System/Library/Frameworks/ImageIO.framework/Versions/A/Resources/libJP2.dylib
0x00000001afb88000 	/usr/lib/libexpat.1.dylib
0x00000001b03fe000 	/System/Library/PrivateFrameworks/AppleJPEG.framework/Versions/A/AppleJPEG
0x00000001acfb1000 	/System/Library/PrivateFrameworks/FontServices.framework/libFontParser.dylib
0x00000001aacc2000 	/System/Library/PrivateFrameworks/RunningBoardServices.framework/Versions/A/RunningBoardServices
0x00000001bb193000 	/System/Library/PrivateFrameworks/IOSurfaceAccelerator.framework/Versions/A/IOSurfaceAccelerator
0x00000001b052f000 	/System/Library/PrivateFrameworks/WatchdogClient.framework/Versions/A/WatchdogClient
0x00000001a58f6000 	/System/Library/Frameworks/CoreDisplay.framework/Versions/A/CoreDisplay
0x00000001ace9f000 	/System/Library/Frameworks/CoreMedia.framework/Versions/A/CoreMedia
0x00000001acd33000 	/System/Library/PrivateFrameworks/IOAccelerator.framework/Versions/A/IOAccelerator
0x00000001abb01000 	/System/Library/Frameworks/CoreVideo.framework/Versions/A/CoreVideo
0x00000001af1b7000 	/System/Library/Frameworks/MetalPerformanceShaders.framework/Versions/A/MetalPerformanceShaders
0x00000001b056c000 	/System/Library/Frameworks/VideoToolbox.framework/Versions/A/VideoToolbox
0x00000001aac06000 	/System/Library/PrivateFrameworks/BaseBoard.framework/Versions/A/BaseBoard
0x00000001aa9a5000 	/System/Library/PrivateFrameworks/ProtocolBuffer.framework/Versions/A/ProtocolBuffer
0x00000001b0a95000 	/System/Library/PrivateFrameworks/GPUWrangler.framework/Versions/A/GPUWrangler
0x00000001b0a74000 	/System/Library/PrivateFrameworks/IOPresentment.framework/Versions/A/IOPresentment
0x00000001b0a9d000 	/System/Library/PrivateFrameworks/DSExternalDisplay.framework/Versions/A/DSExternalDisplay
0x00000002058c4000 	/System/Library/Frameworks/OpenGL.framework/Versions/A/Libraries/libCoreFSCache.dylib
0x000000020f085000 	/System/Library/PrivateFrameworks/GPUCompiler.framework/Versions/31001/Libraries/libGPUCompilerUtils.dylib
0x00000001b0b03000 	/System/Library/PrivateFrameworks/CMCaptureCore.framework/Versions/A/CMCaptureCore
0x00000001b013c000 	/System/Library/PrivateFrameworks/AppServerSupport.framework/Versions/A/AppServerSupport
0x00000001b22dc000 	/System/Library/PrivateFrameworks/perfdata.framework/Versions/A/perfdata
0x00000001a5a16000 	/System/Library/PrivateFrameworks/AudioToolboxCore.framework/Versions/A/AudioToolboxCore
0x00000001ace77000 	/System/Library/PrivateFrameworks/caulk.framework/Versions/A/caulk
0x00000001b1bd1000 	/usr/lib/libAudioStatistics.dylib
0x00000001c34d7000 	/System/Library/PrivateFrameworks/SystemPolicy.framework/Versions/A/SystemPolicy
0x00000001b1e31000 	/usr/lib/libSMC.dylib
0x00000001baa02000 	/System/Library/Frameworks/CoreMIDI.framework/Versions/A/CoreMIDI
0x00000001b09c3000 	/usr/lib/libAudioToolboxUtility.dylib
0x00000001bf910000 	/System/Library/PrivateFrameworks/OSAServicesClient.framework/Versions/A/OSAServicesClient
0x00000001b22e9000 	/usr/lib/libperfcheck.dylib
0x00000001c3fda000 	/usr/lib/libmis.dylib
0x0000000205925000 	/System/Library/Frameworks/OpenGL.framework/Versions/A/Libraries/libGLU.dylib
0x00000002058e4000 	/System/Library/Frameworks/OpenGL.framework/Versions/A/Libraries/libGFXShared.dylib
0x0000000205ace000 	/System/Library/Frameworks/OpenGL.framework/Versions/A/Libraries/libGL.dylib
0x00000002058ed000 	/System/Library/Frameworks/OpenGL.framework/Versions/A/Libraries/libGLImage.dylib
0x00000002058e1000 	/System/Library/Frameworks/OpenGL.framework/Versions/A/Libraries/libCVMSPluginSupport.dylib
0x00000002058cb000 	/System/Library/Frameworks/OpenGL.framework/Versions/A/Libraries/libCoreVMClient.dylib
0x00000001ada09000 	/System/Library/Frameworks/MetalPerformanceShaders.framework/Versions/A/Frameworks/MPSCore.framework/Versions/A/MPSCore
0x00000001aeb75000 	/System/Library/Frameworks/MetalPerformanceShaders.framework/Versions/A/Frameworks/MPSImage.framework/Versions/A/MPSImage
0x00000001ae66f000 	/System/Library/Frameworks/MetalPerformanceShaders.framework/Versions/A/Frameworks/MPSNeuralNetwork.framework/Versions/A/MPSNeuralNetwork
0x00000001aeaac000 	/System/Library/Frameworks/MetalPerformanceShaders.framework/Versions/A/Frameworks/MPSMatrix.framework/Versions/A/MPSMatrix
0x00000001ae887000 	/System/Library/Frameworks/MetalPerformanceShaders.framework/Versions/A/Frameworks/MPSRayIntersector.framework/Versions/A/MPSRayIntersector
0x00000001aeadd000 	/System/Library/Frameworks/MetalPerformanceShaders.framework/Versions/A/Frameworks/MPSNDArray.framework/Versions/A/MPSNDArray
0x00000002075fb000 	/System/Library/Frameworks/MetalPerformanceShaders.framework/Versions/A/Frameworks/MPSFunctions.framework/Versions/A/MPSFunctions
0x00000001a4cb5000 	/System/Library/PrivateFrameworks/MetalTools.framework/Versions/A/MetalTools
0x00000001ada86000 	/System/Library/PrivateFrameworks/AggregateDictionary.framework/Versions/A/AggregateDictionary
0x00000001af96e000 	/usr/lib/libIOReport.dylib
0x00000001b99e9000 	/System/Library/PrivateFrameworks/ASEProcessing.framework/Versions/A/ASEProcessing
0x00000001afce1000 	/System/Library/PrivateFrameworks/FaceCore.framework/Versions/A/FaceCore
0x00000001afcd3000 	/System/Library/PrivateFrameworks/GraphVisualizer.framework/Versions/A/GraphVisualizer
0x000000020ef9c000 	/System/Library/PrivateFrameworks/FontServices.framework/Versions/A/FontServices
0x00000001b00f6000 	/System/Library/PrivateFrameworks/OTSVG.framework/Versions/A/OTSVG
0x00000001ab6cf000 	/System/Library/Frameworks/ApplicationServices.framework/Versions/A/Frameworks/ATS.framework/Versions/A/Resources/libFontRegistry.dylib
0x00000001b0145000 	/System/Library/PrivateFrameworks/FontServices.framework/libhvf.dylib
0x000000020ef9d000 	/System/Library/PrivateFrameworks/FontServices.framework/libXTFontStaticRegistryData.dylib
0x0000000205c70000 	/System/Library/Frameworks/OpenCL.framework/Versions/A/OpenCL
0x00000001afb3c000 	/System/Library/PrivateFrameworks/AppleVA.framework/Versions/A/AppleVA
0x00000001b1bf9000 	/System/Library/Frameworks/ApplicationServices.framework/Versions/A/Frameworks/ATS.framework/Versions/A/ATS
0x00000001aa169000 	/System/Library/Frameworks/ApplicationServices.framework/Versions/A/Frameworks/HIServices.framework/Versions/A/HIServices
0x00000001b0b0d000 	/System/Library/Frameworks/ApplicationServices.framework/Versions/A/Frameworks/PrintCore.framework/Versions/A/PrintCore
0x00000001b1f84000 	/System/Library/Frameworks/ApplicationServices.framework/Versions/A/Frameworks/QD.framework/Versions/A/QD
0x00000001b1f7c000 	/System/Library/Frameworks/ApplicationServices.framework/Versions/A/Frameworks/ColorSyncLegacy.framework/Versions/A/ColorSyncLegacy
0x00000001b1be5000 	/System/Library/Frameworks/ApplicationServices.framework/Versions/A/Frameworks/SpeechSynthesis.framework/Versions/A/SpeechSynthesis
0x00000001b0ace000 	/System/Library/Frameworks/ApplicationServices.framework/Versions/A/Frameworks/ATSUI.framework/Versions/A/ATSUI
0x00000001b1f11000 	/usr/lib/libcups.2.dylib
0x00000001b22f7000 	/System/Library/Frameworks/Kerberos.framework/Versions/A/Kerberos
0x00000001b2308000 	/System/Library/Frameworks/GSS.framework/Versions/A/GSS
0x00000001b1c68000 	/usr/lib/libresolv.9.dylib
0x00000001b0153000 	/System/Library/PrivateFrameworks/Heimdal.framework/Versions/A/Heimdal
0x00000001b8c59000 	/System/Library/Frameworks/Kerberos.framework/Versions/A/Libraries/libHeimdalProxy.dylib
0x00000001aada1000 	/System/Library/Frameworks/Network.framework/Versions/A/Network
0x00000001afba3000 	/usr/lib/libheimdal-asn1.dylib
0x00000001b234e000 	/System/Library/PrivateFrameworks/CommonAuth.framework/Versions/A/CommonAuth
0x00000001b1b5f000 	/System/Library/PrivateFrameworks/AudioSession.framework/Versions/A/AudioSession
0x00000001afc34000 	/System/Library/PrivateFrameworks/MediaExperience.framework/Versions/A/MediaExperience
0x00000001b19e7000 	/System/Library/PrivateFrameworks/AudioSession.framework/libSessionUtility.dylib
0x00000001b1f90000 	/System/Library/PrivateFrameworks/AudioResourceArbitration.framework/Versions/A/AudioResourceArbitration
0x00000001b609b000 	/System/Library/PrivateFrameworks/PowerLog.framework/Versions/A/PowerLog
0x00000001afbac000 	/System/Library/PrivateFrameworks/IconFoundation.framework/Versions/A/IconFoundation
0x00000001b4e4b000 	/System/Library/PrivateFrameworks/SpeechRecognitionCore.framework/Versions/A/SpeechRecognitionCore
0x00000001001f8000 	/System/Library/CoreServices/Encodings/libCyrillicConverter.dylib
0x00000001012b4000 	/Users/southrussian/Library/Java/JavaVirtualMachines/openjdk-17.0.2/Contents/Home/lib/server/libjvm.dylib
0x0000000100208000 	/Users/southrussian/Library/Java/JavaVirtualMachines/openjdk-17.0.2/Contents/Home/lib/libjimage.dylib
0x000000010021c000 	/Users/southrussian/Library/Java/JavaVirtualMachines/openjdk-17.0.2/Contents/Home/lib/libinstrument.dylib
0x0000000100268000 	/Users/southrussian/Library/Java/JavaVirtualMachines/openjdk-17.0.2/Contents/Home/lib/libjava.dylib
0x00000001011e8000 	/Users/southrussian/Library/Java/JavaVirtualMachines/openjdk-17.0.2/Contents/Home/lib/libnio.dylib
0x0000000101208000 	/Users/southrussian/Library/Java/JavaVirtualMachines/openjdk-17.0.2/Contents/Home/lib/libnet.dylib
0x00000001002dc000 	/Users/southrussian/Library/Java/JavaVirtualMachines/openjdk-17.0.2/Contents/Home/lib/libzip.dylib
0x000000010122c000 	/Users/southrussian/.openjfx/cache/17.0.1/libprism_es2.dylib
0x00000001a6ef6000 	/System/Library/PrivateFrameworks/CoreServicesInternal.framework/Versions/A/CoreServicesInternal
0x0000000205ad8000 	/System/Library/Frameworks/OpenGL.framework/Versions/A/Resources/GLEngine.bundle/GLEngine
0x000000020595f000 	/System/Library/Frameworks/OpenGL.framework/Versions/A/Libraries/libGLProgrammability.dylib
0x0000000121204000 	/System/Library/Extensions/AppleMetalOpenGLRenderer.bundle/Contents/MacOS/AppleMetalOpenGLRenderer
0x0000000205c47000 	/System/Library/Frameworks/OpenGL.framework/Versions/A/Resources/GLRendererFloat.bundle/GLRendererFloat
0x0000000205ce8000 	/System/Library/Extensions/AGXMetal13_3.bundle/Contents/MacOS/AGXMetal13_3
0x00000001c3ff6000 	/System/Library/PrivateFrameworks/GPURawCounter.framework/Versions/A/GPURawCounter
0x00000001bea97000 	/System/Library/PrivateFrameworks/IOGPU.framework/Versions/A/IOGPU
0x0000000121168000 	/Users/southrussian/.openjfx/cache/17.0.1/libglass.dylib
0x00000001b62ef000 	/System/Library/Frameworks/FileProvider.framework/Versions/A/FileProvider
0x00000001aab6e000 	/System/Library/Frameworks/Accounts.framework/Versions/A/Accounts
0x00000001b646f000 	/System/Library/PrivateFrameworks/GenerationalStorage.framework/Versions/A/GenerationalStorage
0x00000001b7025000 	/System/Library/PrivateFrameworks/CoreSymbolication.framework/Versions/A/CoreSymbolication
0x00000001b608f000 	/System/Library/PrivateFrameworks/SymptomDiagnosticReporter.framework/Versions/A/SymptomDiagnosticReporter
0x00000001a81df000 	/System/Library/PrivateFrameworks/DesktopServicesPriv.framework/Versions/A/DesktopServicesPriv
0x00000001a7056000 	/usr/lib/libsandbox.1.dylib
0x00000001abb8e000 	/System/Library/PrivateFrameworks/UserManagement.framework/Versions/A/UserManagement
0x00000001b6fe6000 	/System/Library/PrivateFrameworks/DebugSymbols.framework/Versions/A/DebugSymbols
0x00000001b1f6f000 	/System/Library/PrivateFrameworks/NetAuth.framework/Versions/A/NetAuth
0x00000001b2e74000 	/System/Library/PrivateFrameworks/Sharing.framework/Versions/A/Sharing
0x00000001abb5e000 	/System/Library/PrivateFrameworks/login.framework/Versions/A/Frameworks/loginsupport.framework/Versions/A/loginsupport
0x00000001b819d000 	/System/Library/PrivateFrameworks/Apple80211.framework/Versions/A/Apple80211
0x00000001aec59000 	/System/Library/PrivateFrameworks/AuthKit.framework/Versions/A/AuthKit
0x00000001ae2eb000 	/System/Library/PrivateFrameworks/CoreUtils.framework/Versions/A/CoreUtils
0x00000001ae20b000 	/System/Library/Frameworks/CoreWLAN.framework/Versions/A/CoreWLAN
0x00000001b2fde000 	/System/Library/Frameworks/IOBluetooth.framework/Versions/A/IOBluetooth
0x00000001b81fd000 	/System/Library/PrivateFrameworks/CoreWiFi.framework/Versions/A/CoreWiFi
0x00000001b6bcd000 	/System/Library/PrivateFrameworks/FrontBoardServices.framework/Versions/A/FrontBoardServices
0x00000001b6c65000 	/System/Library/PrivateFrameworks/BoardServices.framework/Versions/A/BoardServices
0x00000001ae506000 	/System/Library/PrivateFrameworks/AssertionServices.framework/Versions/A/AssertionServices
0x00000001b836b000 	/System/Library/PrivateFrameworks/BackBoardServices.framework/Versions/A/BackBoardServices
0x00000001b23e1000 	/System/Library/PrivateFrameworks/CorePhoneNumbers.framework/Versions/A/CorePhoneNumbers
0x00000001b61bf000 	/System/Library/PrivateFrameworks/DiskManagement.framework/Versions/A/DiskManagement
0x00000001b60c2000 	/System/Library/PrivateFrameworks/AppleIDAuthSupport.framework/Versions/A/AppleIDAuthSupport
0x00000002098c4000 	/System/Library/PrivateFrameworks/AAAFoundation.framework/Versions/A/AAAFoundation
0x00000001b23c0000 	/System/Library/PrivateFrameworks/KeychainCircle.framework/Versions/A/KeychainCircle
0x00000001b618b000 	/System/Library/PrivateFrameworks/MediaKit.framework/Versions/A/MediaKit
0x00000001b60cf000 	/System/Library/Frameworks/DiscRecording.framework/Versions/A/DiscRecording
0x00000001afab8000 	/usr/lib/libCoreStorage.dylib
0x00000001b8667000 	/usr/lib/libcsfde.dylib
0x00000001b30b3000 	/System/Library/PrivateFrameworks/ProtectedCloudStorage.framework/Versions/A/ProtectedCloudStorage
0x00000001b865f000 	/System/Library/PrivateFrameworks/EFILogin.framework/Versions/A/EFILogin
0x00000001b6496000 	/System/Library/PrivateFrameworks/OctagonTrust.framework/Versions/A/OctagonTrust
0x000000020e1e8000 	/System/Library/PrivateFrameworks/CoreUtilsExtras.framework/Versions/A/CoreUtilsExtras
0x00000001b6005000 	/System/Library/Frameworks/CoreBluetooth.framework/Versions/A/CoreBluetooth
0x00000001b8cde000 	/System/Library/Frameworks/AudioUnit.framework/Versions/A/AudioUnit
0x00000001afab0000 	/usr/lib/libMatch.1.dylib
0x00000001c82d9000 	/System/Library/Frameworks/Accelerate.framework/Versions/A/Frameworks/vImage.framework/Versions/A/Libraries/libCGInterfaces.dylib
0x000000012445c000 	/usr/lib/libobjc-trampolines.dylib
0x00000001ab85b000 	/System/Library/PrivateFrameworks/ViewBridge.framework/Versions/A/ViewBridge
0x00000001af977000 	/System/Library/PrivateFrameworks/CrashReporterSupport.framework/Versions/A/CrashReporterSupport
0x00000001cfc99000 	/System/Library/PrivateFrameworks/OSAnalytics.framework/Versions/A/OSAnalytics
0x00000001dacdd000 	/System/Library/PrivateFrameworks/Symbolication.framework/Versions/A/Symbolication
0x00000001c3fb7000 	/System/Library/PrivateFrameworks/MallocStackLogging.framework/Versions/A/MallocStackLogging
0x000000012574c000 	/Users/southrussian/.openjfx/cache/17.0.1/libjavafx_font.dylib
0x00000002217b0000 	/usr/lib/libRosetta.dylib
0x00000001b0201000 	/System/Library/PrivateFrameworks/login.framework/Versions/A/login


VM Arguments:
jvm_args: -javaagent:/Users/southrussian/Library/Application Support/JetBrains/Toolbox/apps/IDEA-U/ch-0/213.6777.52/IntelliJ IDEA.app/Contents/lib/idea_rt.jar=51387:/Users/southrussian/Library/Application Support/JetBrains/Toolbox/apps/IDEA-U/ch-0/213.6777.52/IntelliJ IDEA.app/Contents/bin -Dfile.encoding=UTF-8 --module-path=/Users/southrussian/.m2/repository/org/openjfx/javafx-graphics/17.0.1/javafx-graphics-17.0.1-mac-aarch64.jar:/Users/southrussian/IdeaProjects/FX/target/classes:/Users/southrussian/.m2/repository/org/openjfx/javafx-fxml/17.0.1/javafx-fxml-17.0.1-mac-aarch64.jar:/Users/southrussian/.m2/repository/org/openjfx/javafx-base/17.0.1/javafx-base-17.0.1-mac-aarch64.jar:/Users/southrussian/.m2/repository/org/openjfx/javafx-controls/17.0.1/javafx-controls-17.0.1-mac-aarch64.jar -Djdk.module.main=com.example.fx 
java_command: com.example.fx/com.example.fx.HelloApplication
java_class_path (initial): /Users/southrussian/.m2/repository/org/openjfx/javafx-controls/17.0.1/javafx-controls-17.0.1.jar:/Users/southrussian/.m2/repository/org/openjfx/javafx-graphics/17.0.1/javafx-graphics-17.0.1.jar:/Users/southrussian/.m2/repository/org/openjfx/javafx-base/17.0.1/javafx-base-17.0.1.jar:/Users/southrussian/.m2/repository/org/openjfx/javafx-fxml/17.0.1/javafx-fxml-17.0.1.jar
Launcher Type: SUN_STANDARD

[Global flags]
     intx CICompilerCount                          = 4                                         {product} {ergonomic}
     uint ConcGCThreads                            = 2                                         {product} {ergonomic}
     uint G1ConcRefinementThreads                  = 8                                         {product} {ergonomic}
   size_t G1HeapRegionSize                         = 1048576                                   {product} {ergonomic}
    uintx GCDrainStackTargetSize                   = 64                                        {product} {ergonomic}
   size_t InitialHeapSize                          = 134217728                                 {product} {ergonomic}
   size_t MarkStackSize                            = 4194304                                   {product} {ergonomic}
   size_t MaxHeapSize                              = 2147483648                                {product} {ergonomic}
   size_t MaxNewSize                               = 1287651328                                {product} {ergonomic}
   size_t MinHeapDeltaBytes                        = 1048576                                   {product} {ergonomic}
   size_t MinHeapSize                              = 8388608                                   {product} {ergonomic}
    uintx NonNMethodCodeHeapSize                   = 5839564                                {pd product} {ergonomic}
    uintx NonProfiledCodeHeapSize                  = 122909338                              {pd product} {ergonomic}
    uintx ProfiledCodeHeapSize                     = 122909338                              {pd product} {ergonomic}
    uintx ReservedCodeCacheSize                    = 251658240                              {pd product} {ergonomic}
     bool SegmentedCodeCache                       = true                                      {product} {ergonomic}
   size_t SoftMaxHeapSize                          = 2147483648                             {manageable} {ergonomic}
     bool UseCompressedClassPointers               = true                           {product lp64_product} {ergonomic}
     bool UseCompressedOops                        = true                           {product lp64_product} {ergonomic}
     bool UseG1GC                                  = true                                      {product} {ergonomic}
     bool UseNUMA                                  = false                                     {product} {ergonomic}
     bool UseNUMAInterleaving                      = false                                     {product} {ergonomic}

Logging:
Log output configuration:
 #0: stdout all=warning uptime,level,tags
 #1: stderr all=off uptime,level,tags

Environment Variables:
PATH=/Library/Frameworks/Python.framework/Versions/3.9/bin:/usr/local/bin:/usr/bin:/bin:/usr/sbin:/sbin:/Library/Apple/usr/bin:/Library/Frameworks/Mono.framework/Versions/Current/Commands
SHELL=/bin/zsh
LC_CTYPE=ru_RU.UTF-8

Signal Handlers:
   SIGSEGV: _ZL13crash_handleriP9__siginfoPv in libjvm.dylib, mask=11100110000111110111111111111111, flags=SA_RESTART|SA_SIGINFO
    SIGBUS: _ZL13crash_handleriP9__siginfoPv in libjvm.dylib, mask=11100110000111110111111111111111, flags=SA_RESTART|SA_SIGINFO
    SIGFPE: _ZL13crash_handleriP9__siginfoPv in libjvm.dylib, mask=11100110000111110111111111111111, flags=SA_RESTART|SA_SIGINFO
   SIGPIPE: _ZL17javaSignalHandleriP9__siginfoPv in libjvm.dylib, mask=11100110000111110111111111111111, flags=SA_RESTART|SA_SIGINFO
   SIGXFSZ: _ZL17javaSignalHandleriP9__siginfoPv in libjvm.dylib, mask=11100110000111110111111111111111, flags=SA_RESTART|SA_SIGINFO
    SIGILL: _ZL13crash_handleriP9__siginfoPv in libjvm.dylib, mask=11100110000111110111111111111111, flags=SA_RESTART|SA_SIGINFO
   SIGUSR2: _ZL10SR_handleriP9__siginfoP17__darwin_ucontext in libjvm.dylib, mask=00100000000000000000000000000000, flags=SA_RESTART|SA_SIGINFO
    SIGHUP: _ZL11UserHandleriPvS_ in libjvm.dylib, mask=11100110000111110111111111111111, flags=SA_RESTART|SA_SIGINFO
    SIGINT: _ZL11UserHandleriPvS_ in libjvm.dylib, mask=11100110000111110111111111111111, flags=SA_RESTART|SA_SIGINFO
   SIGTERM: _ZL11UserHandleriPvS_ in libjvm.dylib, mask=11100110000111110111111111111111, flags=SA_RESTART|SA_SIGINFO
   SIGQUIT: _ZL11UserHandleriPvS_ in libjvm.dylib, mask=11100110000111110111111111111111, flags=SA_RESTART|SA_SIGINFO
   SIGTRAP: _ZL13crash_handleriP9__siginfoPv in libjvm.dylib, mask=11100110000111110111111111111111, flags=SA_RESTART|SA_SIGINFO


---------------  S Y S T E M  ---------------

OS:
uname: Darwin 21.2.0 Darwin Kernel Version 21.2.0: Sun Nov 28 20:29:10 PST 2021; root:xnu-8019.61.5~1/RELEASE_ARM64_T8101 arm64
OS uptime: 16 days 18:35 hours
rlimit (soft/hard): STACK 8176k/65520k , CORE 0k/infinity , NPROC 1333/2000 , NOFILE 10240/infinity , AS infinity/infinity , CPU infinity/infinity , DATA infinity/infinity , FSIZE infinity/infinity , MEMLOCK infinity/infinity , RSS infinity/infinity
load average: 7.67 2.63 1.86

CPU: total 8 (initial active 8) 0x61:0x0:0x1b588bb3:0, fp, simd, crc, lse

Memory: 16k page, physical 8388608k(140704k free), swap 1048576k(869120k free)

vm_info: OpenJDK 64-Bit Server VM (17.0.2+8-86) for bsd-aarch64 JRE (17.0.2+8-86), built on Dec  7 2021 21:45:06 by "mach5one" with clang Apple LLVM 12.0.0 (clang-1200.0.32.29)

END.
