#
# A fatal error has been detected by the Java Runtime Environment:
#
#  SIGBUS (0xa) at pc=0x00000001380014f0, pid=2955, tid=30987
#
# JRE version: OpenJDK Runtime Environment (17.0.2+8) (build 17.0.2+8-86)
# Java VM: OpenJDK 64-Bit Server VM (17.0.2+8-86, mixed mode, sharing, tiered, compressed oops, compressed class ptrs, g1 gc, bsd-aarch64)
# Problematic frame:
# v  ~StubRoutines::SafeFetchN
#
# No core dump will be written. Core dumps have been disabled. To enable core dumping, try "ulimit -c unlimited" before starting Java again
#
# If you would like to submit a bug report, please visit:
#   https://bugreport.java.com/bugreport/crash.jsp
# The crash happened outside the Java Virtual Machine in native code.
# See problematic frame for where to report the bug.
#

---------------  S U M M A R Y ------------

Command Line: -javaagent:/Users/southrussian/Library/Application Support/JetBrains/Toolbox/apps/IDEA-U/ch-0/213.6777.52/IntelliJ IDEA.app/Contents/lib/idea_rt.jar=52653:/Users/southrussian/Library/Application Support/JetBrains/Toolbox/apps/IDEA-U/ch-0/213.6777.52/IntelliJ IDEA.app/Contents/bin -Dfile.encoding=UTF-8 --module-path=/Users/southrussian/IdeaProjects/FX/target/classes:/Users/southrussian/.m2/repository/org/openjfx/javafx-controls/17.0.1/javafx-controls-17.0.1-mac-aarch64.jar:/Users/southrussian/.m2/repository/org/openjfx/javafx-base/17.0.1/javafx-base-17.0.1-mac-aarch64.jar:/Users/southrussian/.m2/repository/org/openjfx/javafx-fxml/17.0.1/javafx-fxml-17.0.1-mac-aarch64.jar:/Users/southrussian/.m2/repository/org/openjfx/javafx-graphics/17.0.1/javafx-graphics-17.0.1-mac-aarch64.jar -Djdk.module.main=com.example.fx com.example.fx/com.example.fx.HelloApplication

Host: "MacBookAir10,1" arm64 1 MHz, 8 cores, 8G, Darwin 21.3.0, macOS 12.2.1 (21D62)
Time: Fri Mar 11 09:21:15 2022 MSK elapsed time: 3.158431 seconds (0d 0h 0m 3s)

---------------  T H R E A D  ---------------

Current thread (0x000000012b895400):  JavaThread "InvokeLaterDispatcher" daemon [_thread_in_native, id=30987, stack(0x000000016e44c000,0x000000016e64f000)]

Stack: [0x000000016e44c000,0x000000016e64f000],  sp=0x000000016e64e780,  free space=2057k
Native frames: (J=compiled Java code, j=interpreted, Vv=VM code, C=native code)
v  ~StubRoutines::SafeFetchN
V  [libjvm.dylib+0x7a6bcc]  _ZN10OopStorage7releaseEPKP7oopDesc+0x20
V  [libjvm.dylib+0x4ba824]  jni_DeleteGlobalRef+0xd8
C  [libglass.dylib+0xab08]  -[GlassRunnable dealloc]+0x34
C  [Foundation+0x84c7c]  -[_NSThreadPerformInfo dealloc]+0x30
C  [Foundation+0x51578]  -[NSObject(NSThreadPerformAdditions) performSelectorOnMainThread:withObject:waitUntilDone:]+0x88
C  0x3e180001380098ac
j  com.sun.glass.ui.mac.MacApplication.submitForLaterInvocation(Ljava/lang/Runnable;)V+2 javafx.graphics
j  com.sun.glass.ui.InvokeLaterDispatcher.run()V+82 javafx.graphics
v  ~StubRoutines::call_stub
V  [libjvm.dylib+0x461d08]  _ZN9JavaCalls11call_helperEP9JavaValueRK12methodHandleP17JavaCallArgumentsP10JavaThread+0x38c
V  [libjvm.dylib+0x460d24]  _ZN9JavaCalls12call_virtualEP9JavaValueP5KlassP6SymbolS5_P17JavaCallArgumentsP10JavaThread+0x11c
V  [libjvm.dylib+0x460df0]  _ZN9JavaCalls12call_virtualEP9JavaValue6HandleP5KlassP6SymbolS6_P10JavaThread+0x64
V  [libjvm.dylib+0x515f04]  _ZL12thread_entryP10JavaThreadS0_+0xc4
V  [libjvm.dylib+0x9071ac]  _ZN10JavaThread17thread_main_innerEv+0x13c
V  [libjvm.dylib+0x9058c0]  _ZN6Thread8call_runEv+0x128
V  [libjvm.dylib+0x7ad7c8]  _ZL19thread_native_entryP6Thread+0x158
C  [libsystem_pthread.dylib+0x7240]  _pthread_start+0x94

Java frames: (J=compiled Java code, j=interpreted, Vv=VM code)
j  com.sun.glass.ui.mac.MacApplication._submitForLaterInvocation(Ljava/lang/Runnable;)V+0 javafx.graphics
j  com.sun.glass.ui.mac.MacApplication.submitForLaterInvocation(Ljava/lang/Runnable;)V+2 javafx.graphics
j  com.sun.glass.ui.InvokeLaterDispatcher.run()V+82 javafx.graphics
v  ~StubRoutines::call_stub

siginfo: si_signo: 10 (SIGBUS), si_code: 1 (BUS_ADRALN), si_addr: 0x00000001380014f0

Register to memory mapping:

 x0=0x000000012b007248 is a global jni handle
 x1=0x0 is NULL
 x2=0x0000000787181038 is an oop: com.sun.glass.ui.InvokeLaterDispatcher$Future 
{0x0000000787181038} - klass: 'com/sun/glass/ui/InvokeLaterDispatcher$Future'
 - ---- fields (total size 3 words):
 - private 'done' 'Z' @12  true
 - private final 'runnable' 'Ljava/lang/Runnable;' @16  a 'com/sun/javafx/application/PlatformImpl$$Lambda$92+0x0000000800c81598'{0x0000000786bdfff8} (f0d7bfff)
 - final synthetic 'this$0' 'Lcom/sun/glass/ui/InvokeLaterDispatcher;' @20  a 'com/sun/glass/ui/InvokeLaterDispatcher'{0x0000000786835548} (f0d06aa9)
 x3=0x0 is NULL
 x4=0x00000000000130a8 is an unknown value
 x5=0x0 is NULL
 x6=0x0 is NULL
 x7=0x0 is NULL
 x8=0x00000001380014ec is at begin+0 in a stub
StubRoutines::SafeFetchN [0x00000001380014ec, 0x00000001380014f8] (12 bytes)
 x9=0x0 is NULL
x10=0x2010000030300000 is an unknown value
x11=0x0000000000000007 is an unknown value
x12=0x0000000000000007 is an unknown value
x13=0x00006000035cd3e0 points into unknown readable memory: 0xf52e8001a96f9738 | 38 97 6f a9 01 80 2e f5
x14=0x0000000000000001 is an unknown value
x15=0x0000000119319f98: OBJC_CLASS_$_GlassRunnable+0 in /Users/southrussian/.openjfx/cache/17.0.1/libglass.dylib at 0x00000001192d4000
x16=0x00000001a8768094: pthread_getspecific+0 in /usr/lib/system/libsystem_pthread.dylib at 0x00000001a8766000
x17=0x0000600003fedaa0 points into unknown readable memory: 0xfffffffffffffffe | fe ff ff ff ff ff ff ff
x18=0x0 is NULL
x19=0x00006000030e1340 points into unknown readable memory: 0x00006000019e4420 | 20 44 9e 01 00 60 00 00
x20=0x000000012b007040 points into unknown readable memory: 0x000000078680b558 | 58 b5 80 86 07 00 00 00
x21=0x000000012b007248 is a global jni handle
x22=0x000000012b895400 is a thread
x23=0x0000000000000001 is an unknown value
x24=0x000000012b007200 is a global jni handle
x25=0x00000001061895e8: _ZN12StubRoutines17_safefetchN_entryE+0 in /Users/southrussian/Library/Java/JavaVirtualMachines/openjdk-17.0.2/Contents/Home/lib/server/libjvm.dylib at 0x00000001055d8000
x26=0x00000001185182a0 is pointing into metadata
x27=0x0 is NULL
x28=0x000000012b895400 is a thread


Registers:
 x0=0x000000012b007248  x1=0x0000000000000000  x2=0x0000000787181038  x3=0x0000000000000000
 x4=0x00000000000130a8  x5=0x0000000000000000  x6=0x0000000000000000  x7=0x0000000000000000
 x8=0x00000001380014ec  x9=0x0000000000000000 x10=0x2010000030300000 x11=0x0000000000000007
x12=0x0000000000000007 x13=0x00006000035cd3e0 x14=0x0000000000000001 x15=0x0000000119319f98
x16=0x00000001a8768094 x17=0x0000600003fedaa0 x18=0x0000000000000000 x19=0x00006000030e1340
x20=0x000000012b007040 x21=0x000000012b007248 x22=0x000000012b895400 x23=0x0000000000000001
x24=0x000000012b007200 x25=0x00000001061895e8 x26=0x00000001185182a0 x27=0x0000000000000000
x28=0x000000012b895400  fp=0x000000016e64e7c0  lr=0x0000000105d7d99c  sp=0x000000016e64e780
pc=0x00000001380014f0 cpsr=0x0000000060001000
Top of Stack: (sp=0x000000016e64e780)
0x000000016e64e780:   00000001185182a0 0000000000000001
0x000000016e64e790:   000000016e64e988 0000000000000000
0x000000016e64e7a0:   000000012b897ea8 000000012b007230
0x000000016e64e7b0:   000000012b007230 00006000030e1340
0x000000016e64e7c0:   000000016e64e800 0000000105d7ebcc
0x000000016e64e7d0:   0000000000000001 000000012b007230
0x000000016e64e7e0:   000000012b897ea8 000000012b007230
0x000000016e64e7f0:   0000000000000001 000000012b897c00
0x000000016e64e800:   000000016e64e840 0000000105a92824
0x000000016e64e810:   000000016e64e988 00006000019f16c0
0x000000016e64e820:   00006000019f16f0 00000001f2ce29e3
0x000000016e64e830:   0000000000000000 00006000019f16f0
0x000000016e64e840:   000000016e64e870 00000001192deb08
0x000000016e64e850:   f323f50a907e0095 0000000000000000
0x000000016e64e860:   0000000000000000 0000600000eea500
0x000000016e64e870:   000000016e64e8b0 00000001a972cc7c
0x000000016e64e880:   000000016e64e988 00006000019f16c0
0x000000016e64e890:   00006000019f16f0 f323f50a907e0095
0x000000016e64e8a0:   0000000000000000 0000000000000000
0x000000016e64e8b0:   000000016e64e8f0 57070001a96f9578
0x000000016e64e8c0:   000000016e64e988 00000001380087c0
0x000000016e64e8d0:   0000000000000000 0000000106190fa8
0x000000016e64e8e0:   000000016e64e900 0000000138007730
0x000000016e64e8f0:   000000016e64e960 3e180001380098ac
0x000000016e64e900:   000000016e64e900 000000080098b325
0x000000016e64e910:   000000016e64e910 0000000000000000
0x000000016e64e920:   000000016e64e988 00000001185182a0
0x000000016e64e930:   00000007867018c0 0000000000000000
0x000000016e64e940:   0000000000000000 00000001184f7880
0x000000016e64e950:   0000000000000000 000000016e64e960
0x000000016e64e960:   000000016e64e9e0 0000000138005fc8
0x000000016e64e970:   0000000000000000 0000000000000000 

Instructions: (pc=0x00000001380014f0)
0x00000001380013f0:   f2a0c2a9 f2c00029 6d425935 1e640886
0x0000000138001400:   0c402d31 1e6408c7 1f5654d0 1e6c1017
0x0000000138001410:   1f5050d0 1f504cd0 1f5048d0 1e650af6
0x0000000138001420:   1f50d8f6 1f5694d6 1f5158f6 1e762880
0x0000000138001430:   36000501 1e614000 14000026 2e251ca5
0x0000000138001440:   d28c3009 f2a0c2a9 f2c00029 6d425d36
0x0000000138001450:   1e600806 0c402d32 1f5758c7 1e6c101a
0x0000000138001460:   1f4754c7 1e650805 1f4750c7 d2866668
0x0000000138001470:   f2a7fa68 1f474cc7 1e6608c0 1f4748c7
0x0000000138001480:   1e6e1019 eb08007f 540000ac 1f479400
0x0000000138001490:   1f460340 1e603b20 1400000e d2a7fd29
0x00000001380014a0:   eb09007f 540000ac 51480069 d3607d29
0x00000001380014b0:   9e670121 14000002 1e6a5001 1f679417
0x00000001380014c0:   1f668742 1e613b23 1e773857 1e773860
0x00000001380014d0:   a8c17ff3 910003bf a8c17bfd d65f03c0
0x00000001380014e0:   b9400001 aa0103e0 d65f03c0 f9400001
0x00000001380014f0:   aa0103e0 d65f03c0 00000000 00000000
0x0000000138001500:   00000000 00000000 00000000 00000000
0x0000000138001510:   00000000 00000000 00000000 00000000
0x0000000138001520:   00000000 00000000 00000000 00000000
0x0000000138001530:   00000000 00000000 00000000 00000000
0x0000000138001540:   00000000 00000000 00000000 00000000
0x0000000138001550:   00000000 00000000 00000000 00000000
0x0000000138001560:   00000000 00000000 00000000 00000000
0x0000000138001570:   00000000 00000000 00000000 00000000
0x0000000138001580:   00000000 00000000 00000000 00000000
0x0000000138001590:   00000000 00000000 00000000 00000000
0x00000001380015a0:   00000000 00000000 00000000 00000000
0x00000001380015b0:   00000000 00000000 00000000 00000000
0x00000001380015c0:   00000000 00000000 00000000 00000000
0x00000001380015d0:   00000000 00000000 00000000 00000000
0x00000001380015e0:   00000000 00000000 00000000 00000000 


Stack slot to memory mapping:
stack at sp + 0 slots: 0x00000001185182a0 is pointing into metadata
stack at sp + 1 slots: 0x0000000000000001 is an unknown value
stack at sp + 2 slots: 0x000000016e64e988 is pointing into the stack for thread: 0x000000012b895400
stack at sp + 3 slots: 0x0 is NULL
stack at sp + 4 slots: 0x000000012b897ea8 points into unknown readable memory: 0x0000000106146738 | 38 67 14 06 01 00 00 00
stack at sp + 5 slots: 0x000000012b007230 is a global jni handle
stack at sp + 6 slots: 0x000000012b007230 is a global jni handle
stack at sp + 7 slots: 0x00006000030e1340 points into unknown readable memory: 0x00006000019e4420 | 20 44 9e 01 00 60 00 00

StubRoutines::SafeFetchN [0x00000001380014ec, 0x00000001380014f8] (12 bytes)
[MachCode]
  0x00000001380014ec: 0100 40f9 | e003 01aa | c003 5fd6 
[/MachCode]

---------------  P R O C E S S  ---------------

Threads class SMR info:
_java_thread_list=0x0000600001bfe8e0, length=20, elements={
0x0000000119808a00, 0x000000012988e400, 0x0000000129890c00, 0x000000012a835000,
0x0000000129891800, 0x000000012a80ea00, 0x000000012a80f000, 0x000000012a009200,
0x000000012a009800, 0x000000012a80f600, 0x000000012980e400, 0x000000012980ea00,
0x000000012b864800, 0x000000012b895400, 0x000000012b897c00, 0x000000012b8c2000,
0x000000012abd0400, 0x0000000119e84a00, 0x0000000119e9d400, 0x0000000118829a00
}

Java Threads: ( => current thread )
  0x0000000119808a00 JavaThread "main" [_thread_blocked, id=10243, stack(0x000000016ba44000,0x000000016bc47000)]
  0x000000012988e400 JavaThread "Reference Handler" daemon [_thread_blocked, id=15107, stack(0x000000016c898000,0x000000016ca9b000)]
  0x0000000129890c00 JavaThread "Finalizer" daemon [_thread_blocked, id=15619, stack(0x000000016caa4000,0x000000016cca7000)]
  0x000000012a835000 JavaThread "Signal Dispatcher" daemon [_thread_blocked, id=23043, stack(0x000000016cdc8000,0x000000016cfcb000)]
  0x0000000129891800 JavaThread "Service Thread" daemon [_thread_blocked, id=23555, stack(0x000000016cfd4000,0x000000016d1d7000)]
  0x000000012a80ea00 JavaThread "Monitor Deflation Thread" daemon [_thread_blocked, id=23811, stack(0x000000016d1e0000,0x000000016d3e3000)]
  0x000000012a80f000 JavaThread "C2 CompilerThread0" daemon [_thread_in_native, id=24067, stack(0x000000016d3ec000,0x000000016d5ef000)]
  0x000000012a009200 JavaThread "C1 CompilerThread0" daemon [_thread_blocked, id=41987, stack(0x000000016d5f8000,0x000000016d7fb000)]
  0x000000012a009800 JavaThread "Sweeper thread" daemon [_thread_blocked, id=41475, stack(0x000000016d804000,0x000000016da07000)]
  0x000000012a80f600 JavaThread "Common-Cleaner" daemon [_thread_blocked, id=40963, stack(0x000000016da10000,0x000000016dc13000)]
  0x000000012980e400 JavaThread "Monitor Ctrl-Break" daemon [_thread_in_native, id=24579, stack(0x000000016dc1c000,0x000000016de1f000)]
  0x000000012980ea00 JavaThread "Notification Thread" daemon [_thread_blocked, id=25091, stack(0x000000016de28000,0x000000016e02b000)]
  0x000000012b864800 JavaThread "QuantumRenderer-0" daemon [_thread_blocked, id=25859, stack(0x000000016e240000,0x000000016e443000)]
=>0x000000012b895400 JavaThread "InvokeLaterDispatcher" daemon [_thread_in_native, id=30987, stack(0x000000016e44c000,0x000000016e64f000)]
  0x000000012b897c00 JavaThread "JavaFX Application Thread" [_thread_in_vm, id=259, stack(0x000000016b1bc000,0x000000016b9b8000)]
  0x000000012b8c2000 JavaThread "JavaFX-Launcher" [_thread_blocked, id=77843, stack(0x000000016e97c000,0x000000016eb7f000)]
  0x000000012abd0400 JavaThread "Prism Font Disposer" daemon [_thread_blocked, id=56587, stack(0x000000016f5c4000,0x000000016f7c7000)]
  0x0000000119e84a00 JavaThread "Cleaner-0" daemon [_thread_blocked, id=73223, stack(0x000000016f7d0000,0x000000016f9d3000)]
  0x0000000119e9d400 JavaThread "Attach Listener" daemon [_thread_blocked, id=61191, stack(0x000000016f9dc000,0x000000016fbdf000)]
  0x0000000118829a00 JavaThread "PulseTimer-CVDisplayLink thread" daemon [_thread_in_native, id=1315, stack(0x000000016e6e4000,0x000000016e767000)]

Other Threads:
  0x000000012960b970 VMThread "VM Thread" [stack: 0x000000016c68c000,0x000000016c88f000] [id=16643]
  0x0000000119004740 WatcherThread [stack: 0x000000016e034000,0x000000016e237000] [id=25347]
  0x0000000129606a50 GCTaskThread "GC Thread#0" [stack: 0x000000016bc50000,0x000000016be53000] [id=20227]
  0x000000012b022ed0 GCTaskThread "GC Thread#1" [stack: 0x000000016eb88000,0x000000016ed8b000] [id=74755]
  0x000000012b0237c0 GCTaskThread "GC Thread#2" [stack: 0x000000016ed94000,0x000000016ef97000] [id=54531]
  0x000000012b023c40 GCTaskThread "GC Thread#3" [stack: 0x000000016efa0000,0x000000016f1a3000] [id=74243]
  0x000000012b0240c0 GCTaskThread "GC Thread#4" [stack: 0x000000016f1ac000,0x000000016f3af000] [id=55043]
  0x000000012b024540 GCTaskThread "GC Thread#5" [stack: 0x000000016f3b8000,0x000000016f5bb000] [id=73731]
  0x000000012b005010 ConcurrentGCThread "G1 Main Marker" [stack: 0x000000016be5c000,0x000000016c05f000] [id=12803]
  0x0000000129606ed0 ConcurrentGCThread "G1 Conc#0" [stack: 0x000000016c068000,0x000000016c26b000] [id=18947]
  0x0000000129608d40 ConcurrentGCThread "G1 Refine#0" [stack: 0x000000016c274000,0x000000016c477000] [id=13315]
  0x000000012b005890 ConcurrentGCThread "G1 Service" [stack: 0x000000016c480000,0x000000016c683000] [id=18179]

Threads with active compile tasks:
C2 CompilerThread0     3176 1533       4       com.sun.marlin.MaskMarlinAlphaConsumer::setAndClearRelativeAlphas (641 bytes)

VM state: not at safepoint (normal execution)

VM Mutex/Monitor currently owned by a thread: None

Heap address: 0x0000000780000000, size: 2048 MB, Compressed Oops mode: Zero based, Oop shift amount: 3

CDS archive(s) mapped at: [0x0000000800000000-0x0000000800bd4000-0x0000000800bd4000), size 12402688, SharedBaseAddress: 0x0000000800000000, ArchiveRelocationMode: 0.
Compressed class space mapped at: 0x0000000800c00000-0x0000000840c00000, reserved size: 1073741824
Narrow klass base: 0x0000000800000000, Narrow klass shift: 0, Narrow klass range: 0x100000000

GC Precious Log:
 CPUs: 8 total, 8 available
 Memory: 8192M
 Large Page Support: Disabled
 NUMA Support: Disabled
 Compressed Oops: Enabled (Zero based)
 Heap Region Size: 1M
 Heap Min Capacity: 8M
 Heap Initial Capacity: 128M
 Heap Max Capacity: 2G
 Pre-touch: Disabled
 Parallel Workers: 8
 Concurrent Workers: 2
 Concurrent Refinement Workers: 8
 Periodic GC: Disabled

Heap:
 garbage-first heap   total 133120K, used 27915K [0x0000000780000000, 0x0000000800000000)
  region size 1024K, 25 young (25600K), 3 survivors (3072K)
 Metaspace       used 12647K, committed 12864K, reserved 1064960K
  class space    used 1742K, committed 1856K, reserved 1048576K

Heap Regions: E=young(eden), S=young(survivor), O=old, HS=humongous(starts), HC=humongous(continues), CS=collection set, F=free, OA=open archive, CA=closed archive, TAMS=top-at-mark-start (previous, next)
|   0|0x0000000780000000, 0x000000078004ac00, 0x0000000780100000| 29%| O|  |TAMS 0x0000000780000000, 0x0000000780000000| Untracked 
|   1|0x0000000780100000, 0x0000000780200000, 0x0000000780200000|100%|HS|  |TAMS 0x0000000780100000, 0x0000000780100000| Complete 
|   2|0x0000000780200000, 0x0000000780300000, 0x0000000780300000|100%|HC|  |TAMS 0x0000000780200000, 0x0000000780200000| Complete 
|   3|0x0000000780300000, 0x0000000780300000, 0x0000000780400000|  0%| F|  |TAMS 0x0000000780300000, 0x0000000780300000| Untracked 
|   4|0x0000000780400000, 0x0000000780400000, 0x0000000780500000|  0%| F|  |TAMS 0x0000000780400000, 0x0000000780400000| Untracked 
|   5|0x0000000780500000, 0x0000000780500000, 0x0000000780600000|  0%| F|  |TAMS 0x0000000780500000, 0x0000000780500000| Untracked 
|   6|0x0000000780600000, 0x0000000780600000, 0x0000000780700000|  0%| F|  |TAMS 0x0000000780600000, 0x0000000780600000| Untracked 
|   7|0x0000000780700000, 0x0000000780700000, 0x0000000780800000|  0%| F|  |TAMS 0x0000000780700000, 0x0000000780700000| Untracked 
|   8|0x0000000780800000, 0x0000000780800000, 0x0000000780900000|  0%| F|  |TAMS 0x0000000780800000, 0x0000000780800000| Untracked 
|   9|0x0000000780900000, 0x0000000780900000, 0x0000000780a00000|  0%| F|  |TAMS 0x0000000780900000, 0x0000000780900000| Untracked 
|  10|0x0000000780a00000, 0x0000000780a00000, 0x0000000780b00000|  0%| F|  |TAMS 0x0000000780a00000, 0x0000000780a00000| Untracked 
|  11|0x0000000780b00000, 0x0000000780b00000, 0x0000000780c00000|  0%| F|  |TAMS 0x0000000780b00000, 0x0000000780b00000| Untracked 
|  12|0x0000000780c00000, 0x0000000780c00000, 0x0000000780d00000|  0%| F|  |TAMS 0x0000000780c00000, 0x0000000780c00000| Untracked 
|  13|0x0000000780d00000, 0x0000000780d00000, 0x0000000780e00000|  0%| F|  |TAMS 0x0000000780d00000, 0x0000000780d00000| Untracked 
|  14|0x0000000780e00000, 0x0000000780e00000, 0x0000000780f00000|  0%| F|  |TAMS 0x0000000780e00000, 0x0000000780e00000| Untracked 
|  15|0x0000000780f00000, 0x0000000780f00000, 0x0000000781000000|  0%| F|  |TAMS 0x0000000780f00000, 0x0000000780f00000| Untracked 
|  16|0x0000000781000000, 0x0000000781000000, 0x0000000781100000|  0%| F|  |TAMS 0x0000000781000000, 0x0000000781000000| Untracked 
|  17|0x0000000781100000, 0x0000000781100000, 0x0000000781200000|  0%| F|  |TAMS 0x0000000781100000, 0x0000000781100000| Untracked 
|  18|0x0000000781200000, 0x0000000781200000, 0x0000000781300000|  0%| F|  |TAMS 0x0000000781200000, 0x0000000781200000| Untracked 
|  19|0x0000000781300000, 0x0000000781300000, 0x0000000781400000|  0%| F|  |TAMS 0x0000000781300000, 0x0000000781300000| Untracked 
|  20|0x0000000781400000, 0x0000000781400000, 0x0000000781500000|  0%| F|  |TAMS 0x0000000781400000, 0x0000000781400000| Untracked 
|  21|0x0000000781500000, 0x0000000781500000, 0x0000000781600000|  0%| F|  |TAMS 0x0000000781500000, 0x0000000781500000| Untracked 
|  22|0x0000000781600000, 0x0000000781600000, 0x0000000781700000|  0%| F|  |TAMS 0x0000000781600000, 0x0000000781600000| Untracked 
|  23|0x0000000781700000, 0x0000000781700000, 0x0000000781800000|  0%| F|  |TAMS 0x0000000781700000, 0x0000000781700000| Untracked 
|  24|0x0000000781800000, 0x0000000781800000, 0x0000000781900000|  0%| F|  |TAMS 0x0000000781800000, 0x0000000781800000| Untracked 
|  25|0x0000000781900000, 0x0000000781900000, 0x0000000781a00000|  0%| F|  |TAMS 0x0000000781900000, 0x0000000781900000| Untracked 
|  26|0x0000000781a00000, 0x0000000781a00000, 0x0000000781b00000|  0%| F|  |TAMS 0x0000000781a00000, 0x0000000781a00000| Untracked 
|  27|0x0000000781b00000, 0x0000000781b00000, 0x0000000781c00000|  0%| F|  |TAMS 0x0000000781b00000, 0x0000000781b00000| Untracked 
|  28|0x0000000781c00000, 0x0000000781c00000, 0x0000000781d00000|  0%| F|  |TAMS 0x0000000781c00000, 0x0000000781c00000| Untracked 
|  29|0x0000000781d00000, 0x0000000781d00000, 0x0000000781e00000|  0%| F|  |TAMS 0x0000000781d00000, 0x0000000781d00000| Untracked 
|  30|0x0000000781e00000, 0x0000000781e00000, 0x0000000781f00000|  0%| F|  |TAMS 0x0000000781e00000, 0x0000000781e00000| Untracked 
|  31|0x0000000781f00000, 0x0000000781f00000, 0x0000000782000000|  0%| F|  |TAMS 0x0000000781f00000, 0x0000000781f00000| Untracked 
|  32|0x0000000782000000, 0x0000000782000000, 0x0000000782100000|  0%| F|  |TAMS 0x0000000782000000, 0x0000000782000000| Untracked 
|  33|0x0000000782100000, 0x0000000782100000, 0x0000000782200000|  0%| F|  |TAMS 0x0000000782100000, 0x0000000782100000| Untracked 
|  34|0x0000000782200000, 0x0000000782200000, 0x0000000782300000|  0%| F|  |TAMS 0x0000000782200000, 0x0000000782200000| Untracked 
|  35|0x0000000782300000, 0x0000000782300000, 0x0000000782400000|  0%| F|  |TAMS 0x0000000782300000, 0x0000000782300000| Untracked 
|  36|0x0000000782400000, 0x0000000782400000, 0x0000000782500000|  0%| F|  |TAMS 0x0000000782400000, 0x0000000782400000| Untracked 
|  37|0x0000000782500000, 0x0000000782500000, 0x0000000782600000|  0%| F|  |TAMS 0x0000000782500000, 0x0000000782500000| Untracked 
|  38|0x0000000782600000, 0x0000000782600000, 0x0000000782700000|  0%| F|  |TAMS 0x0000000782600000, 0x0000000782600000| Untracked 
|  39|0x0000000782700000, 0x0000000782700000, 0x0000000782800000|  0%| F|  |TAMS 0x0000000782700000, 0x0000000782700000| Untracked 
|  40|0x0000000782800000, 0x0000000782800000, 0x0000000782900000|  0%| F|  |TAMS 0x0000000782800000, 0x0000000782800000| Untracked 
|  41|0x0000000782900000, 0x0000000782900000, 0x0000000782a00000|  0%| F|  |TAMS 0x0000000782900000, 0x0000000782900000| Untracked 
|  42|0x0000000782a00000, 0x0000000782a00000, 0x0000000782b00000|  0%| F|  |TAMS 0x0000000782a00000, 0x0000000782a00000| Untracked 
|  43|0x0000000782b00000, 0x0000000782b00000, 0x0000000782c00000|  0%| F|  |TAMS 0x0000000782b00000, 0x0000000782b00000| Untracked 
|  44|0x0000000782c00000, 0x0000000782c00000, 0x0000000782d00000|  0%| F|  |TAMS 0x0000000782c00000, 0x0000000782c00000| Untracked 
|  45|0x0000000782d00000, 0x0000000782d00000, 0x0000000782e00000|  0%| F|  |TAMS 0x0000000782d00000, 0x0000000782d00000| Untracked 
|  46|0x0000000782e00000, 0x0000000782e00000, 0x0000000782f00000|  0%| F|  |TAMS 0x0000000782e00000, 0x0000000782e00000| Untracked 
|  47|0x0000000782f00000, 0x0000000782f00000, 0x0000000783000000|  0%| F|  |TAMS 0x0000000782f00000, 0x0000000782f00000| Untracked 
|  48|0x0000000783000000, 0x0000000783000000, 0x0000000783100000|  0%| F|  |TAMS 0x0000000783000000, 0x0000000783000000| Untracked 
|  49|0x0000000783100000, 0x0000000783100000, 0x0000000783200000|  0%| F|  |TAMS 0x0000000783100000, 0x0000000783100000| Untracked 
|  50|0x0000000783200000, 0x0000000783200000, 0x0000000783300000|  0%| F|  |TAMS 0x0000000783200000, 0x0000000783200000| Untracked 
|  51|0x0000000783300000, 0x0000000783300000, 0x0000000783400000|  0%| F|  |TAMS 0x0000000783300000, 0x0000000783300000| Untracked 
|  52|0x0000000783400000, 0x0000000783400000, 0x0000000783500000|  0%| F|  |TAMS 0x0000000783400000, 0x0000000783400000| Untracked 
|  53|0x0000000783500000, 0x0000000783500000, 0x0000000783600000|  0%| F|  |TAMS 0x0000000783500000, 0x0000000783500000| Untracked 
|  54|0x0000000783600000, 0x0000000783600000, 0x0000000783700000|  0%| F|  |TAMS 0x0000000783600000, 0x0000000783600000| Untracked 
|  55|0x0000000783700000, 0x0000000783700000, 0x0000000783800000|  0%| F|  |TAMS 0x0000000783700000, 0x0000000783700000| Untracked 
|  56|0x0000000783800000, 0x0000000783800000, 0x0000000783900000|  0%| F|  |TAMS 0x0000000783800000, 0x0000000783800000| Untracked 
|  57|0x0000000783900000, 0x0000000783900000, 0x0000000783a00000|  0%| F|  |TAMS 0x0000000783900000, 0x0000000783900000| Untracked 
|  58|0x0000000783a00000, 0x0000000783a00000, 0x0000000783b00000|  0%| F|  |TAMS 0x0000000783a00000, 0x0000000783a00000| Untracked 
|  59|0x0000000783b00000, 0x0000000783b00000, 0x0000000783c00000|  0%| F|  |TAMS 0x0000000783b00000, 0x0000000783b00000| Untracked 
|  60|0x0000000783c00000, 0x0000000783c00000, 0x0000000783d00000|  0%| F|  |TAMS 0x0000000783c00000, 0x0000000783c00000| Untracked 
|  61|0x0000000783d00000, 0x0000000783d00000, 0x0000000783e00000|  0%| F|  |TAMS 0x0000000783d00000, 0x0000000783d00000| Untracked 
|  62|0x0000000783e00000, 0x0000000783e00000, 0x0000000783f00000|  0%| F|  |TAMS 0x0000000783e00000, 0x0000000783e00000| Untracked 
|  63|0x0000000783f00000, 0x0000000783f00000, 0x0000000784000000|  0%| F|  |TAMS 0x0000000783f00000, 0x0000000783f00000| Untracked 
|  64|0x0000000784000000, 0x0000000784000000, 0x0000000784100000|  0%| F|  |TAMS 0x0000000784000000, 0x0000000784000000| Untracked 
|  65|0x0000000784100000, 0x0000000784100000, 0x0000000784200000|  0%| F|  |TAMS 0x0000000784100000, 0x0000000784100000| Untracked 
|  66|0x0000000784200000, 0x0000000784200000, 0x0000000784300000|  0%| F|  |TAMS 0x0000000784200000, 0x0000000784200000| Untracked 
|  67|0x0000000784300000, 0x0000000784300000, 0x0000000784400000|  0%| F|  |TAMS 0x0000000784300000, 0x0000000784300000| Untracked 
|  68|0x0000000784400000, 0x0000000784400000, 0x0000000784500000|  0%| F|  |TAMS 0x0000000784400000, 0x0000000784400000| Untracked 
|  69|0x0000000784500000, 0x0000000784500000, 0x0000000784600000|  0%| F|  |TAMS 0x0000000784500000, 0x0000000784500000| Untracked 
|  70|0x0000000784600000, 0x0000000784600000, 0x0000000784700000|  0%| F|  |TAMS 0x0000000784600000, 0x0000000784600000| Untracked 
|  71|0x0000000784700000, 0x0000000784700000, 0x0000000784800000|  0%| F|  |TAMS 0x0000000784700000, 0x0000000784700000| Untracked 
|  72|0x0000000784800000, 0x0000000784800000, 0x0000000784900000|  0%| F|  |TAMS 0x0000000784800000, 0x0000000784800000| Untracked 
|  73|0x0000000784900000, 0x0000000784900000, 0x0000000784a00000|  0%| F|  |TAMS 0x0000000784900000, 0x0000000784900000| Untracked 
|  74|0x0000000784a00000, 0x0000000784a00000, 0x0000000784b00000|  0%| F|  |TAMS 0x0000000784a00000, 0x0000000784a00000| Untracked 
|  75|0x0000000784b00000, 0x0000000784b00000, 0x0000000784c00000|  0%| F|  |TAMS 0x0000000784b00000, 0x0000000784b00000| Untracked 
|  76|0x0000000784c00000, 0x0000000784c00000, 0x0000000784d00000|  0%| F|  |TAMS 0x0000000784c00000, 0x0000000784c00000| Untracked 
|  77|0x0000000784d00000, 0x0000000784d00000, 0x0000000784e00000|  0%| F|  |TAMS 0x0000000784d00000, 0x0000000784d00000| Untracked 
|  78|0x0000000784e00000, 0x0000000784e00000, 0x0000000784f00000|  0%| F|  |TAMS 0x0000000784e00000, 0x0000000784e00000| Untracked 
|  79|0x0000000784f00000, 0x0000000784f00000, 0x0000000785000000|  0%| F|  |TAMS 0x0000000784f00000, 0x0000000784f00000| Untracked 
|  80|0x0000000785000000, 0x0000000785000000, 0x0000000785100000|  0%| F|  |TAMS 0x0000000785000000, 0x0000000785000000| Untracked 
|  81|0x0000000785100000, 0x0000000785100000, 0x0000000785200000|  0%| F|  |TAMS 0x0000000785100000, 0x0000000785100000| Untracked 
|  82|0x0000000785200000, 0x0000000785200000, 0x0000000785300000|  0%| F|  |TAMS 0x0000000785200000, 0x0000000785200000| Untracked 
|  83|0x0000000785300000, 0x0000000785300000, 0x0000000785400000|  0%| F|  |TAMS 0x0000000785300000, 0x0000000785300000| Untracked 
|  84|0x0000000785400000, 0x0000000785400000, 0x0000000785500000|  0%| F|  |TAMS 0x0000000785400000, 0x0000000785400000| Untracked 
|  85|0x0000000785500000, 0x0000000785500000, 0x0000000785600000|  0%| F|  |TAMS 0x0000000785500000, 0x0000000785500000| Untracked 
|  86|0x0000000785600000, 0x0000000785600000, 0x0000000785700000|  0%| F|  |TAMS 0x0000000785600000, 0x0000000785600000| Untracked 
|  87|0x0000000785700000, 0x0000000785700000, 0x0000000785800000|  0%| F|  |TAMS 0x0000000785700000, 0x0000000785700000| Untracked 
|  88|0x0000000785800000, 0x0000000785800000, 0x0000000785900000|  0%| F|  |TAMS 0x0000000785800000, 0x0000000785800000| Untracked 
|  89|0x0000000785900000, 0x0000000785900000, 0x0000000785a00000|  0%| F|  |TAMS 0x0000000785900000, 0x0000000785900000| Untracked 
|  90|0x0000000785a00000, 0x0000000785a00000, 0x0000000785b00000|  0%| F|  |TAMS 0x0000000785a00000, 0x0000000785a00000| Untracked 
|  91|0x0000000785b00000, 0x0000000785b00000, 0x0000000785c00000|  0%| F|  |TAMS 0x0000000785b00000, 0x0000000785b00000| Untracked 
|  92|0x0000000785c00000, 0x0000000785c00000, 0x0000000785d00000|  0%| F|  |TAMS 0x0000000785c00000, 0x0000000785c00000| Untracked 
|  93|0x0000000785d00000, 0x0000000785d00000, 0x0000000785e00000|  0%| F|  |TAMS 0x0000000785d00000, 0x0000000785d00000| Untracked 
|  94|0x0000000785e00000, 0x0000000785e00000, 0x0000000785f00000|  0%| F|  |TAMS 0x0000000785e00000, 0x0000000785e00000| Untracked 
|  95|0x0000000785f00000, 0x0000000785f00000, 0x0000000786000000|  0%| F|  |TAMS 0x0000000785f00000, 0x0000000785f00000| Untracked 
|  96|0x0000000786000000, 0x0000000786000000, 0x0000000786100000|  0%| F|  |TAMS 0x0000000786000000, 0x0000000786000000| Untracked 
|  97|0x0000000786100000, 0x0000000786100000, 0x0000000786200000|  0%| F|  |TAMS 0x0000000786100000, 0x0000000786100000| Untracked 
|  98|0x0000000786200000, 0x0000000786200000, 0x0000000786300000|  0%| F|  |TAMS 0x0000000786200000, 0x0000000786200000| Untracked 
|  99|0x0000000786300000, 0x0000000786300000, 0x0000000786400000|  0%| F|  |TAMS 0x0000000786300000, 0x0000000786300000| Untracked 
| 100|0x0000000786400000, 0x0000000786400000, 0x0000000786500000|  0%| F|  |TAMS 0x0000000786400000, 0x0000000786400000| Untracked 
| 101|0x0000000786500000, 0x0000000786500000, 0x0000000786600000|  0%| F|  |TAMS 0x0000000786500000, 0x0000000786500000| Untracked 
| 102|0x0000000786600000, 0x0000000786700000, 0x0000000786700000|100%| S|CS|TAMS 0x0000000786600000, 0x0000000786600000| Complete 
| 103|0x0000000786700000, 0x0000000786800000, 0x0000000786800000|100%| S|CS|TAMS 0x0000000786700000, 0x0000000786700000| Complete 
| 104|0x0000000786800000, 0x0000000786900000, 0x0000000786900000|100%| S|CS|TAMS 0x0000000786800000, 0x0000000786800000| Complete 
| 105|0x0000000786900000, 0x0000000786900000, 0x0000000786a00000|  0%| F|  |TAMS 0x0000000786900000, 0x0000000786900000| Untracked 
| 106|0x0000000786a00000, 0x0000000786a298c8, 0x0000000786b00000| 16%| E|  |TAMS 0x0000000786a00000, 0x0000000786a00000| Complete 
| 107|0x0000000786b00000, 0x0000000786c00000, 0x0000000786c00000|100%| E|CS|TAMS 0x0000000786b00000, 0x0000000786b00000| Complete 
| 108|0x0000000786c00000, 0x0000000786d00000, 0x0000000786d00000|100%| E|CS|TAMS 0x0000000786c00000, 0x0000000786c00000| Complete 
| 109|0x0000000786d00000, 0x0000000786e00000, 0x0000000786e00000|100%| E|CS|TAMS 0x0000000786d00000, 0x0000000786d00000| Complete 
| 110|0x0000000786e00000, 0x0000000786f00000, 0x0000000786f00000|100%| E|CS|TAMS 0x0000000786e00000, 0x0000000786e00000| Complete 
| 111|0x0000000786f00000, 0x0000000787000000, 0x0000000787000000|100%| E|CS|TAMS 0x0000000786f00000, 0x0000000786f00000| Complete 
| 112|0x0000000787000000, 0x0000000787100000, 0x0000000787100000|100%| E|CS|TAMS 0x0000000787000000, 0x0000000787000000| Complete 
| 113|0x0000000787100000, 0x0000000787200000, 0x0000000787200000|100%| E|CS|TAMS 0x0000000787100000, 0x0000000787100000| Complete 
| 114|0x0000000787200000, 0x0000000787300000, 0x0000000787300000|100%| E|CS|TAMS 0x0000000787200000, 0x0000000787200000| Complete 
| 115|0x0000000787300000, 0x0000000787400000, 0x0000000787400000|100%| E|CS|TAMS 0x0000000787300000, 0x0000000787300000| Complete 
| 116|0x0000000787400000, 0x0000000787500000, 0x0000000787500000|100%| E|CS|TAMS 0x0000000787400000, 0x0000000787400000| Complete 
| 117|0x0000000787500000, 0x0000000787600000, 0x0000000787600000|100%| E|CS|TAMS 0x0000000787500000, 0x0000000787500000| Complete 
| 118|0x0000000787600000, 0x0000000787700000, 0x0000000787700000|100%| E|CS|TAMS 0x0000000787600000, 0x0000000787600000| Complete 
| 119|0x0000000787700000, 0x0000000787800000, 0x0000000787800000|100%| E|CS|TAMS 0x0000000787700000, 0x0000000787700000| Complete 
| 120|0x0000000787800000, 0x0000000787900000, 0x0000000787900000|100%| E|CS|TAMS 0x0000000787800000, 0x0000000787800000| Complete 
| 121|0x0000000787900000, 0x0000000787a00000, 0x0000000787a00000|100%| E|CS|TAMS 0x0000000787900000, 0x0000000787900000| Complete 
| 122|0x0000000787a00000, 0x0000000787b00000, 0x0000000787b00000|100%| E|CS|TAMS 0x0000000787a00000, 0x0000000787a00000| Complete 
| 123|0x0000000787b00000, 0x0000000787c00000, 0x0000000787c00000|100%| E|CS|TAMS 0x0000000787b00000, 0x0000000787b00000| Complete 
| 124|0x0000000787c00000, 0x0000000787d00000, 0x0000000787d00000|100%| E|CS|TAMS 0x0000000787c00000, 0x0000000787c00000| Complete 
| 125|0x0000000787d00000, 0x0000000787e00000, 0x0000000787e00000|100%| E|CS|TAMS 0x0000000787d00000, 0x0000000787d00000| Complete 
| 126|0x0000000787e00000, 0x0000000787f00000, 0x0000000787f00000|100%| E|CS|TAMS 0x0000000787e00000, 0x0000000787e00000| Complete 
| 127|0x0000000787f00000, 0x0000000788000000, 0x0000000788000000|100%| E|CS|TAMS 0x0000000787f00000, 0x0000000787f00000| Complete 
|2046|0x00000007ffe00000, 0x00000007ffe78000, 0x00000007fff00000| 46%|OA|  |TAMS 0x00000007ffe00000, 0x00000007ffe00000| Untracked 
|2047|0x00000007fff00000, 0x00000007fff80000, 0x0000000800000000| 50%|CA|  |TAMS 0x00000007fff00000, 0x00000007fff00000| Untracked 

Card table byte_map: [0x0000000104d64000,0x0000000105164000] _byte_map_base: 0x0000000101164000

Marking Bits (Prev, Next): (CMBitMap*) 0x000000012a809810, (CMBitMap*) 0x000000012a809850
 Prev Bits: [0x000000010dcc8000, 0x000000010fcc8000)
 Next Bits: [0x000000011a000000, 0x000000011c000000)

Polling page: 0x00000001044cc000

Metaspace:

Usage:
  Non-class:     10.65 MB used.
      Class:      1.70 MB used.
       Both:     12.35 MB used.

Virtual space:
  Non-class space:       16.00 MB reserved,      10.75 MB ( 67%) committed,  2 nodes.
      Class space:        1.00 GB reserved,       1.81 MB ( <1%) committed,  1 nodes.
             Both:        1.02 GB reserved,      12.56 MB (  1%) committed. 

Chunk freelists:
   Non-Class:  1.08 MB
       Class:  2.15 MB
        Both:  3.23 MB

MaxMetaspaceSize: unlimited
CompressedClassSpaceSize: 1.00 GB
Initial GC threshold: 21.00 MB
Current GC threshold: 21.00 MB
CDS: on
MetaspaceReclaimPolicy: balanced
 - commit_granule_bytes: 65536.
 - commit_granule_words: 8192.
 - virtual_space_node_default_size: 1048576.
 - enlarge_chunks_in_place: 1.
 - new_chunks_are_fully_committed: 0.
 - uncommit_free_chunks: 1.
 - use_allocation_guard: 0.
 - handle_deallocations: 1.


Internal statistics:

num_allocs_failed_limit: 0.
num_arena_births: 184.
num_arena_deaths: 0.
num_vsnodes_births: 3.
num_vsnodes_deaths: 0.
num_space_committed: 201.
num_space_uncommitted: 0.
num_chunks_returned_to_freelist: 0.
num_chunks_taken_from_freelist: 562.
num_chunk_merges: 0.
num_chunk_splits: 392.
num_chunks_enlarged: 303.
num_purges: 0.
num_inconsistent_stats: 0.

CodeHeap 'non-profiled nmethods': size=120032Kb used=599Kb max_used=599Kb free=119432Kb
 bounds [0x000000013fac8000, 0x000000013fd38000, 0x0000000147000000]
CodeHeap 'profiled nmethods': size=120016Kb used=2769Kb max_used=2769Kb free=117246Kb
 bounds [0x0000000138594000, 0x0000000138854000, 0x000000013fac8000]
CodeHeap 'non-nmethods': size=5712Kb used=1358Kb max_used=1480Kb free=4353Kb
 bounds [0x0000000138000000, 0x0000000138270000, 0x0000000138594000]
 total_blobs=2220 nmethods=1479 adapters=658
 compilation: enabled
              stopped_count=0, restarted_count=0
 full_count=0

Compilation events (20 events):
Event: 2.355 Thread 0x000000012a009200 1520       3       java.lang.String::startsWith (138 bytes)
Event: 2.355 Thread 0x000000012a009200 nmethod 1520 0x0000000138842090 code [0x0000000138842300, 0x0000000138842ba8]
Event: 2.359 Thread 0x000000012a80f000 nmethod 1514% 0x000000013fb5a590 code [0x000000013fb5a7c0, 0x000000013fb5b240]
Event: 2.438 Thread 0x000000012a009200 1521       3       java.util.WeakHashMap$HashIterator::hasNext (95 bytes)
Event: 2.439 Thread 0x000000012a009200 nmethod 1521 0x0000000138842e90 code [0x0000000138843080, 0x0000000138843668]
Event: 2.605 Thread 0x000000012a009200 1522       3       java.util.WeakHashMap::size (18 bytes)
Event: 2.605 Thread 0x000000012a009200 nmethod 1522 0x0000000138843810 code [0x00000001388439c0, 0x0000000138843bd8]
Event: 2.738 Thread 0x000000012a009200 1523       1       java.util.WeakHashMap$Entry::getValue (5 bytes)
Event: 2.739 Thread 0x000000012a009200 nmethod 1523 0x000000013fb5ba10 code [0x000000013fb5bb80, 0x000000013fb5bc68]
Event: 3.135 Thread 0x000000012a009200 1524       3       javafx.beans.property.BooleanPropertyBase::get (29 bytes)
Event: 3.136 Thread 0x000000012a009200 nmethod 1524 0x0000000138843c90 code [0x0000000138843e40, 0x00000001388440d8]
Event: 3.136 Thread 0x000000012a009200 1525       3       javafx.scene.Scene$ClickCounter::stopTimeout (20 bytes)
Event: 3.136 Thread 0x000000012a009200 nmethod 1525 0x0000000138844190 code [0x0000000138844340, 0x0000000138844558]
Event: 3.136 Thread 0x000000012a009200 1527       3       java.util.ArrayList::add (65 bytes)
Event: 3.137 Thread 0x000000012a009200 nmethod 1527 0x0000000138844610 code [0x0000000138844840, 0x0000000138844f68]
Event: 3.137 Thread 0x000000012a009200 1526       3       com.sun.javafx.tk.quantum.QuantumToolkit::getMultiClickMaxX (4 bytes)
Event: 3.137 Thread 0x000000012a009200 nmethod 1526 0x0000000138845210 code [0x0000000138845400, 0x0000000138845758]
Event: 3.156 Thread 0x000000012a009200 1528       3       javafx.css.CssMetaData::hashCode (28 bytes)
Event: 3.156 Thread 0x000000012a80f000 1529       4       java.util.HashMap::get (19 bytes)
Event: 3.157 Thread 0x000000012a009200 nmethod 1528 0x0000000138845910 code [0x0000000138845ac0, 0x0000000138845c98]

GC Heap History (2 events):
Event: 0.652 GC heap before
{Heap before GC invocations=0 (full 0):
 garbage-first heap   total 133120K, used 23520K [0x0000000780000000, 0x0000000800000000)
  region size 1024K, 23 young (23552K), 0 survivors (0K)
 Metaspace       used 7674K, committed 7872K, reserved 1056768K
  class space    used 1005K, committed 1088K, reserved 1048576K
}
Event: 0.654 GC heap after
{Heap after GC invocations=1 (full 0):
 garbage-first heap   total 133120K, used 4363K [0x0000000780000000, 0x0000000800000000)
  region size 1024K, 3 young (3072K), 3 survivors (3072K)
 Metaspace       used 7674K, committed 7872K, reserved 1056768K
  class space    used 1005K, committed 1088K, reserved 1048576K
}

Deoptimization events (20 events):
Event: 1.093 Thread 0x000000012b864800 Uncommon trap: trap_request=0xffffffc6 fr.pc=0x000000013fb08378 relative=0x0000000000000478
Event: 1.093 Thread 0x000000012b864800 Uncommon trap: reason=bimorphic_or_optimized_type_check action=maybe_recompile pc=0x000000013fb08378 method=java.util.concurrent.ConcurrentHashMap.get(Ljava/lang/Object;)Ljava/lang/Object; @ 149 c2
Event: 1.093 Thread 0x000000012b864800 DEOPT PACKING pc=0x000000013fb08378 sp=0x000000016e441330
Event: 1.093 Thread 0x000000012b864800 DEOPT UNPACKING pc=0x000000013803ed1c sp=0x000000016e4412c0 mode 2
Event: 1.251 Thread 0x0000000119e9d400 Uncommon trap: trap_request=0xffffff45 fr.pc=0x000000013fadb144 relative=0x0000000000000104
Event: 1.251 Thread 0x0000000119e9d400 Uncommon trap: reason=unstable_if action=reinterpret pc=0x000000013fadb144 method=java.lang.StringLatin1.lastIndexOf([BI[BII)I @ 86 c2
Event: 1.251 Thread 0x0000000119e9d400 DEOPT PACKING pc=0x000000013fadb144 sp=0x000000016fbdd8b0
Event: 1.251 Thread 0x0000000119e9d400 DEOPT UNPACKING pc=0x000000013803ed1c sp=0x000000016fbdd810 mode 2
Event: 2.338 Thread 0x000000012b897c00 Uncommon trap: trap_request=0xffffff45 fr.pc=0x000000013fb4a274 relative=0x0000000000000134
Event: 2.338 Thread 0x000000012b897c00 Uncommon trap: reason=unstable_if action=reinterpret pc=0x000000013fb4a274 method=java.lang.String.indexOf(II)I @ 4 c2
Event: 2.338 Thread 0x000000012b897c00 DEOPT PACKING pc=0x000000013fb4a274 sp=0x000000016b9b2830
Event: 2.338 Thread 0x000000012b897c00 DEOPT UNPACKING pc=0x000000013803ed1c sp=0x000000016b9b2750 mode 2
Event: 2.339 Thread 0x000000012b897c00 Uncommon trap: trap_request=0xffffff45 fr.pc=0x000000013fb12b84 relative=0x00000000000001c4
Event: 2.339 Thread 0x000000012b897c00 Uncommon trap: reason=unstable_if action=reinterpret pc=0x000000013fb12b84 method=java.lang.String.startsWith(Ljava/lang/String;I)Z @ 50 c2
Event: 2.339 Thread 0x000000012b897c00 DEOPT PACKING pc=0x000000013fb12b84 sp=0x000000016b9b2840
Event: 2.339 Thread 0x000000012b897c00 DEOPT UNPACKING pc=0x000000013803ed1c sp=0x000000016b9b27a0 mode 2
Event: 2.340 Thread 0x000000012b897c00 Uncommon trap: trap_request=0xffffff45 fr.pc=0x000000013faea898 relative=0x0000000000000158
Event: 2.340 Thread 0x000000012b897c00 Uncommon trap: reason=unstable_if action=reinterpret pc=0x000000013faea898 method=java.lang.String.isLatin1()Z @ 10 c2
Event: 2.340 Thread 0x000000012b897c00 DEOPT PACKING pc=0x000000013faea898 sp=0x000000016b9b28d0
Event: 2.340 Thread 0x000000012b897c00 DEOPT UNPACKING pc=0x000000013803ed1c sp=0x000000016b9b2820 mode 2

Classes unloaded (0 events):
No events

Classes redefined (0 events):
No events

Internal exceptions (20 events):
Event: 0.580 Thread 0x0000000119808a00 Exception <a 'java/lang/NoSuchMethodError'{0x00000007876dd9b8}: 'java.lang.Object java.lang.invoke.DirectMethodHandle$Holder.newInvokeSpecial(java.lang.Object, java.lang.Object, java.lang.Object, java.lang.Object, java.lang.Object)'> (0x00000007876dd9b8) 
thrown [open/src/hotspot/share/interpreter/linkResolver.cpp, line 766]
Event: 0.581 Thread 0x000000012b8c2000 Exception <a 'java/lang/NoSuchMethodError'{0x000000078727a308}: 'void java.lang.invoke.DirectMethodHandle$Holder.invokeStatic(java.lang.Object, java.lang.Object, java.lang.Object, java.lang.Object)'> (0x000000078727a308) 
thrown [open/src/hotspot/share/interpreter/linkResolver.cpp, line 766]
Event: 0.605 Thread 0x000000012b897c00 Exception <a 'sun/nio/fs/UnixException'{0x0000000786fd5b40}> (0x0000000786fd5b40) 
thrown [open/src/hotspot/share/prims/jni.cpp, line 516]
Event: 0.628 Thread 0x000000012b897c00 Exception <a 'java/lang/NoSuchMethodError'{0x0000000786c75058}: 'java.lang.Object java.lang.invoke.DirectMethodHandle$Holder.invokeStaticInit(java.lang.Object, java.lang.Object, java.lang.Object, java.lang.Object)'> (0x0000000786c75058) 
thrown [open/src/hotspot/share/interpreter/linkResolver.cpp, line 766]
Event: 0.628 Thread 0x000000012b897c00 Exception <a 'java/lang/NullPointerException'{0x0000000786c80d60}> (0x0000000786c80d60) 
thrown [open/src/hotspot/share/interpreter/linkResolver.cpp, line 1357]
Event: 0.636 Thread 0x000000012b897c00 Exception <a 'java/lang/NoSuchMethodError'{0x0000000786a0e398}: 'java.lang.Object java.lang.invoke.DirectMethodHandle$Holder.invokeSpecial(java.lang.Object, java.lang.Object, java.lang.Object, int, java.lang.Object)'> (0x0000000786a0e398) 
thrown [open/src/hotspot/share/interpreter/linkResolver.cpp, line 766]
Event: 0.693 Thread 0x000000012b897c00 Exception <a 'java/lang/NoSuchMethodError'{0x0000000787b18a18}: 'void java.lang.invoke.DirectMethodHandle$Holder.invokeStaticInit(java.lang.Object, java.lang.Object)'> (0x0000000787b18a18) 
thrown [open/src/hotspot/share/interpreter/linkResolver.cpp, line 766]
Event: 0.695 Thread 0x000000012b897c00 Exception <a 'java/lang/NoSuchMethodError'{0x0000000787b4deb8}: 'void java.lang.invoke.DirectMethodHandle$Holder.invokeSpecial(java.lang.Object, java.lang.Object, java.lang.Object, java.lang.Object, java.lang.Object)'> (0x0000000787b4deb8) 
thrown [open/src/hotspot/share/interpreter/linkResolver.cpp, line 766]
Event: 0.705 Thread 0x000000012b897c00 Exception <a 'sun/nio/fs/UnixException'{0x0000000787adc8c0}> (0x0000000787adc8c0) 
thrown [open/src/hotspot/share/prims/jni.cpp, line 516]
Event: 0.712 Thread 0x000000012b897c00 Implicit null exception at 0x000000013fb09178 to 0x000000013fb09208
Event: 0.717 Thread 0x000000012b897c00 Implicit null exception at 0x000000013fb133d4 to 0x000000013fb1372c
Event: 0.828 Thread 0x000000012b897c00 Implicit null exception at 0x000000013fb0fcd4 to 0x000000013fb10028
Event: 0.923 Thread 0x000000012b897c00 Exception <a 'java/lang/NoSuchMethodError'{0x0000000787315b70}: 'java.lang.Object java.lang.invoke.DirectMethodHandle$Holder.invokeInterface(java.lang.Object, java.lang.Object, java.lang.Object)'> (0x0000000787315b70) 
thrown [open/src/hotspot/share/interpreter/linkResolver.cpp, line 766]
Event: 0.923 Thread 0x000000012b897c00 Exception <a 'java/lang/IncompatibleClassChangeError'{0x00000007873194f8}: Found class java.lang.Object, but interface was expected> (0x00000007873194f8) 
thrown [open/src/hotspot/share/interpreter/linkResolver.cpp, line 833]
Event: 0.975 Thread 0x000000012b897c00 Exception <a 'java/lang/NoSuchMethodError'{0x0000000787103160}: 'java.lang.Object java.lang.invoke.DirectMethodHandle$Holder.newInvokeSpecial(java.lang.Object, java.lang.Object, int)'> (0x0000000787103160) 
thrown [open/src/hotspot/share/interpreter/linkResolver.cpp, line 766]
Event: 1.016 Thread 0x000000012b864800 Exception <a 'java/lang/NoSuchMethodError'{0x0000000787066ca0}: 'int java.lang.invoke.DirectMethodHandle$Holder.invokeStaticInit(java.lang.Object, java.lang.Object)'> (0x0000000787066ca0) 
thrown [open/src/hotspot/share/interpreter/linkResolver.cpp, line 766]
Event: 2.290 Thread 0x000000012b897c00 Exception <a 'java/lang/NoSuchMethodError'{0x0000000786ba9f28}: 'long java.lang.invoke.DirectMethodHandle$Holder.invokeStatic(java.lang.Object, java.lang.Object, java.lang.Object)'> (0x0000000786ba9f28) 
thrown [open/src/hotspot/share/interpreter/linkResolver.cpp, line 766]
Event: 2.290 Thread 0x000000012b897c00 Exception <a 'java/lang/NoSuchMethodError'{0x0000000786bad6d0}: 'long java.lang.invoke.DirectMethodHandle$Holder.invokeStaticInit(java.lang.Object, java.lang.Object, java.lang.Object)'> (0x0000000786bad6d0) 
thrown [open/src/hotspot/share/interpreter/linkResolver.cpp, line 766]
Event: 2.292 Thread 0x000000012b897c00 Exception <a 'java/lang/NoSuchMethodError'{0x0000000786bc52d8}: 'java.lang.Object java.lang.invoke.DirectMethodHandle$Holder.newInvokeSpecial(java.lang.Object, java.lang.Object, long)'> (0x0000000786bc52d8) 
thrown [open/src/hotspot/share/interpreter/linkResolver.cpp, line 766]
Event: 2.292 Thread 0x000000012b897c00 Exception <a 'java/lang/NoSuchMethodError'{0x0000000786bc8ba0}: 'java.lang.Object java.lang.invoke.Invokers$Holder.linkToTargetMethod(java.lang.Object, long, java.lang.Object)'> (0x0000000786bc8ba0) 
thrown [open/src/hotspot/share/interpreter/linkResolver.cpp, line 766]

VM Operations (20 events):
Event: 0.082 Executing VM operation: HandshakeAllThreads
Event: 0.082 Executing VM operation: HandshakeAllThreads done
Event: 0.127 Executing VM operation: ICBufferFull
Event: 0.127 Executing VM operation: ICBufferFull done
Event: 0.640 Executing VM operation: HandshakeAllThreads
Event: 0.640 Executing VM operation: HandshakeAllThreads done
Event: 0.652 Executing VM operation: G1CollectForAllocation
Event: 0.654 Executing VM operation: G1CollectForAllocation done
Event: 0.673 Executing VM operation: HandshakeAllThreads
Event: 0.673 Executing VM operation: HandshakeAllThreads done
Event: 0.690 Executing VM operation: ICBufferFull
Event: 0.690 Executing VM operation: ICBufferFull done
Event: 0.906 Executing VM operation: HandshakeAllThreads
Event: 0.906 Executing VM operation: HandshakeAllThreads done
Event: 1.007 Executing VM operation: ICBufferFull
Event: 1.007 Executing VM operation: ICBufferFull done
Event: 2.143 Executing VM operation: Cleanup
Event: 2.143 Executing VM operation: Cleanup done
Event: 3.146 Executing VM operation: Cleanup
Event: 3.146 Executing VM operation: Cleanup done

Events (20 events):
Event: 1.251 loading class sun/util/resources/TimeZoneNames
Event: 1.251 loading class sun/util/resources/TimeZoneNames done
Event: 1.252 loading class sun/util/resources/TimeZoneNames_en
Event: 1.252 loading class sun/util/resources/TimeZoneNames_en done
Event: 1.288 Protecting memory [0x000000016e6e4000,0x000000016e6f0000] with protection modes 3
Event: 1.288 Thread 0x000000012a8eca00 Thread exited: 0x000000012a8eca00
Event: 1.659 loading class java/util/EnumMap$Values
Event: 1.659 loading class java/util/EnumMap$Values done
Event: 1.659 loading class java/util/EnumMap$ValueIterator
Event: 1.659 loading class java/util/EnumMap$EnumMapIterator
Event: 1.659 loading class java/util/EnumMap$EnumMapIterator done
Event: 1.659 loading class java/util/EnumMap$ValueIterator done
Event: 2.021 Protecting memory [0x000000016e6e4000,0x000000016e6f0000] with protection modes 0
Event: 2.021 Thread 0x000000012ac95000 Thread added: 0x000000012ac95000
Event: 2.034 loading class jdk/internal/misc/ScopedMemoryAccess$Scope
Event: 2.034 loading class jdk/internal/misc/ScopedMemoryAccess$Scope done
Event: 3.087 Protecting memory [0x000000016e6e4000,0x000000016e6f0000] with protection modes 3
Event: 3.087 Thread 0x000000012ac95000 Thread exited: 0x000000012ac95000
Event: 3.155 Protecting memory [0x000000016e6e4000,0x000000016e6f0000] with protection modes 0
Event: 3.155 Thread 0x0000000118829a00 Thread added: 0x0000000118829a00


Dynamic libraries:
0x000000010447c000 	/Users/southrussian/Library/Java/JavaVirtualMachines/openjdk-17.0.2/Contents/Home/lib/libjli.dylib
0x00000001b311d000 	/usr/lib/libz.1.dylib
0x00000001b31cd000 	/usr/lib/libSystem.B.dylib
0x00000001b31c7000 	/usr/lib/system/libcache.dylib
0x00000001b3185000 	/usr/lib/system/libcommonCrypto.dylib
0x00000001b31ae000 	/usr/lib/system/libcompiler_rt.dylib
0x00000001b31a5000 	/usr/lib/system/libcopyfile.dylib
0x00000001a8506000 	/usr/lib/system/libcorecrypto.dylib
0x00000001a85ab000 	/usr/lib/system/libdispatch.dylib
0x00000001a8773000 	/usr/lib/system/libdyld.dylib
0x00000001b31bd000 	/usr/lib/system/libkeymgr.dylib
0x00000001b3167000 	/usr/lib/system/libmacho.dylib
0x00000001b2867000 	/usr/lib/system/libquarantine.dylib
0x00000001b31ba000 	/usr/lib/system/libremovefile.dylib
0x00000001ad905000 	/usr/lib/system/libsystem_asl.dylib
0x00000001a84b0000 	/usr/lib/system/libsystem_blocks.dylib
0x00000001a8631000 	/usr/lib/system/libsystem_c.dylib
0x00000001b31b2000 	/usr/lib/system/libsystem_collections.dylib
0x00000001b1d26000 	/usr/lib/system/libsystem_configuration.dylib
0x00000001b0faa000 	/usr/lib/system/libsystem_containermanager.dylib
0x00000001b2ece000 	/usr/lib/system/libsystem_coreservices.dylib
0x00000001aae97000 	/usr/lib/system/libsystem_darwin.dylib
0x00000001b31be000 	/usr/lib/system/libsystem_dnssd.dylib
0x00000001a862e000 	/usr/lib/system/libsystem_featureflags.dylib
0x00000001a8788000 	/usr/lib/system/libsystem_info.dylib
0x00000001b312f000 	/usr/lib/system/libsystem_m.dylib
0x00000001a8580000 	/usr/lib/system/libsystem_malloc.dylib
0x00000001ad896000 	/usr/lib/system/libsystem_networkextension.dylib
0x00000001ab2eb000 	/usr/lib/system/libsystem_notify.dylib
0x00000001b93d1000 	/usr/lib/system/libsystem_product_info_filter.dylib
0x00000001b1d2b000 	/usr/lib/system/libsystem_sandbox.dylib
0x00000001b31b7000 	/usr/lib/system/libsystem_secinit.dylib
0x00000001a8730000 	/usr/lib/system/libsystem_kernel.dylib
0x00000001a8780000 	/usr/lib/system/libsystem_platform.dylib
0x00000001a8766000 	/usr/lib/system/libsystem_pthread.dylib
0x00000001af042000 	/usr/lib/system/libsystem_symptoms.dylib
0x00000001a84ec000 	/usr/lib/system/libsystem_trace.dylib
0x00000001b3192000 	/usr/lib/system/libunwind.dylib
0x00000001a84b2000 	/usr/lib/system/libxpc.dylib
0x00000001a8716000 	/usr/lib/libc++abi.dylib
0x00000001a85f2000 	/usr/lib/libobjc.A.dylib
0x00000001b319d000 	/usr/lib/liboah.dylib
0x00000001a86b2000 	/usr/lib/libc++.1.dylib
0x00000001bedd2000 	/System/Library/Frameworks/Cocoa.framework/Versions/A/Cocoa
0x00000001ab34b000 	/System/Library/Frameworks/AppKit.framework/Versions/C/AppKit
0x00000001ae881000 	/System/Library/Frameworks/CoreData.framework/Versions/A/CoreData
0x00000001a96a8000 	/System/Library/Frameworks/Foundation.framework/Versions/C/Foundation
0x00000001ac202000 	/System/Library/PrivateFrameworks/UIFoundation.framework/Versions/A/UIFoundation
0x00000001b90cb000 	/System/Library/PrivateFrameworks/RemoteViewServices.framework/Versions/A/RemoteViewServices
0x00000001b16e4000 	/System/Library/PrivateFrameworks/XCTTargetBootstrap.framework/Versions/A/XCTTargetBootstrap
0x00000001b4ece000 	/System/Library/PrivateFrameworks/InternationalSupport.framework/Versions/A/InternationalSupport
0x00000001b4f57000 	/System/Library/PrivateFrameworks/UserActivity.framework/Versions/A/UserActivity
0x00000001b43fc000 	/usr/lib/libspindump.dylib
0x00000001ac472000 	/System/Library/Frameworks/UniformTypeIdentifiers.framework/Versions/A/UniformTypeIdentifiers
0x00000001afc71000 	/usr/lib/libapp_launch_measurement.dylib
0x00000001af1e9000 	/System/Library/PrivateFrameworks/CoreAnalytics.framework/Versions/A/CoreAnalytics
0x00000001afc74000 	/System/Library/PrivateFrameworks/CoreAutoLayout.framework/Versions/A/CoreAutoLayout
0x00000001b0fe7000 	/System/Library/Frameworks/Metal.framework/Versions/A/Metal
0x00000001b1d36000 	/usr/lib/liblangid.dylib
0x00000001b16e8000 	/System/Library/PrivateFrameworks/CoreSVG.framework/Versions/A/CoreSVG
0x00000001ad939000 	/System/Library/PrivateFrameworks/SkyLight.framework/Versions/A/SkyLight
0x00000001add06000 	/System/Library/Frameworks/CoreGraphics.framework/Versions/A/CoreGraphics
0x00000001b9749000 	/System/Library/Frameworks/Accelerate.framework/Versions/A/Accelerate
0x00000001b3e70000 	/System/Library/PrivateFrameworks/IconServices.framework/Versions/A/IconServices
0x00000001b0fc9000 	/System/Library/Frameworks/IOSurface.framework/Versions/A/IOSurface
0x00000001af219000 	/usr/lib/libDiagnosticMessagesClient.dylib
0x00000001bcb92000 	/System/Library/Frameworks/ApplicationServices.framework/Versions/A/ApplicationServices
0x00000001b16cc000 	/System/Library/PrivateFrameworks/DFRFoundation.framework/Versions/A/DFRFoundation
0x00000001aabec000 	/usr/lib/libicucore.A.dylib
0x00000001b5ccf000 	/System/Library/Frameworks/AudioToolbox.framework/Versions/A/AudioToolbox
0x00000001b4eda000 	/System/Library/PrivateFrameworks/DataDetectorsCore.framework/Versions/A/DataDetectorsCore
0x00000001cb028000 	/System/Library/PrivateFrameworks/TextInput.framework/Versions/A/TextInput
0x00000001ad8b0000 	/usr/lib/libMobileGestalt.dylib
0x00000001b139c000 	/System/Library/Frameworks/Carbon.framework/Versions/A/Frameworks/HIToolbox.framework/Versions/A/HIToolbox
0x00000001af67a000 	/System/Library/Frameworks/QuartzCore.framework/Versions/A/QuartzCore
0x00000001aa869000 	/System/Library/Frameworks/Security.framework/Versions/A/Security
0x00000001b910b000 	/System/Library/Frameworks/Carbon.framework/Versions/A/Frameworks/SpeechRecognition.framework/Versions/A/SpeechRecognition
0x00000001af9c8000 	/System/Library/PrivateFrameworks/CoreUI.framework/Versions/A/CoreUI
0x00000001aa13a000 	/System/Library/Frameworks/CoreAudio.framework/Versions/A/CoreAudio
0x00000001af30d000 	/System/Library/Frameworks/DiskArbitration.framework/Versions/A/DiskArbitration
0x00000001b47e1000 	/System/Library/PrivateFrameworks/MultitouchSupport.framework/Versions/A/MultitouchSupport
0x00000001ad8ae000 	/usr/lib/libenergytrace.dylib
0x00000001ab215000 	/System/Library/Frameworks/IOKit.framework/Versions/A/IOKit
0x00000001b94f4000 	/System/Library/Frameworks/CoreServices.framework/Versions/A/CoreServices
0x00000001afc01000 	/System/Library/PrivateFrameworks/PerformanceAnalysis.framework/Versions/A/PerformanceAnalysis
0x0000000209bd5000 	/System/Library/Frameworks/OpenGL.framework/Versions/A/OpenGL
0x00000001b2787000 	/System/Library/PrivateFrameworks/MobileKeyBag.framework/Versions/A/MobileKeyBag
0x00000001ae316000 	/System/Library/Frameworks/ColorSync.framework/Versions/A/ColorSync
0x00000001a87b4000 	/System/Library/Frameworks/CoreFoundation.framework/Versions/A/CoreFoundation
0x00000001b1969000 	/System/Library/Frameworks/CoreImage.framework/Versions/A/CoreImage
0x00000001a9f5d000 	/System/Library/Frameworks/CoreText.framework/Versions/A/CoreText
0x00000001b1718000 	/System/Library/Frameworks/ImageIO.framework/Versions/A/ImageIO
0x00000001b31d3000 	/System/Library/PrivateFrameworks/SoftLinking.framework/Versions/A/SoftLinking
0x00000001afcbe000 	/usr/lib/libxml2.2.dylib
0x00000001b346c000 	/usr/lib/libcompression.dylib
0x00000001b4e27000 	/System/Library/PrivateFrameworks/TextureIO.framework/Versions/A/TextureIO
0x00000001b3b8a000 	/usr/lib/libate.dylib
0x00000001b3a52000 	/usr/lib/liblzma.5.dylib
0x00000001a939c000 	/System/Library/Frameworks/SystemConfiguration.framework/Versions/A/SystemConfiguration
0x00000001b31cf000 	/usr/lib/libfakelink.dylib
0x00000001ad3dd000 	/System/Library/Frameworks/CFNetwork.framework/Versions/A/CFNetwork
0x00000001b3316000 	/usr/lib/libarchive.2.dylib
0x00000001b1d32000 	/System/Library/PrivateFrameworks/AppleSystemInfo.framework/Versions/A/AppleSystemInfo
0x00000001b2892000 	/usr/lib/libbsm.0.dylib
0x00000001ac915000 	/usr/lib/libnetwork.dylib
0x00000001b316d000 	/usr/lib/system/libkxld.dylib
0x00000001b24a9000 	/System/Library/PrivateFrameworks/IOMobileFramebuffer.framework/Versions/A/IOMobileFramebuffer
0x0000000225a06000 	/usr/lib/libCoreEntitlements.dylib
0x00000001b2eb0000 	/System/Library/PrivateFrameworks/AppleFSCompression.framework/Versions/A/AppleFSCompression
0x00000001b287a000 	/usr/lib/libcoretls.dylib
0x00000001b3a6b000 	/usr/lib/libcoretls_cfhelpers.dylib
0x00000001b3467000 	/usr/lib/libpam.2.dylib
0x00000001aec6a000 	/usr/lib/libsqlite3.dylib
0x00000001b3ad3000 	/usr/lib/libxar.1.dylib
0x00000001b2ec1000 	/usr/lib/libbz2.1.0.dylib
0x00000001b31d4000 	/usr/lib/libpcap.A.dylib
0x00000001af039000 	/usr/lib/libdns_services.dylib
0x00000001b343a000 	/usr/lib/libapple_nghttp2.dylib
0x00000001b3211000 	/usr/lib/libiconv.2.dylib
0x00000001b3166000 	/usr/lib/libcharset.1.dylib
0x00000001afc3d000 	/System/Library/Frameworks/CoreServices.framework/Versions/A/Frameworks/FSEvents.framework/Versions/A/FSEvents
0x00000001aaea2000 	/System/Library/Frameworks/CoreServices.framework/Versions/A/Frameworks/CarbonCore.framework/Versions/A/CarbonCore
0x00000001af270000 	/System/Library/Frameworks/CoreServices.framework/Versions/A/Frameworks/Metadata.framework/Versions/A/Metadata
0x00000001b2ed4000 	/System/Library/Frameworks/CoreServices.framework/Versions/A/Frameworks/OSServices.framework/Versions/A/OSServices
0x00000001b339c000 	/System/Library/Frameworks/CoreServices.framework/Versions/A/Frameworks/SearchKit.framework/Versions/A/SearchKit
0x00000001aefc7000 	/System/Library/Frameworks/CoreServices.framework/Versions/A/Frameworks/AE.framework/Versions/A/AE
0x00000001a8cf8000 	/System/Library/Frameworks/CoreServices.framework/Versions/A/Frameworks/LaunchServices.framework/Versions/A/LaunchServices
0x00000001b39fb000 	/System/Library/Frameworks/CoreServices.framework/Versions/A/Frameworks/DictionaryServices.framework/Versions/A/DictionaryServices
0x00000001afc4a000 	/System/Library/Frameworks/CoreServices.framework/Versions/A/Frameworks/SharedFileList.framework/Versions/A/SharedFileList
0x00000001b286a000 	/usr/lib/libCheckFix.dylib
0x00000001ad91d000 	/System/Library/PrivateFrameworks/TCC.framework/Versions/A/TCC
0x00000001b1d38000 	/System/Library/PrivateFrameworks/CoreNLP.framework/Versions/A/CoreNLP
0x00000001af21c000 	/System/Library/PrivateFrameworks/MetadataUtilities.framework/Versions/A/MetadataUtilities
0x00000001a9455000 	/usr/lib/libmecabra.dylib
0x00000001b28a3000 	/usr/lib/libmecab.dylib
0x00000001a9421000 	/usr/lib/libCRFSuite.dylib
0x00000001b2901000 	/usr/lib/libgermantok.dylib
0x00000001b3413000 	/usr/lib/libThaiTokenizer.dylib
0x00000001af315000 	/System/Library/Frameworks/Accelerate.framework/Versions/A/Frameworks/vImage.framework/Versions/A/vImage
0x00000001b94cb000 	/System/Library/Frameworks/Accelerate.framework/Versions/A/Frameworks/vecLib.framework/Versions/A/vecLib
0x00000001b3b17000 	/System/Library/Frameworks/Accelerate.framework/Versions/A/Frameworks/vecLib.framework/Versions/A/libvMisc.dylib
0x00000001b23b3000 	/System/Library/Frameworks/Accelerate.framework/Versions/A/Frameworks/vecLib.framework/Versions/A/libvDSP.dylib
0x00000001a907b000 	/System/Library/Frameworks/Accelerate.framework/Versions/A/Frameworks/vecLib.framework/Versions/A/libBLAS.dylib
0x00000001b353b000 	/System/Library/Frameworks/Accelerate.framework/Versions/A/Frameworks/vecLib.framework/Versions/A/libLAPACK.dylib
0x00000001b2904000 	/System/Library/Frameworks/Accelerate.framework/Versions/A/Frameworks/vecLib.framework/Versions/A/libLinearAlgebra.dylib
0x00000001b3452000 	/System/Library/Frameworks/Accelerate.framework/Versions/A/Frameworks/vecLib.framework/Versions/A/libSparseBLAS.dylib
0x00000001b3536000 	/System/Library/Frameworks/Accelerate.framework/Versions/A/Frameworks/vecLib.framework/Versions/A/libQuadrature.dylib
0x00000001b1e2f000 	/System/Library/Frameworks/Accelerate.framework/Versions/A/Frameworks/vecLib.framework/Versions/A/libBNNS.dylib
0x00000001a9339000 	/System/Library/Frameworks/Accelerate.framework/Versions/A/Frameworks/vecLib.framework/Versions/A/libSparse.dylib
0x00000001b1e27000 	/System/Library/PrivateFrameworks/LinguisticData.framework/Versions/A/LinguisticData
0x00000001a92ef000 	/System/Library/PrivateFrameworks/Lexicon.framework/Versions/A/Lexicon
0x00000001b3b0f000 	/usr/lib/libChineseTokenizer.dylib
0x00000001a9a96000 	/System/Library/PrivateFrameworks/LanguageModeling.framework/Versions/A/LanguageModeling
0x00000001b3415000 	/System/Library/PrivateFrameworks/AppleSauce.framework/Versions/A/AppleSauce
0x00000001b2496000 	/System/Library/PrivateFrameworks/CoreEmoji.framework/Versions/A/CoreEmoji
0x00000001b3304000 	/usr/lib/libcmph.dylib
0x00000001afc1d000 	/System/Library/Frameworks/OpenDirectory.framework/Versions/A/Frameworks/CFOpenDirectory.framework/Versions/A/CFOpenDirectory
0x00000001afc0d000 	/System/Library/Frameworks/OpenDirectory.framework/Versions/A/OpenDirectory
0x00000001b3a6d000 	/System/Library/PrivateFrameworks/APFS.framework/Versions/A/APFS
0x00000001b27c2000 	/System/Library/Frameworks/SecurityFoundation.framework/Versions/A/SecurityFoundation
0x00000001b3ae1000 	/usr/lib/libutil.dylib
0x00000001ab1d7000 	/System/Library/PrivateFrameworks/CoreServicesStore.framework/Versions/A/CoreServicesStore
0x00000001b3ae5000 	/usr/lib/libxslt.1.dylib
0x00000001b2856000 	/System/Library/PrivateFrameworks/BackgroundTaskManagement.framework/Versions/A/BackgroundTaskManagement
0x00000001b4d48000 	/System/Library/Frameworks/ImageIO.framework/Versions/A/Resources/libRadiance.dylib
0x00000001b4d51000 	/System/Library/Frameworks/ImageIO.framework/Versions/A/Resources/libJPEG.dylib
0x00000001b4ca3000 	/System/Library/Frameworks/ImageIO.framework/Versions/A/Resources/libPng.dylib
0x00000001b4cc5000 	/System/Library/Frameworks/ImageIO.framework/Versions/A/Resources/libTIFF.dylib
0x00000001b4dac000 	/System/Library/Frameworks/ImageIO.framework/Versions/A/Resources/libGIF.dylib
0x00000001b46f1000 	/System/Library/Frameworks/ImageIO.framework/Versions/A/Resources/libJP2.dylib
0x00000001b3e36000 	/usr/lib/libexpat.1.dylib
0x00000001b46ac000 	/System/Library/PrivateFrameworks/AppleJPEG.framework/Versions/A/AppleJPEG
0x00000001b125b000 	/System/Library/PrivateFrameworks/FontServices.framework/libFontParser.dylib
0x00000001aef6c000 	/System/Library/PrivateFrameworks/RunningBoardServices.framework/Versions/A/RunningBoardServices
0x00000001bf448000 	/System/Library/PrivateFrameworks/IOSurfaceAccelerator.framework/Versions/A/IOSurfaceAccelerator
0x00000001b47dd000 	/System/Library/PrivateFrameworks/WatchdogClient.framework/Versions/A/WatchdogClient
0x00000001a9b9a000 	/System/Library/Frameworks/CoreDisplay.framework/Versions/A/CoreDisplay
0x00000001b1149000 	/System/Library/Frameworks/CoreMedia.framework/Versions/A/CoreMedia
0x00000001b0fdd000 	/System/Library/PrivateFrameworks/IOAccelerator.framework/Versions/A/IOAccelerator
0x00000001afdab000 	/System/Library/Frameworks/CoreVideo.framework/Versions/A/CoreVideo
0x00000001b3465000 	/System/Library/Frameworks/MetalPerformanceShaders.framework/Versions/A/MetalPerformanceShaders
0x00000001b481a000 	/System/Library/Frameworks/VideoToolbox.framework/Versions/A/VideoToolbox
0x00000001aeeb0000 	/System/Library/PrivateFrameworks/BaseBoard.framework/Versions/A/BaseBoard
0x00000001aec4f000 	/System/Library/PrivateFrameworks/ProtocolBuffer.framework/Versions/A/ProtocolBuffer
0x00000001b4d43000 	/System/Library/PrivateFrameworks/GPUWrangler.framework/Versions/A/GPUWrangler
0x00000001b4d22000 	/System/Library/PrivateFrameworks/IOPresentment.framework/Versions/A/IOPresentment
0x00000001b4d4b000 	/System/Library/PrivateFrameworks/DSExternalDisplay.framework/Versions/A/DSExternalDisplay
0x0000000209bc8000 	/System/Library/Frameworks/OpenGL.framework/Versions/A/Libraries/libCoreFSCache.dylib
0x00000002133b3000 	/System/Library/PrivateFrameworks/GPUCompiler.framework/Versions/31001/Libraries/libGPUCompilerUtils.dylib
0x00000001b4db1000 	/System/Library/PrivateFrameworks/CMCaptureCore.framework/Versions/A/CMCaptureCore
0x00000001b43ea000 	/System/Library/PrivateFrameworks/AppServerSupport.framework/Versions/A/AppServerSupport
0x00000001b658a000 	/System/Library/PrivateFrameworks/perfdata.framework/Versions/A/perfdata
0x00000001a9cba000 	/System/Library/PrivateFrameworks/AudioToolboxCore.framework/Versions/A/AudioToolboxCore
0x00000001b1121000 	/System/Library/PrivateFrameworks/caulk.framework/Versions/A/caulk
0x00000001b5e7f000 	/usr/lib/libAudioStatistics.dylib
0x00000001c779c000 	/System/Library/PrivateFrameworks/SystemPolicy.framework/Versions/A/SystemPolicy
0x00000001b60df000 	/usr/lib/libSMC.dylib
0x00000001becb4000 	/System/Library/Frameworks/CoreMIDI.framework/Versions/A/CoreMIDI
0x00000001b4c71000 	/usr/lib/libAudioToolboxUtility.dylib
0x00000001c3bc9000 	/System/Library/PrivateFrameworks/OSAServicesClient.framework/Versions/A/OSAServicesClient
0x00000001b6597000 	/usr/lib/libperfcheck.dylib
0x00000001c82a3000 	/usr/lib/libmis.dylib
0x0000000209c29000 	/System/Library/Frameworks/OpenGL.framework/Versions/A/Libraries/libGLU.dylib
0x0000000209be8000 	/System/Library/Frameworks/OpenGL.framework/Versions/A/Libraries/libGFXShared.dylib
0x0000000209dd2000 	/System/Library/Frameworks/OpenGL.framework/Versions/A/Libraries/libGL.dylib
0x0000000209bf1000 	/System/Library/Frameworks/OpenGL.framework/Versions/A/Libraries/libGLImage.dylib
0x0000000209be5000 	/System/Library/Frameworks/OpenGL.framework/Versions/A/Libraries/libCVMSPluginSupport.dylib
0x0000000209bcf000 	/System/Library/Frameworks/OpenGL.framework/Versions/A/Libraries/libCoreVMClient.dylib
0x00000001b1cb3000 	/System/Library/Frameworks/MetalPerformanceShaders.framework/Versions/A/Frameworks/MPSCore.framework/Versions/A/MPSCore
0x00000001b2e23000 	/System/Library/Frameworks/MetalPerformanceShaders.framework/Versions/A/Frameworks/MPSImage.framework/Versions/A/MPSImage
0x00000001b2919000 	/System/Library/Frameworks/MetalPerformanceShaders.framework/Versions/A/Frameworks/MPSNeuralNetwork.framework/Versions/A/MPSNeuralNetwork
0x00000001b2d56000 	/System/Library/Frameworks/MetalPerformanceShaders.framework/Versions/A/Frameworks/MPSMatrix.framework/Versions/A/MPSMatrix
0x00000001b2b31000 	/System/Library/Frameworks/MetalPerformanceShaders.framework/Versions/A/Frameworks/MPSRayIntersector.framework/Versions/A/MPSRayIntersector
0x00000001b2d87000 	/System/Library/Frameworks/MetalPerformanceShaders.framework/Versions/A/Frameworks/MPSNDArray.framework/Versions/A/MPSNDArray
0x000000020b900000 	/System/Library/Frameworks/MetalPerformanceShaders.framework/Versions/A/Frameworks/MPSFunctions.framework/Versions/A/MPSFunctions
0x00000001a8f59000 	/System/Library/PrivateFrameworks/MetalTools.framework/Versions/A/MetalTools
0x00000001b1d30000 	/System/Library/PrivateFrameworks/AggregateDictionary.framework/Versions/A/AggregateDictionary
0x00000001b3c1c000 	/usr/lib/libIOReport.dylib
0x00000001bdc9b000 	/System/Library/PrivateFrameworks/ASEProcessing.framework/Versions/A/ASEProcessing
0x00000001b3f8f000 	/System/Library/PrivateFrameworks/FaceCore.framework/Versions/A/FaceCore
0x00000001b3f81000 	/System/Library/PrivateFrameworks/GraphVisualizer.framework/Versions/A/GraphVisualizer
0x00000002132ca000 	/System/Library/PrivateFrameworks/FontServices.framework/Versions/A/FontServices
0x00000001b43a4000 	/System/Library/PrivateFrameworks/OTSVG.framework/Versions/A/OTSVG
0x00000001af979000 	/System/Library/Frameworks/ApplicationServices.framework/Versions/A/Frameworks/ATS.framework/Versions/A/Resources/libFontRegistry.dylib
0x00000001b43f3000 	/System/Library/PrivateFrameworks/FontServices.framework/libhvf.dylib
0x00000002132cb000 	/System/Library/PrivateFrameworks/FontServices.framework/libXTFontStaticRegistryData.dylib
0x0000000209f74000 	/System/Library/Frameworks/OpenCL.framework/Versions/A/OpenCL
0x00000001b3dea000 	/System/Library/PrivateFrameworks/AppleVA.framework/Versions/A/AppleVA
0x00000001b5ea7000 	/System/Library/Frameworks/ApplicationServices.framework/Versions/A/Frameworks/ATS.framework/Versions/A/ATS
0x00000001ae413000 	/System/Library/Frameworks/ApplicationServices.framework/Versions/A/Frameworks/HIServices.framework/Versions/A/HIServices
0x00000001b4dbb000 	/System/Library/Frameworks/ApplicationServices.framework/Versions/A/Frameworks/PrintCore.framework/Versions/A/PrintCore
0x00000001b6232000 	/System/Library/Frameworks/ApplicationServices.framework/Versions/A/Frameworks/QD.framework/Versions/A/QD
0x00000001b622a000 	/System/Library/Frameworks/ApplicationServices.framework/Versions/A/Frameworks/ColorSyncLegacy.framework/Versions/A/ColorSyncLegacy
0x00000001b5e93000 	/System/Library/Frameworks/ApplicationServices.framework/Versions/A/Frameworks/SpeechSynthesis.framework/Versions/A/SpeechSynthesis
0x00000001b4d7c000 	/System/Library/Frameworks/ApplicationServices.framework/Versions/A/Frameworks/ATSUI.framework/Versions/A/ATSUI
0x00000001b61bf000 	/usr/lib/libcups.2.dylib
0x00000001b65a5000 	/System/Library/Frameworks/Kerberos.framework/Versions/A/Kerberos
0x00000001b65b6000 	/System/Library/Frameworks/GSS.framework/Versions/A/GSS
0x00000001b5f16000 	/usr/lib/libresolv.9.dylib
0x00000001b4401000 	/System/Library/PrivateFrameworks/Heimdal.framework/Versions/A/Heimdal
0x00000001bcf0a000 	/System/Library/Frameworks/Kerberos.framework/Versions/A/Libraries/libHeimdalProxy.dylib
0x00000001af04b000 	/System/Library/Frameworks/Network.framework/Versions/A/Network
0x00000001b3e51000 	/usr/lib/libheimdal-asn1.dylib
0x00000001b65fc000 	/System/Library/PrivateFrameworks/CommonAuth.framework/Versions/A/CommonAuth
0x00000001b5e0d000 	/System/Library/PrivateFrameworks/AudioSession.framework/Versions/A/AudioSession
0x00000001b3ee2000 	/System/Library/PrivateFrameworks/MediaExperience.framework/Versions/A/MediaExperience
0x00000001b5c95000 	/System/Library/PrivateFrameworks/AudioSession.framework/libSessionUtility.dylib
0x00000001b623e000 	/System/Library/PrivateFrameworks/AudioResourceArbitration.framework/Versions/A/AudioResourceArbitration
0x00000001ba349000 	/System/Library/PrivateFrameworks/PowerLog.framework/Versions/A/PowerLog
0x00000001b3e5a000 	/System/Library/PrivateFrameworks/IconFoundation.framework/Versions/A/IconFoundation
0x00000001b90f7000 	/System/Library/PrivateFrameworks/SpeechRecognitionCore.framework/Versions/A/SpeechRecognitionCore
0x00000001044ec000 	/System/Library/CoreServices/Encodings/libCyrillicConverter.dylib
0x00000001055d8000 	/Users/southrussian/Library/Java/JavaVirtualMachines/openjdk-17.0.2/Contents/Home/lib/server/libjvm.dylib
0x00000001044fc000 	/Users/southrussian/Library/Java/JavaVirtualMachines/openjdk-17.0.2/Contents/Home/lib/libjimage.dylib
0x00000001046cc000 	/Users/southrussian/Library/Java/JavaVirtualMachines/openjdk-17.0.2/Contents/Home/lib/libinstrument.dylib
0x0000000104718000 	/Users/southrussian/Library/Java/JavaVirtualMachines/openjdk-17.0.2/Contents/Home/lib/libjava.dylib
0x000000010fcc8000 	/Users/southrussian/Library/Java/JavaVirtualMachines/openjdk-17.0.2/Contents/Home/lib/libnio.dylib
0x000000010ff00000 	/Users/southrussian/Library/Java/JavaVirtualMachines/openjdk-17.0.2/Contents/Home/lib/libnet.dylib
0x000000010fce8000 	/Users/southrussian/Library/Java/JavaVirtualMachines/openjdk-17.0.2/Contents/Home/lib/libzip.dylib
0x000000010ff24000 	/Users/southrussian/.openjfx/cache/17.0.1/libprism_es2.dylib
0x00000001ab19a000 	/System/Library/PrivateFrameworks/CoreServicesInternal.framework/Versions/A/CoreServicesInternal
0x0000000209ddc000 	/System/Library/Frameworks/OpenGL.framework/Versions/A/Resources/GLEngine.bundle/GLEngine
0x0000000209c63000 	/System/Library/Frameworks/OpenGL.framework/Versions/A/Libraries/libGLProgrammability.dylib
0x000000011923c000 	/System/Library/Extensions/AppleMetalOpenGLRenderer.bundle/Contents/MacOS/AppleMetalOpenGLRenderer
0x0000000209f4b000 	/System/Library/Frameworks/OpenGL.framework/Versions/A/Resources/GLRendererFloat.bundle/GLRendererFloat
0x0000000209fec000 	/System/Library/Extensions/AGXMetal13_3.bundle/Contents/MacOS/AGXMetal13_3
0x00000001c82bf000 	/System/Library/PrivateFrameworks/GPURawCounter.framework/Versions/A/GPURawCounter
0x00000001c2d4d000 	/System/Library/PrivateFrameworks/IOGPU.framework/Versions/A/IOGPU
0x00000001192d4000 	/Users/southrussian/.openjfx/cache/17.0.1/libglass.dylib
0x00000001ba59d000 	/System/Library/Frameworks/FileProvider.framework/Versions/A/FileProvider
0x00000001aee18000 	/System/Library/Frameworks/Accounts.framework/Versions/A/Accounts
0x00000001ba71d000 	/System/Library/PrivateFrameworks/GenerationalStorage.framework/Versions/A/GenerationalStorage
0x00000001bb2d3000 	/System/Library/PrivateFrameworks/CoreSymbolication.framework/Versions/A/CoreSymbolication
0x00000001ba33d000 	/System/Library/PrivateFrameworks/SymptomDiagnosticReporter.framework/Versions/A/SymptomDiagnosticReporter
0x00000001ac486000 	/System/Library/PrivateFrameworks/DesktopServicesPriv.framework/Versions/A/DesktopServicesPriv
0x00000001ab2fa000 	/usr/lib/libsandbox.1.dylib
0x00000001afe38000 	/System/Library/PrivateFrameworks/UserManagement.framework/Versions/A/UserManagement
0x00000001bb294000 	/System/Library/PrivateFrameworks/DebugSymbols.framework/Versions/A/DebugSymbols
0x00000001b621d000 	/System/Library/PrivateFrameworks/NetAuth.framework/Versions/A/NetAuth
0x00000001b7120000 	/System/Library/PrivateFrameworks/Sharing.framework/Versions/A/Sharing
0x00000001afe08000 	/System/Library/PrivateFrameworks/login.framework/Versions/A/Frameworks/loginsupport.framework/Versions/A/loginsupport
0x00000001bc44c000 	/System/Library/PrivateFrameworks/Apple80211.framework/Versions/A/Apple80211
0x00000001b2f07000 	/System/Library/PrivateFrameworks/AuthKit.framework/Versions/A/AuthKit
0x00000001b2595000 	/System/Library/PrivateFrameworks/CoreUtils.framework/Versions/A/CoreUtils
0x00000001b24b5000 	/System/Library/Frameworks/CoreWLAN.framework/Versions/A/CoreWLAN
0x00000001b728a000 	/System/Library/Frameworks/IOBluetooth.framework/Versions/A/IOBluetooth
0x00000001bc4ac000 	/System/Library/PrivateFrameworks/CoreWiFi.framework/Versions/A/CoreWiFi
0x00000001bae7b000 	/System/Library/PrivateFrameworks/FrontBoardServices.framework/Versions/A/FrontBoardServices
0x00000001baf13000 	/System/Library/PrivateFrameworks/BoardServices.framework/Versions/A/BoardServices
0x00000001b27b0000 	/System/Library/PrivateFrameworks/AssertionServices.framework/Versions/A/AssertionServices
0x00000001bc61a000 	/System/Library/PrivateFrameworks/BackBoardServices.framework/Versions/A/BackBoardServices
0x00000001b668f000 	/System/Library/PrivateFrameworks/CorePhoneNumbers.framework/Versions/A/CorePhoneNumbers
0x00000001ba46d000 	/System/Library/PrivateFrameworks/DiskManagement.framework/Versions/A/DiskManagement
0x00000001ba370000 	/System/Library/PrivateFrameworks/AppleIDAuthSupport.framework/Versions/A/AppleIDAuthSupport
0x000000020dbea000 	/System/Library/PrivateFrameworks/AAAFoundation.framework/Versions/A/AAAFoundation
0x00000001b666e000 	/System/Library/PrivateFrameworks/KeychainCircle.framework/Versions/A/KeychainCircle
0x00000001ba439000 	/System/Library/PrivateFrameworks/MediaKit.framework/Versions/A/MediaKit
0x00000001ba37d000 	/System/Library/Frameworks/DiscRecording.framework/Versions/A/DiscRecording
0x00000001b3d66000 	/usr/lib/libCoreStorage.dylib
0x00000001bc916000 	/usr/lib/libcsfde.dylib
0x00000001b735f000 	/System/Library/PrivateFrameworks/ProtectedCloudStorage.framework/Versions/A/ProtectedCloudStorage
0x00000001bc90e000 	/System/Library/PrivateFrameworks/EFILogin.framework/Versions/A/EFILogin
0x00000001ba744000 	/System/Library/PrivateFrameworks/OctagonTrust.framework/Versions/A/OctagonTrust
0x0000000212516000 	/System/Library/PrivateFrameworks/CoreUtilsExtras.framework/Versions/A/CoreUtilsExtras
0x00000001ba2b2000 	/System/Library/Frameworks/CoreBluetooth.framework/Versions/A/CoreBluetooth
0x00000001bcf8f000 	/System/Library/Frameworks/AudioUnit.framework/Versions/A/AudioUnit
0x00000001b3d5e000 	/usr/lib/libMatch.1.dylib
0x00000001cc5b5000 	/System/Library/Frameworks/Accelerate.framework/Versions/A/Frameworks/vImage.framework/Versions/A/Libraries/libCGInterfaces.dylib
0x000000011974c000 	/usr/lib/libobjc-trampolines.dylib
0x00000001afb05000 	/System/Library/PrivateFrameworks/ViewBridge.framework/Versions/A/ViewBridge
0x000000011ffc8000 	/Users/southrussian/.openjfx/cache/17.0.1/libjavafx_font.dylib
0x00000001b44af000 	/System/Library/PrivateFrameworks/login.framework/Versions/A/login
0x0000000225b80000 	/usr/lib/libRosetta.dylib


VM Arguments:
jvm_args: -javaagent:/Users/southrussian/Library/Application Support/JetBrains/Toolbox/apps/IDEA-U/ch-0/213.6777.52/IntelliJ IDEA.app/Contents/lib/idea_rt.jar=52653:/Users/southrussian/Library/Application Support/JetBrains/Toolbox/apps/IDEA-U/ch-0/213.6777.52/IntelliJ IDEA.app/Contents/bin -Dfile.encoding=UTF-8 --module-path=/Users/southrussian/IdeaProjects/FX/target/classes:/Users/southrussian/.m2/repository/org/openjfx/javafx-controls/17.0.1/javafx-controls-17.0.1-mac-aarch64.jar:/Users/southrussian/.m2/repository/org/openjfx/javafx-base/17.0.1/javafx-base-17.0.1-mac-aarch64.jar:/Users/southrussian/.m2/repository/org/openjfx/javafx-fxml/17.0.1/javafx-fxml-17.0.1-mac-aarch64.jar:/Users/southrussian/.m2/repository/org/openjfx/javafx-graphics/17.0.1/javafx-graphics-17.0.1-mac-aarch64.jar -Djdk.module.main=com.example.fx 
java_command: com.example.fx/com.example.fx.HelloApplication
java_class_path (initial): /Users/southrussian/.m2/repository/org/openjfx/javafx-controls/17.0.1/javafx-controls-17.0.1.jar:/Users/southrussian/.m2/repository/org/openjfx/javafx-graphics/17.0.1/javafx-graphics-17.0.1.jar:/Users/southrussian/.m2/repository/org/openjfx/javafx-base/17.0.1/javafx-base-17.0.1.jar:/Users/southrussian/.m2/repository/org/openjfx/javafx-fxml/17.0.1/javafx-fxml-17.0.1.jar
Launcher Type: SUN_STANDARD

[Global flags]
     intx CICompilerCount                          = 4                                         {product} {ergonomic}
     uint ConcGCThreads                            = 2                                         {product} {ergonomic}
     uint G1ConcRefinementThreads                  = 8                                         {product} {ergonomic}
   size_t G1HeapRegionSize                         = 1048576                                   {product} {ergonomic}
    uintx GCDrainStackTargetSize                   = 64                                        {product} {ergonomic}
   size_t InitialHeapSize                          = 134217728                                 {product} {ergonomic}
   size_t MarkStackSize                            = 4194304                                   {product} {ergonomic}
   size_t MaxHeapSize                              = 2147483648                                {product} {ergonomic}
   size_t MaxNewSize                               = 1287651328                                {product} {ergonomic}
   size_t MinHeapDeltaBytes                        = 1048576                                   {product} {ergonomic}
   size_t MinHeapSize                              = 8388608                                   {product} {ergonomic}
    uintx NonNMethodCodeHeapSize                   = 5839564                                {pd product} {ergonomic}
    uintx NonProfiledCodeHeapSize                  = 122909338                              {pd product} {ergonomic}
    uintx ProfiledCodeHeapSize                     = 122909338                              {pd product} {ergonomic}
    uintx ReservedCodeCacheSize                    = 251658240                              {pd product} {ergonomic}
     bool SegmentedCodeCache                       = true                                      {product} {ergonomic}
   size_t SoftMaxHeapSize                          = 2147483648                             {manageable} {ergonomic}
     bool UseCompressedClassPointers               = true                           {product lp64_product} {ergonomic}
     bool UseCompressedOops                        = true                           {product lp64_product} {ergonomic}
     bool UseG1GC                                  = true                                      {product} {ergonomic}
     bool UseNUMA                                  = false                                     {product} {ergonomic}
     bool UseNUMAInterleaving                      = false                                     {product} {ergonomic}

Logging:
Log output configuration:
 #0: stdout all=warning uptime,level,tags
 #1: stderr all=off uptime,level,tags

Environment Variables:
PATH=/Library/Frameworks/Python.framework/Versions/3.9/bin:/usr/local/bin:/usr/bin:/bin:/usr/sbin:/sbin:/Library/Apple/usr/bin:/Library/Frameworks/Mono.framework/Versions/Current/Commands
SHELL=/bin/zsh
LC_CTYPE=ru_RU.UTF-8

Signal Handlers:
   SIGSEGV: _ZL13crash_handleriP9__siginfoPv in libjvm.dylib, mask=11100110000111110111111111111111, flags=SA_RESTART|SA_SIGINFO
    SIGBUS: _ZL13crash_handleriP9__siginfoPv in libjvm.dylib, mask=11100110000111110111111111111111, flags=SA_RESTART|SA_SIGINFO
    SIGFPE: _ZL13crash_handleriP9__siginfoPv in libjvm.dylib, mask=11100110000111110111111111111111, flags=SA_RESTART|SA_SIGINFO
   SIGPIPE: _ZL17javaSignalHandleriP9__siginfoPv in libjvm.dylib, mask=11100110000111110111111111111111, flags=SA_RESTART|SA_SIGINFO
   SIGXFSZ: _ZL17javaSignalHandleriP9__siginfoPv in libjvm.dylib, mask=11100110000111110111111111111111, flags=SA_RESTART|SA_SIGINFO
    SIGILL: _ZL13crash_handleriP9__siginfoPv in libjvm.dylib, mask=11100110000111110111111111111111, flags=SA_RESTART|SA_SIGINFO
   SIGUSR2: _ZL10SR_handleriP9__siginfoP17__darwin_ucontext in libjvm.dylib, mask=00100000000000000000000000000000, flags=SA_RESTART|SA_SIGINFO
    SIGHUP: _ZL11UserHandleriPvS_ in libjvm.dylib, mask=11100110000111110111111111111111, flags=SA_RESTART|SA_SIGINFO
    SIGINT: _ZL11UserHandleriPvS_ in libjvm.dylib, mask=11100110000111110111111111111111, flags=SA_RESTART|SA_SIGINFO
   SIGTERM: _ZL11UserHandleriPvS_ in libjvm.dylib, mask=11100110000111110111111111111111, flags=SA_RESTART|SA_SIGINFO
   SIGQUIT: _ZL11UserHandleriPvS_ in libjvm.dylib, mask=11100110000111110111111111111111, flags=SA_RESTART|SA_SIGINFO
   SIGTRAP: _ZL13crash_handleriP9__siginfoPv in libjvm.dylib, mask=11100110000111110111111111111111, flags=SA_RESTART|SA_SIGINFO


---------------  S Y S T E M  ---------------

OS:
uname: Darwin 21.3.0 Darwin Kernel Version 21.3.0: Wed Jan  5 21:37:58 PST 2022; root:xnu-8019.80.24~20/RELEASE_ARM64_T8101 arm64
OS uptime: 14 days 13:02 hours
rlimit (soft/hard): STACK 8176k/65520k , CORE 0k/infinity , NPROC 1333/2000 , NOFILE 10240/infinity , AS infinity/infinity , CPU infinity/infinity , DATA infinity/infinity , FSIZE infinity/infinity , MEMLOCK infinity/infinity , RSS infinity/infinity
load average: 2.32 1.69 1.57

CPU: total 8 (initial active 8) 0x61:0x0:0x1b588bb3:0, fp, simd, crc, lse

Memory: 16k page, physical 8388608k(108256k free), swap 2097152k(1156864k free)

vm_info: OpenJDK 64-Bit Server VM (17.0.2+8-86) for bsd-aarch64 JRE (17.0.2+8-86), built on Dec  7 2021 21:45:06 by "mach5one" with clang Apple LLVM 12.0.0 (clang-1200.0.32.29)

END.
