#
# A fatal error has been detected by the Java Runtime Environment:
#
#  SIGBUS (0xa) at pc=0x00000001300014f0, pid=2989, tid=36367
#
# JRE version: OpenJDK Runtime Environment (17.0.2+8) (build 17.0.2+8-86)
# Java VM: OpenJDK 64-Bit Server VM (17.0.2+8-86, mixed mode, sharing, tiered, compressed oops, compressed class ptrs, g1 gc, bsd-aarch64)
# Problematic frame:
# v  ~StubRoutines::SafeFetchN
#
# No core dump will be written. Core dumps have been disabled. To enable core dumping, try "ulimit -c unlimited" before starting Java again
#
# If you would like to submit a bug report, please visit:
#   https://bugreport.java.com/bugreport/crash.jsp
# The crash happened outside the Java Virtual Machine in native code.
# See problematic frame for where to report the bug.
#

---------------  S U M M A R Y ------------

Command Line: -javaagent:/Users/southrussian/Library/Application Support/JetBrains/Toolbox/apps/IDEA-U/ch-0/213.6777.52/IntelliJ IDEA.app/Contents/lib/idea_rt.jar=52656:/Users/southrussian/Library/Application Support/JetBrains/Toolbox/apps/IDEA-U/ch-0/213.6777.52/IntelliJ IDEA.app/Contents/bin -Dfile.encoding=UTF-8 --module-path=/Users/southrussian/IdeaProjects/FX/target/classes:/Users/southrussian/.m2/repository/org/openjfx/javafx-controls/17.0.1/javafx-controls-17.0.1-mac-aarch64.jar:/Users/southrussian/.m2/repository/org/openjfx/javafx-base/17.0.1/javafx-base-17.0.1-mac-aarch64.jar:/Users/southrussian/.m2/repository/org/openjfx/javafx-fxml/17.0.1/javafx-fxml-17.0.1-mac-aarch64.jar:/Users/southrussian/.m2/repository/org/openjfx/javafx-graphics/17.0.1/javafx-graphics-17.0.1-mac-aarch64.jar -Djdk.module.main=com.example.fx com.example.fx/com.example.fx.HelloApplication

Host: "MacBookAir10,1" arm64 1 MHz, 8 cores, 8G, Darwin 21.3.0, macOS 12.2.1 (21D62)
Time: Fri Mar 11 09:21:31 2022 MSK elapsed time: 2.533762 seconds (0d 0h 0m 2s)

---------------  T H R E A D  ---------------

Current thread (0x0000000123815600):  JavaThread "InvokeLaterDispatcher" daemon [_thread_in_native, id=36367, stack(0x00000001703c8000,0x00000001705cb000)]

Stack: [0x00000001703c8000,0x00000001705cb000],  sp=0x00000001705ca780,  free space=2057k
Native frames: (J=compiled Java code, j=interpreted, Vv=VM code, C=native code)
v  ~StubRoutines::SafeFetchN
V  [libjvm.dylib+0x7a6bcc]  _ZN10OopStorage7releaseEPKP7oopDesc+0x20
V  [libjvm.dylib+0x4ba824]  jni_DeleteGlobalRef+0xd8
C  [libglass.dylib+0xab08]  -[GlassRunnable dealloc]+0x34
C  [Foundation+0x84c7c]  -[_NSThreadPerformInfo dealloc]+0x30
C  [Foundation+0x51578]  -[NSObject(NSThreadPerformAdditions) performSelectorOnMainThread:withObject:waitUntilDone:]+0x88
C  0xa7088001300098ac
j  com.sun.glass.ui.mac.MacApplication.submitForLaterInvocation(Ljava/lang/Runnable;)V+2 javafx.graphics
j  com.sun.glass.ui.InvokeLaterDispatcher.run()V+82 javafx.graphics
v  ~StubRoutines::call_stub
V  [libjvm.dylib+0x461d08]  _ZN9JavaCalls11call_helperEP9JavaValueRK12methodHandleP17JavaCallArgumentsP10JavaThread+0x38c
V  [libjvm.dylib+0x460d24]  _ZN9JavaCalls12call_virtualEP9JavaValueP5KlassP6SymbolS5_P17JavaCallArgumentsP10JavaThread+0x11c
V  [libjvm.dylib+0x460df0]  _ZN9JavaCalls12call_virtualEP9JavaValue6HandleP5KlassP6SymbolS6_P10JavaThread+0x64
V  [libjvm.dylib+0x515f04]  _ZL12thread_entryP10JavaThreadS0_+0xc4
V  [libjvm.dylib+0x9071ac]  _ZN10JavaThread17thread_main_innerEv+0x13c
V  [libjvm.dylib+0x9058c0]  _ZN6Thread8call_runEv+0x128
V  [libjvm.dylib+0x7ad7c8]  _ZL19thread_native_entryP6Thread+0x158
C  [libsystem_pthread.dylib+0x7240]  _pthread_start+0x94

Java frames: (J=compiled Java code, j=interpreted, Vv=VM code)
j  com.sun.glass.ui.mac.MacApplication._submitForLaterInvocation(Ljava/lang/Runnable;)V+0 javafx.graphics
j  com.sun.glass.ui.mac.MacApplication.submitForLaterInvocation(Ljava/lang/Runnable;)V+2 javafx.graphics
j  com.sun.glass.ui.InvokeLaterDispatcher.run()V+82 javafx.graphics
v  ~StubRoutines::call_stub

siginfo: si_signo: 10 (SIGBUS), si_code: 1 (BUS_ADRALN), si_addr: 0x00000001300014f0

Register to memory mapping:

 x0=0x0000000125006f48 is a global jni handle
 x1=0x0 is NULL
 x2=0x00000007871e9478 is an oop: com.sun.glass.ui.InvokeLaterDispatcher$Future 
{0x00000007871e9478} - klass: 'com/sun/glass/ui/InvokeLaterDispatcher$Future'
 - ---- fields (total size 3 words):
 - private 'done' 'Z' @12  true
 - private final 'runnable' 'Ljava/lang/Runnable;' @16  a 'com/sun/javafx/application/PlatformImpl$$Lambda$92+0x0000000800c81718'{0x0000000786cfd7a0} (f0d9faf4)
 - final synthetic 'this$0' 'Lcom/sun/glass/ui/InvokeLaterDispatcher;' @20  a 'com/sun/glass/ui/InvokeLaterDispatcher'{0x00000007868158d8} (f0d02b1b)
 x3=0x0 is NULL
 x4=0x00000000000130a8 is an unknown value
 x5=0x0 is NULL
 x6=0x0 is NULL
 x7=0x0 is NULL
 x8=0x00000001300014ec is at begin+0 in a stub
StubRoutines::SafeFetchN [0x00000001300014ec, 0x00000001300014f8] (12 bytes)
 x9=0x0 is NULL
x10=0x2010000030300000 is an unknown value
x11=0x0000000000000007 is an unknown value
x12=0x0000000000000007 is an unknown value
x13=0x00006000026a9e60 points into unknown readable memory: 0xb7678001a96f9738 | 38 97 6f a9 01 80 67 b7
x14=0x0000000000000001 is an unknown value
x15=0x00000001131f5f98: OBJC_CLASS_$_GlassRunnable+0 in /Users/southrussian/.openjfx/cache/17.0.1/libglass.dylib at 0x00000001131b0000
x16=0x00000001a8768094: pthread_getspecific+0 in /usr/lib/system/libsystem_pthread.dylib at 0x00000001a8766000
x17=0x0000600002c8d9e0 points into unknown readable memory: 0xfffffffffffffffe | fe ff ff ff ff ff ff ff
x18=0x0 is NULL
x19=0x0000600002384700 points into unknown readable memory: 0x0000600000a99670 | 70 96 a9 00 00 60 00 00
x20=0x0000000125006d40 points into unknown readable memory: 0x2f326d2e2f6e6169 | 69 61 6e 2f 2e 6d 32 2f
x21=0x0000000125006f48 is a global jni handle
x22=0x0000000123815600 is a thread
x23=0x0000000000000001 is an unknown value
x24=0x0000000125006f00 is a global jni handle
x25=0x00000001044715e8: _ZN12StubRoutines17_safefetchN_entryE+0 in /Users/southrussian/Library/Java/JavaVirtualMachines/openjdk-17.0.2/Contents/Home/lib/server/libjvm.dylib at 0x00000001038c0000
x26=0x00000001125182c0 is pointing into metadata
x27=0x0 is NULL
x28=0x0000000123815600 is a thread


Registers:
 x0=0x0000000125006f48  x1=0x0000000000000000  x2=0x00000007871e9478  x3=0x0000000000000000
 x4=0x00000000000130a8  x5=0x0000000000000000  x6=0x0000000000000000  x7=0x0000000000000000
 x8=0x00000001300014ec  x9=0x0000000000000000 x10=0x2010000030300000 x11=0x0000000000000007
x12=0x0000000000000007 x13=0x00006000026a9e60 x14=0x0000000000000001 x15=0x00000001131f5f98
x16=0x00000001a8768094 x17=0x0000600002c8d9e0 x18=0x0000000000000000 x19=0x0000600002384700
x20=0x0000000125006d40 x21=0x0000000125006f48 x22=0x0000000123815600 x23=0x0000000000000001
x24=0x0000000125006f00 x25=0x00000001044715e8 x26=0x00000001125182c0 x27=0x0000000000000000
x28=0x0000000123815600  fp=0x00000001705ca7c0  lr=0x000000010406599c  sp=0x00000001705ca780
pc=0x00000001300014f0 cpsr=0x0000000060001000
Top of Stack: (sp=0x00000001705ca780)
0x00000001705ca780:   00000001125182c0 0000000000000001
0x00000001705ca790:   00000001705ca988 0000000000000000
0x00000001705ca7a0:   00000001248506a8 0000000125006f30
0x00000001705ca7b0:   0000000125006f30 0000600002384700
0x00000001705ca7c0:   00000001705ca800 0000000104066bcc
0x00000001705ca7d0:   0000000000000001 0000000125006f30
0x00000001705ca7e0:   00000001248506a8 0000000125006f30
0x00000001705ca7f0:   0000000000000001 0000000124850400
0x00000001705ca800:   00000001705ca840 0000000103d7a824
0x00000001705ca810:   00000001705ca988 0000600000aac7c0
0x00000001705ca820:   0000600000aac760 00000001f2ce29e3
0x00000001705ca830:   0000000000000000 0000600000aac760
0x00000001705ca840:   00000001705ca870 00000001131bab08
0x00000001705ca850:   e1a54fdc7c77005f 0000000000000000
0x00000001705ca860:   0000000000000000 0000600001da5940
0x00000001705ca870:   00000001705ca8b0 00000001a972cc7c
0x00000001705ca880:   00000001705ca988 0000600000aac7c0
0x00000001705ca890:   0000600000aac760 e1a54fdc7c77005f
0x00000001705ca8a0:   0000000000000000 0000000000000000
0x00000001705ca8b0:   00000001705ca8f0 2e380001a96f9578
0x00000001705ca8c0:   00000001705ca988 00000001300087c0
0x00000001705ca8d0:   0000000000000000 0000000104478fa8
0x00000001705ca8e0:   00000001705ca900 0000000130007730
0x00000001705ca8f0:   00000001705ca960 a7088001300098ac
0x00000001705ca900:   00000001705ca900 000000080098b325
0x00000001705ca910:   00000001705ca910 0000000000000000
0x00000001705ca920:   00000001705ca988 00000001125182c0
0x00000001705ca930:   000000078682bf38 0000000000000000
0x00000001705ca940:   0000000000000000 00000001124f7138
0x00000001705ca950:   0000000000000000 00000001705ca960
0x00000001705ca960:   00000001705ca9e0 0000000130005fc8
0x00000001705ca970:   0000000000000000 0000000000000000 

Instructions: (pc=0x00000001300014f0)
0x00000001300013f0:   f2a08869 f2c00029 6d425935 1e640886
0x0000000130001400:   0c402d31 1e6408c7 1f5654d0 1e6c1017
0x0000000130001410:   1f5050d0 1f504cd0 1f5048d0 1e650af6
0x0000000130001420:   1f50d8f6 1f5694d6 1f5158f6 1e762880
0x0000000130001430:   36000501 1e614000 14000026 2e251ca5
0x0000000130001440:   d29c3009 f2a08869 f2c00029 6d425d36
0x0000000130001450:   1e600806 0c402d32 1f5758c7 1e6c101a
0x0000000130001460:   1f4754c7 1e650805 1f4750c7 d2866668
0x0000000130001470:   f2a7fa68 1f474cc7 1e6608c0 1f4748c7
0x0000000130001480:   1e6e1019 eb08007f 540000ac 1f479400
0x0000000130001490:   1f460340 1e603b20 1400000e d2a7fd29
0x00000001300014a0:   eb09007f 540000ac 51480069 d3607d29
0x00000001300014b0:   9e670121 14000002 1e6a5001 1f679417
0x00000001300014c0:   1f668742 1e613b23 1e773857 1e773860
0x00000001300014d0:   a8c17ff3 910003bf a8c17bfd d65f03c0
0x00000001300014e0:   b9400001 aa0103e0 d65f03c0 f9400001
0x00000001300014f0:   aa0103e0 d65f03c0 00000000 00000000
0x0000000130001500:   00000000 00000000 00000000 00000000
0x0000000130001510:   00000000 00000000 00000000 00000000
0x0000000130001520:   00000000 00000000 00000000 00000000
0x0000000130001530:   00000000 00000000 00000000 00000000
0x0000000130001540:   00000000 00000000 00000000 00000000
0x0000000130001550:   00000000 00000000 00000000 00000000
0x0000000130001560:   00000000 00000000 00000000 00000000
0x0000000130001570:   00000000 00000000 00000000 00000000
0x0000000130001580:   00000000 00000000 00000000 00000000
0x0000000130001590:   00000000 00000000 00000000 00000000
0x00000001300015a0:   00000000 00000000 00000000 00000000
0x00000001300015b0:   00000000 00000000 00000000 00000000
0x00000001300015c0:   00000000 00000000 00000000 00000000
0x00000001300015d0:   00000000 00000000 00000000 00000000
0x00000001300015e0:   00000000 00000000 00000000 00000000 


Stack slot to memory mapping:
stack at sp + 0 slots: 0x00000001125182c0 is pointing into metadata
stack at sp + 1 slots: 0x0000000000000001 is an unknown value
stack at sp + 2 slots: 0x00000001705ca988 is pointing into the stack for thread: 0x0000000123815600
stack at sp + 3 slots: 0x0 is NULL
stack at sp + 4 slots: 0x00000001248506a8 points into unknown readable memory: 0x000000010442e738 | 38 e7 42 04 01 00 00 00
stack at sp + 5 slots: 0x0000000125006f30 is a global jni handle
stack at sp + 6 slots: 0x0000000125006f30 is a global jni handle
stack at sp + 7 slots: 0x0000600002384700 points into unknown readable memory: 0x0000600000a99670 | 70 96 a9 00 00 60 00 00

StubRoutines::SafeFetchN [0x00000001300014ec, 0x00000001300014f8] (12 bytes)
[MachCode]
  0x00000001300014ec: 0100 40f9 | e003 01aa | c003 5fd6 
[/MachCode]

---------------  P R O C E S S  ---------------

Threads class SMR info:
_java_thread_list=0x000060000089a820, length=20, elements={
0x0000000125812000, 0x00000001258c6400, 0x00000001258c8c00, 0x000000012480e400,
0x000000012480ea00, 0x0000000124816400, 0x0000000124816a00, 0x0000000124817000,
0x0000000124817600, 0x0000000112808c00, 0x000000012380b800, 0x0000000124008600,
0x00000001258bee00, 0x0000000123815600, 0x0000000124850400, 0x00000001239e5400,
0x0000000123c50e00, 0x00000001128e5e00, 0x0000000125a83000, 0x0000000114029400
}

Java Threads: ( => current thread )
  0x0000000125812000 JavaThread "main" [_thread_blocked, id=9731, stack(0x000000016d934000,0x000000016db37000)]
  0x00000001258c6400 JavaThread "Reference Handler" daemon [_thread_blocked, id=17667, stack(0x000000016e788000,0x000000016e98b000)]
  0x00000001258c8c00 JavaThread "Finalizer" daemon [_thread_blocked, id=16643, stack(0x000000016e994000,0x000000016eb97000)]
  0x000000012480e400 JavaThread "Signal Dispatcher" daemon [_thread_blocked, id=23043, stack(0x000000016ed44000,0x000000016ef47000)]
  0x000000012480ea00 JavaThread "Service Thread" daemon [_thread_blocked, id=42499, stack(0x000000016ef50000,0x000000016f153000)]
  0x0000000124816400 JavaThread "Monitor Deflation Thread" daemon [_thread_blocked, id=23811, stack(0x000000016f15c000,0x000000016f35f000)]
  0x0000000124816a00 JavaThread "C2 CompilerThread0" daemon [_thread_in_native, id=24323, stack(0x000000016f368000,0x000000016f56b000)]
  0x0000000124817000 JavaThread "C1 CompilerThread0" daemon [_thread_blocked, id=24835, stack(0x000000016f574000,0x000000016f777000)]
  0x0000000124817600 JavaThread "Sweeper thread" daemon [_thread_blocked, id=25091, stack(0x000000016f780000,0x000000016f983000)]
  0x0000000112808c00 JavaThread "Common-Cleaner" daemon [_thread_blocked, id=25347, stack(0x000000016f98c000,0x000000016fb8f000)]
  0x000000012380b800 JavaThread "Monitor Ctrl-Break" daemon [_thread_in_native, id=41731, stack(0x000000016fb98000,0x000000016fd9b000)]
  0x0000000124008600 JavaThread "Notification Thread" daemon [_thread_blocked, id=26115, stack(0x000000016fda4000,0x000000016ffa7000)]
  0x00000001258bee00 JavaThread "QuantumRenderer-0" daemon [_thread_blocked, id=40963, stack(0x00000001701bc000,0x00000001703bf000)]
=>0x0000000123815600 JavaThread "InvokeLaterDispatcher" daemon [_thread_in_native, id=36367, stack(0x00000001703c8000,0x00000001705cb000)]
  0x0000000124850400 JavaThread "JavaFX Application Thread" [_thread_in_native, id=259, stack(0x000000016d0ac000,0x000000016d8a8000)]
  0x00000001239e5400 JavaThread "JavaFX-Launcher" [_thread_blocked, id=77331, stack(0x000000017086c000,0x0000000170a6f000)]
  0x0000000123c50e00 JavaThread "Prism Font Disposer" daemon [_thread_blocked, id=57999, stack(0x0000000175cf0000,0x0000000175ef3000)]
  0x00000001128e5e00 JavaThread "Cleaner-0" daemon [_thread_blocked, id=73231, stack(0x0000000175efc000,0x00000001760ff000)]
  0x0000000125a83000 JavaThread "Attach Listener" daemon [_thread_blocked, id=50243, stack(0x0000000176108000,0x000000017630b000)]
  0x0000000114029400 JavaThread "PulseTimer-CVDisplayLink thread" daemon [_thread_in_native, id=67847, stack(0x0000000170660000,0x00000001706e3000)]

Other Threads:
  0x000000012520db60 VMThread "VM Thread" [stack: 0x000000016e57c000,0x000000016e77f000] [id=18179]
  0x0000000123704940 WatcherThread [stack: 0x000000016ffb0000,0x00000001701b3000] [id=26371]
  0x00000001252068d0 GCTaskThread "GC Thread#0" [stack: 0x000000016db40000,0x000000016dd43000] [id=19971]
  0x00000001252336b0 GCTaskThread "GC Thread#1" [stack: 0x0000000170a78000,0x0000000170c7b000] [id=54531]
  0x0000000125034f00 GCTaskThread "GC Thread#2" [stack: 0x0000000170c84000,0x0000000170e87000] [id=74499]
  0x0000000125035380 GCTaskThread "GC Thread#3" [stack: 0x0000000170e90000,0x0000000171093000] [id=54787]
  0x0000000125035800 GCTaskThread "GC Thread#4" [stack: 0x000000017109c000,0x000000017129f000] [id=73731]
  0x0000000125035c80 GCTaskThread "GC Thread#5" [stack: 0x00000001712a8000,0x00000001714ab000] [id=55043]
  0x0000000125206f80 ConcurrentGCThread "G1 Main Marker" [stack: 0x000000016dd4c000,0x000000016df4f000] [id=12803]
  0x0000000125207800 ConcurrentGCThread "G1 Conc#0" [stack: 0x000000016df58000,0x000000016e15b000] [id=13315]
  0x0000000125209670 ConcurrentGCThread "G1 Refine#0" [stack: 0x000000016e164000,0x000000016e367000] [id=19203]
  0x0000000125209f10 ConcurrentGCThread "G1 Service" [stack: 0x000000016e370000,0x000000016e573000] [id=18947]

Threads with active compile tasks:
C2 CompilerThread0     2546 1536       4       com.sun.marlin.MaskMarlinAlphaConsumer::setAndClearRelativeAlphas (641 bytes)

VM state: not at safepoint (normal execution)

VM Mutex/Monitor currently owned by a thread: None

Heap address: 0x0000000780000000, size: 2048 MB, Compressed Oops mode: Zero based, Oop shift amount: 3

CDS archive(s) mapped at: [0x0000000800000000-0x0000000800bd4000-0x0000000800bd4000), size 12402688, SharedBaseAddress: 0x0000000800000000, ArchiveRelocationMode: 0.
Compressed class space mapped at: 0x0000000800c00000-0x0000000840c00000, reserved size: 1073741824
Narrow klass base: 0x0000000800000000, Narrow klass shift: 0, Narrow klass range: 0x100000000

GC Precious Log:
 CPUs: 8 total, 8 available
 Memory: 8192M
 Large Page Support: Disabled
 NUMA Support: Disabled
 Compressed Oops: Enabled (Zero based)
 Heap Region Size: 1M
 Heap Min Capacity: 8M
 Heap Initial Capacity: 128M
 Heap Max Capacity: 2G
 Pre-touch: Disabled
 Parallel Workers: 8
 Concurrent Workers: 2
 Concurrent Refinement Workers: 8
 Periodic GC: Disabled

Heap:
 garbage-first heap   total 133120K, used 26928K [0x0000000780000000, 0x0000000800000000)
  region size 1024K, 24 young (24576K), 3 survivors (3072K)
 Metaspace       used 12473K, committed 12672K, reserved 1064960K
  class space    used 1700K, committed 1792K, reserved 1048576K

Heap Regions: E=young(eden), S=young(survivor), O=old, HS=humongous(starts), HC=humongous(continues), CS=collection set, F=free, OA=open archive, CA=closed archive, TAMS=top-at-mark-start (previous, next)
|   0|0x0000000780000000, 0x0000000780054200, 0x0000000780100000| 32%| O|  |TAMS 0x0000000780000000, 0x0000000780000000| Untracked 
|   1|0x0000000780100000, 0x0000000780200000, 0x0000000780200000|100%|HS|  |TAMS 0x0000000780100000, 0x0000000780100000| Complete 
|   2|0x0000000780200000, 0x0000000780300000, 0x0000000780300000|100%|HC|  |TAMS 0x0000000780200000, 0x0000000780200000| Complete 
|   3|0x0000000780300000, 0x0000000780300000, 0x0000000780400000|  0%| F|  |TAMS 0x0000000780300000, 0x0000000780300000| Untracked 
|   4|0x0000000780400000, 0x0000000780400000, 0x0000000780500000|  0%| F|  |TAMS 0x0000000780400000, 0x0000000780400000| Untracked 
|   5|0x0000000780500000, 0x0000000780500000, 0x0000000780600000|  0%| F|  |TAMS 0x0000000780500000, 0x0000000780500000| Untracked 
|   6|0x0000000780600000, 0x0000000780600000, 0x0000000780700000|  0%| F|  |TAMS 0x0000000780600000, 0x0000000780600000| Untracked 
|   7|0x0000000780700000, 0x0000000780700000, 0x0000000780800000|  0%| F|  |TAMS 0x0000000780700000, 0x0000000780700000| Untracked 
|   8|0x0000000780800000, 0x0000000780800000, 0x0000000780900000|  0%| F|  |TAMS 0x0000000780800000, 0x0000000780800000| Untracked 
|   9|0x0000000780900000, 0x0000000780900000, 0x0000000780a00000|  0%| F|  |TAMS 0x0000000780900000, 0x0000000780900000| Untracked 
|  10|0x0000000780a00000, 0x0000000780a00000, 0x0000000780b00000|  0%| F|  |TAMS 0x0000000780a00000, 0x0000000780a00000| Untracked 
|  11|0x0000000780b00000, 0x0000000780b00000, 0x0000000780c00000|  0%| F|  |TAMS 0x0000000780b00000, 0x0000000780b00000| Untracked 
|  12|0x0000000780c00000, 0x0000000780c00000, 0x0000000780d00000|  0%| F|  |TAMS 0x0000000780c00000, 0x0000000780c00000| Untracked 
|  13|0x0000000780d00000, 0x0000000780d00000, 0x0000000780e00000|  0%| F|  |TAMS 0x0000000780d00000, 0x0000000780d00000| Untracked 
|  14|0x0000000780e00000, 0x0000000780e00000, 0x0000000780f00000|  0%| F|  |TAMS 0x0000000780e00000, 0x0000000780e00000| Untracked 
|  15|0x0000000780f00000, 0x0000000780f00000, 0x0000000781000000|  0%| F|  |TAMS 0x0000000780f00000, 0x0000000780f00000| Untracked 
|  16|0x0000000781000000, 0x0000000781000000, 0x0000000781100000|  0%| F|  |TAMS 0x0000000781000000, 0x0000000781000000| Untracked 
|  17|0x0000000781100000, 0x0000000781100000, 0x0000000781200000|  0%| F|  |TAMS 0x0000000781100000, 0x0000000781100000| Untracked 
|  18|0x0000000781200000, 0x0000000781200000, 0x0000000781300000|  0%| F|  |TAMS 0x0000000781200000, 0x0000000781200000| Untracked 
|  19|0x0000000781300000, 0x0000000781300000, 0x0000000781400000|  0%| F|  |TAMS 0x0000000781300000, 0x0000000781300000| Untracked 
|  20|0x0000000781400000, 0x0000000781400000, 0x0000000781500000|  0%| F|  |TAMS 0x0000000781400000, 0x0000000781400000| Untracked 
|  21|0x0000000781500000, 0x0000000781500000, 0x0000000781600000|  0%| F|  |TAMS 0x0000000781500000, 0x0000000781500000| Untracked 
|  22|0x0000000781600000, 0x0000000781600000, 0x0000000781700000|  0%| F|  |TAMS 0x0000000781600000, 0x0000000781600000| Untracked 
|  23|0x0000000781700000, 0x0000000781700000, 0x0000000781800000|  0%| F|  |TAMS 0x0000000781700000, 0x0000000781700000| Untracked 
|  24|0x0000000781800000, 0x0000000781800000, 0x0000000781900000|  0%| F|  |TAMS 0x0000000781800000, 0x0000000781800000| Untracked 
|  25|0x0000000781900000, 0x0000000781900000, 0x0000000781a00000|  0%| F|  |TAMS 0x0000000781900000, 0x0000000781900000| Untracked 
|  26|0x0000000781a00000, 0x0000000781a00000, 0x0000000781b00000|  0%| F|  |TAMS 0x0000000781a00000, 0x0000000781a00000| Untracked 
|  27|0x0000000781b00000, 0x0000000781b00000, 0x0000000781c00000|  0%| F|  |TAMS 0x0000000781b00000, 0x0000000781b00000| Untracked 
|  28|0x0000000781c00000, 0x0000000781c00000, 0x0000000781d00000|  0%| F|  |TAMS 0x0000000781c00000, 0x0000000781c00000| Untracked 
|  29|0x0000000781d00000, 0x0000000781d00000, 0x0000000781e00000|  0%| F|  |TAMS 0x0000000781d00000, 0x0000000781d00000| Untracked 
|  30|0x0000000781e00000, 0x0000000781e00000, 0x0000000781f00000|  0%| F|  |TAMS 0x0000000781e00000, 0x0000000781e00000| Untracked 
|  31|0x0000000781f00000, 0x0000000781f00000, 0x0000000782000000|  0%| F|  |TAMS 0x0000000781f00000, 0x0000000781f00000| Untracked 
|  32|0x0000000782000000, 0x0000000782000000, 0x0000000782100000|  0%| F|  |TAMS 0x0000000782000000, 0x0000000782000000| Untracked 
|  33|0x0000000782100000, 0x0000000782100000, 0x0000000782200000|  0%| F|  |TAMS 0x0000000782100000, 0x0000000782100000| Untracked 
|  34|0x0000000782200000, 0x0000000782200000, 0x0000000782300000|  0%| F|  |TAMS 0x0000000782200000, 0x0000000782200000| Untracked 
|  35|0x0000000782300000, 0x0000000782300000, 0x0000000782400000|  0%| F|  |TAMS 0x0000000782300000, 0x0000000782300000| Untracked 
|  36|0x0000000782400000, 0x0000000782400000, 0x0000000782500000|  0%| F|  |TAMS 0x0000000782400000, 0x0000000782400000| Untracked 
|  37|0x0000000782500000, 0x0000000782500000, 0x0000000782600000|  0%| F|  |TAMS 0x0000000782500000, 0x0000000782500000| Untracked 
|  38|0x0000000782600000, 0x0000000782600000, 0x0000000782700000|  0%| F|  |TAMS 0x0000000782600000, 0x0000000782600000| Untracked 
|  39|0x0000000782700000, 0x0000000782700000, 0x0000000782800000|  0%| F|  |TAMS 0x0000000782700000, 0x0000000782700000| Untracked 
|  40|0x0000000782800000, 0x0000000782800000, 0x0000000782900000|  0%| F|  |TAMS 0x0000000782800000, 0x0000000782800000| Untracked 
|  41|0x0000000782900000, 0x0000000782900000, 0x0000000782a00000|  0%| F|  |TAMS 0x0000000782900000, 0x0000000782900000| Untracked 
|  42|0x0000000782a00000, 0x0000000782a00000, 0x0000000782b00000|  0%| F|  |TAMS 0x0000000782a00000, 0x0000000782a00000| Untracked 
|  43|0x0000000782b00000, 0x0000000782b00000, 0x0000000782c00000|  0%| F|  |TAMS 0x0000000782b00000, 0x0000000782b00000| Untracked 
|  44|0x0000000782c00000, 0x0000000782c00000, 0x0000000782d00000|  0%| F|  |TAMS 0x0000000782c00000, 0x0000000782c00000| Untracked 
|  45|0x0000000782d00000, 0x0000000782d00000, 0x0000000782e00000|  0%| F|  |TAMS 0x0000000782d00000, 0x0000000782d00000| Untracked 
|  46|0x0000000782e00000, 0x0000000782e00000, 0x0000000782f00000|  0%| F|  |TAMS 0x0000000782e00000, 0x0000000782e00000| Untracked 
|  47|0x0000000782f00000, 0x0000000782f00000, 0x0000000783000000|  0%| F|  |TAMS 0x0000000782f00000, 0x0000000782f00000| Untracked 
|  48|0x0000000783000000, 0x0000000783000000, 0x0000000783100000|  0%| F|  |TAMS 0x0000000783000000, 0x0000000783000000| Untracked 
|  49|0x0000000783100000, 0x0000000783100000, 0x0000000783200000|  0%| F|  |TAMS 0x0000000783100000, 0x0000000783100000| Untracked 
|  50|0x0000000783200000, 0x0000000783200000, 0x0000000783300000|  0%| F|  |TAMS 0x0000000783200000, 0x0000000783200000| Untracked 
|  51|0x0000000783300000, 0x0000000783300000, 0x0000000783400000|  0%| F|  |TAMS 0x0000000783300000, 0x0000000783300000| Untracked 
|  52|0x0000000783400000, 0x0000000783400000, 0x0000000783500000|  0%| F|  |TAMS 0x0000000783400000, 0x0000000783400000| Untracked 
|  53|0x0000000783500000, 0x0000000783500000, 0x0000000783600000|  0%| F|  |TAMS 0x0000000783500000, 0x0000000783500000| Untracked 
|  54|0x0000000783600000, 0x0000000783600000, 0x0000000783700000|  0%| F|  |TAMS 0x0000000783600000, 0x0000000783600000| Untracked 
|  55|0x0000000783700000, 0x0000000783700000, 0x0000000783800000|  0%| F|  |TAMS 0x0000000783700000, 0x0000000783700000| Untracked 
|  56|0x0000000783800000, 0x0000000783800000, 0x0000000783900000|  0%| F|  |TAMS 0x0000000783800000, 0x0000000783800000| Untracked 
|  57|0x0000000783900000, 0x0000000783900000, 0x0000000783a00000|  0%| F|  |TAMS 0x0000000783900000, 0x0000000783900000| Untracked 
|  58|0x0000000783a00000, 0x0000000783a00000, 0x0000000783b00000|  0%| F|  |TAMS 0x0000000783a00000, 0x0000000783a00000| Untracked 
|  59|0x0000000783b00000, 0x0000000783b00000, 0x0000000783c00000|  0%| F|  |TAMS 0x0000000783b00000, 0x0000000783b00000| Untracked 
|  60|0x0000000783c00000, 0x0000000783c00000, 0x0000000783d00000|  0%| F|  |TAMS 0x0000000783c00000, 0x0000000783c00000| Untracked 
|  61|0x0000000783d00000, 0x0000000783d00000, 0x0000000783e00000|  0%| F|  |TAMS 0x0000000783d00000, 0x0000000783d00000| Untracked 
|  62|0x0000000783e00000, 0x0000000783e00000, 0x0000000783f00000|  0%| F|  |TAMS 0x0000000783e00000, 0x0000000783e00000| Untracked 
|  63|0x0000000783f00000, 0x0000000783f00000, 0x0000000784000000|  0%| F|  |TAMS 0x0000000783f00000, 0x0000000783f00000| Untracked 
|  64|0x0000000784000000, 0x0000000784000000, 0x0000000784100000|  0%| F|  |TAMS 0x0000000784000000, 0x0000000784000000| Untracked 
|  65|0x0000000784100000, 0x0000000784100000, 0x0000000784200000|  0%| F|  |TAMS 0x0000000784100000, 0x0000000784100000| Untracked 
|  66|0x0000000784200000, 0x0000000784200000, 0x0000000784300000|  0%| F|  |TAMS 0x0000000784200000, 0x0000000784200000| Untracked 
|  67|0x0000000784300000, 0x0000000784300000, 0x0000000784400000|  0%| F|  |TAMS 0x0000000784300000, 0x0000000784300000| Untracked 
|  68|0x0000000784400000, 0x0000000784400000, 0x0000000784500000|  0%| F|  |TAMS 0x0000000784400000, 0x0000000784400000| Untracked 
|  69|0x0000000784500000, 0x0000000784500000, 0x0000000784600000|  0%| F|  |TAMS 0x0000000784500000, 0x0000000784500000| Untracked 
|  70|0x0000000784600000, 0x0000000784600000, 0x0000000784700000|  0%| F|  |TAMS 0x0000000784600000, 0x0000000784600000| Untracked 
|  71|0x0000000784700000, 0x0000000784700000, 0x0000000784800000|  0%| F|  |TAMS 0x0000000784700000, 0x0000000784700000| Untracked 
|  72|0x0000000784800000, 0x0000000784800000, 0x0000000784900000|  0%| F|  |TAMS 0x0000000784800000, 0x0000000784800000| Untracked 
|  73|0x0000000784900000, 0x0000000784900000, 0x0000000784a00000|  0%| F|  |TAMS 0x0000000784900000, 0x0000000784900000| Untracked 
|  74|0x0000000784a00000, 0x0000000784a00000, 0x0000000784b00000|  0%| F|  |TAMS 0x0000000784a00000, 0x0000000784a00000| Untracked 
|  75|0x0000000784b00000, 0x0000000784b00000, 0x0000000784c00000|  0%| F|  |TAMS 0x0000000784b00000, 0x0000000784b00000| Untracked 
|  76|0x0000000784c00000, 0x0000000784c00000, 0x0000000784d00000|  0%| F|  |TAMS 0x0000000784c00000, 0x0000000784c00000| Untracked 
|  77|0x0000000784d00000, 0x0000000784d00000, 0x0000000784e00000|  0%| F|  |TAMS 0x0000000784d00000, 0x0000000784d00000| Untracked 
|  78|0x0000000784e00000, 0x0000000784e00000, 0x0000000784f00000|  0%| F|  |TAMS 0x0000000784e00000, 0x0000000784e00000| Untracked 
|  79|0x0000000784f00000, 0x0000000784f00000, 0x0000000785000000|  0%| F|  |TAMS 0x0000000784f00000, 0x0000000784f00000| Untracked 
|  80|0x0000000785000000, 0x0000000785000000, 0x0000000785100000|  0%| F|  |TAMS 0x0000000785000000, 0x0000000785000000| Untracked 
|  81|0x0000000785100000, 0x0000000785100000, 0x0000000785200000|  0%| F|  |TAMS 0x0000000785100000, 0x0000000785100000| Untracked 
|  82|0x0000000785200000, 0x0000000785200000, 0x0000000785300000|  0%| F|  |TAMS 0x0000000785200000, 0x0000000785200000| Untracked 
|  83|0x0000000785300000, 0x0000000785300000, 0x0000000785400000|  0%| F|  |TAMS 0x0000000785300000, 0x0000000785300000| Untracked 
|  84|0x0000000785400000, 0x0000000785400000, 0x0000000785500000|  0%| F|  |TAMS 0x0000000785400000, 0x0000000785400000| Untracked 
|  85|0x0000000785500000, 0x0000000785500000, 0x0000000785600000|  0%| F|  |TAMS 0x0000000785500000, 0x0000000785500000| Untracked 
|  86|0x0000000785600000, 0x0000000785600000, 0x0000000785700000|  0%| F|  |TAMS 0x0000000785600000, 0x0000000785600000| Untracked 
|  87|0x0000000785700000, 0x0000000785700000, 0x0000000785800000|  0%| F|  |TAMS 0x0000000785700000, 0x0000000785700000| Untracked 
|  88|0x0000000785800000, 0x0000000785800000, 0x0000000785900000|  0%| F|  |TAMS 0x0000000785800000, 0x0000000785800000| Untracked 
|  89|0x0000000785900000, 0x0000000785900000, 0x0000000785a00000|  0%| F|  |TAMS 0x0000000785900000, 0x0000000785900000| Untracked 
|  90|0x0000000785a00000, 0x0000000785a00000, 0x0000000785b00000|  0%| F|  |TAMS 0x0000000785a00000, 0x0000000785a00000| Untracked 
|  91|0x0000000785b00000, 0x0000000785b00000, 0x0000000785c00000|  0%| F|  |TAMS 0x0000000785b00000, 0x0000000785b00000| Untracked 
|  92|0x0000000785c00000, 0x0000000785c00000, 0x0000000785d00000|  0%| F|  |TAMS 0x0000000785c00000, 0x0000000785c00000| Untracked 
|  93|0x0000000785d00000, 0x0000000785d00000, 0x0000000785e00000|  0%| F|  |TAMS 0x0000000785d00000, 0x0000000785d00000| Untracked 
|  94|0x0000000785e00000, 0x0000000785e00000, 0x0000000785f00000|  0%| F|  |TAMS 0x0000000785e00000, 0x0000000785e00000| Untracked 
|  95|0x0000000785f00000, 0x0000000785f00000, 0x0000000786000000|  0%| F|  |TAMS 0x0000000785f00000, 0x0000000785f00000| Untracked 
|  96|0x0000000786000000, 0x0000000786000000, 0x0000000786100000|  0%| F|  |TAMS 0x0000000786000000, 0x0000000786000000| Untracked 
|  97|0x0000000786100000, 0x0000000786100000, 0x0000000786200000|  0%| F|  |TAMS 0x0000000786100000, 0x0000000786100000| Untracked 
|  98|0x0000000786200000, 0x0000000786200000, 0x0000000786300000|  0%| F|  |TAMS 0x0000000786200000, 0x0000000786200000| Untracked 
|  99|0x0000000786300000, 0x0000000786300000, 0x0000000786400000|  0%| F|  |TAMS 0x0000000786300000, 0x0000000786300000| Untracked 
| 100|0x0000000786400000, 0x0000000786400000, 0x0000000786500000|  0%| F|  |TAMS 0x0000000786400000, 0x0000000786400000| Untracked 
| 101|0x0000000786500000, 0x0000000786500000, 0x0000000786600000|  0%| F|  |TAMS 0x0000000786500000, 0x0000000786500000| Untracked 
| 102|0x0000000786600000, 0x0000000786700000, 0x0000000786700000|100%| S|CS|TAMS 0x0000000786600000, 0x0000000786600000| Complete 
| 103|0x0000000786700000, 0x0000000786800000, 0x0000000786800000|100%| S|CS|TAMS 0x0000000786700000, 0x0000000786700000| Complete 
| 104|0x0000000786800000, 0x0000000786900000, 0x0000000786900000|100%| S|CS|TAMS 0x0000000786800000, 0x0000000786800000| Complete 
| 105|0x0000000786900000, 0x0000000786900000, 0x0000000786a00000|  0%| F|  |TAMS 0x0000000786900000, 0x0000000786900000| Untracked 
| 106|0x0000000786a00000, 0x0000000786a00000, 0x0000000786b00000|  0%| F|  |TAMS 0x0000000786a00000, 0x0000000786a00000| Untracked 
| 107|0x0000000786b00000, 0x0000000786b00800, 0x0000000786c00000|  0%| E|  |TAMS 0x0000000786b00000, 0x0000000786b00000| Complete 
| 108|0x0000000786c00000, 0x0000000786d00000, 0x0000000786d00000|100%| E|CS|TAMS 0x0000000786c00000, 0x0000000786c00000| Complete 
| 109|0x0000000786d00000, 0x0000000786e00000, 0x0000000786e00000|100%| E|CS|TAMS 0x0000000786d00000, 0x0000000786d00000| Complete 
| 110|0x0000000786e00000, 0x0000000786f00000, 0x0000000786f00000|100%| E|CS|TAMS 0x0000000786e00000, 0x0000000786e00000| Complete 
| 111|0x0000000786f00000, 0x0000000787000000, 0x0000000787000000|100%| E|CS|TAMS 0x0000000786f00000, 0x0000000786f00000| Complete 
| 112|0x0000000787000000, 0x0000000787100000, 0x0000000787100000|100%| E|CS|TAMS 0x0000000787000000, 0x0000000787000000| Complete 
| 113|0x0000000787100000, 0x0000000787200000, 0x0000000787200000|100%| E|CS|TAMS 0x0000000787100000, 0x0000000787100000| Complete 
| 114|0x0000000787200000, 0x0000000787300000, 0x0000000787300000|100%| E|CS|TAMS 0x0000000787200000, 0x0000000787200000| Complete 
| 115|0x0000000787300000, 0x0000000787400000, 0x0000000787400000|100%| E|CS|TAMS 0x0000000787300000, 0x0000000787300000| Complete 
| 116|0x0000000787400000, 0x0000000787500000, 0x0000000787500000|100%| E|CS|TAMS 0x0000000787400000, 0x0000000787400000| Complete 
| 117|0x0000000787500000, 0x0000000787600000, 0x0000000787600000|100%| E|CS|TAMS 0x0000000787500000, 0x0000000787500000| Complete 
| 118|0x0000000787600000, 0x0000000787700000, 0x0000000787700000|100%| E|CS|TAMS 0x0000000787600000, 0x0000000787600000| Complete 
| 119|0x0000000787700000, 0x0000000787800000, 0x0000000787800000|100%| E|CS|TAMS 0x0000000787700000, 0x0000000787700000| Complete 
| 120|0x0000000787800000, 0x0000000787900000, 0x0000000787900000|100%| E|CS|TAMS 0x0000000787800000, 0x0000000787800000| Complete 
| 121|0x0000000787900000, 0x0000000787a00000, 0x0000000787a00000|100%| E|CS|TAMS 0x0000000787900000, 0x0000000787900000| Complete 
| 122|0x0000000787a00000, 0x0000000787b00000, 0x0000000787b00000|100%| E|CS|TAMS 0x0000000787a00000, 0x0000000787a00000| Complete 
| 123|0x0000000787b00000, 0x0000000787c00000, 0x0000000787c00000|100%| E|CS|TAMS 0x0000000787b00000, 0x0000000787b00000| Complete 
| 124|0x0000000787c00000, 0x0000000787d00000, 0x0000000787d00000|100%| E|CS|TAMS 0x0000000787c00000, 0x0000000787c00000| Complete 
| 125|0x0000000787d00000, 0x0000000787e00000, 0x0000000787e00000|100%| E|CS|TAMS 0x0000000787d00000, 0x0000000787d00000| Complete 
| 126|0x0000000787e00000, 0x0000000787f00000, 0x0000000787f00000|100%| E|CS|TAMS 0x0000000787e00000, 0x0000000787e00000| Complete 
| 127|0x0000000787f00000, 0x0000000788000000, 0x0000000788000000|100%| E|CS|TAMS 0x0000000787f00000, 0x0000000787f00000| Complete 
|2046|0x00000007ffe00000, 0x00000007ffe78000, 0x00000007fff00000| 46%|OA|  |TAMS 0x00000007ffe00000, 0x00000007ffe00000| Untracked 
|2047|0x00000007fff00000, 0x00000007fff80000, 0x0000000800000000| 50%|CA|  |TAMS 0x00000007fff00000, 0x00000007fff00000| Untracked 

Card table byte_map: [0x0000000102ea0000,0x00000001032a0000] _byte_map_base: 0x00000000ff2a0000

Marking Bits (Prev, Next): (CMBitMap*) 0x0000000125839610, (CMBitMap*) 0x0000000125839650
 Prev Bits: [0x000000010bfb0000, 0x000000010dfb0000)
 Next Bits: [0x000000010dfb0000, 0x000000010ffb0000)

Polling page: 0x00000001026dc000

Metaspace:

Usage:
  Non-class:     10.52 MB used.
      Class:      1.66 MB used.
       Both:     12.18 MB used.

Virtual space:
  Non-class space:       16.00 MB reserved,      10.62 MB ( 66%) committed,  2 nodes.
      Class space:        1.00 GB reserved,       1.75 MB ( <1%) committed,  1 nodes.
             Both:        1.02 GB reserved,      12.38 MB (  1%) committed. 

Chunk freelists:
   Non-Class:  1.23 MB
       Class:  2.19 MB
        Both:  3.42 MB

MaxMetaspaceSize: unlimited
CompressedClassSpaceSize: 1.00 GB
Initial GC threshold: 21.00 MB
Current GC threshold: 21.00 MB
CDS: on
MetaspaceReclaimPolicy: balanced
 - commit_granule_bytes: 65536.
 - commit_granule_words: 8192.
 - virtual_space_node_default_size: 1048576.
 - enlarge_chunks_in_place: 1.
 - new_chunks_are_fully_committed: 0.
 - uncommit_free_chunks: 1.
 - use_allocation_guard: 0.
 - handle_deallocations: 1.


Internal statistics:

num_allocs_failed_limit: 0.
num_arena_births: 174.
num_arena_deaths: 0.
num_vsnodes_births: 3.
num_vsnodes_deaths: 0.
num_space_committed: 198.
num_space_uncommitted: 0.
num_chunks_returned_to_freelist: 0.
num_chunks_taken_from_freelist: 537.
num_chunk_merges: 0.
num_chunk_splits: 379.
num_chunks_enlarged: 297.
num_purges: 0.
num_inconsistent_stats: 0.

CodeHeap 'non-profiled nmethods': size=120032Kb used=561Kb max_used=561Kb free=119470Kb
 bounds [0x0000000137ac8000, 0x0000000137d38000, 0x000000013f000000]
CodeHeap 'profiled nmethods': size=120016Kb used=2882Kb max_used=2882Kb free=117133Kb
 bounds [0x0000000130594000, 0x0000000130874000, 0x0000000137ac8000]
CodeHeap 'non-nmethods': size=5712Kb used=1355Kb max_used=1471Kb free=4356Kb
 bounds [0x0000000130000000, 0x0000000130270000, 0x0000000130594000]
 total_blobs=2229 nmethods=1488 adapters=658
 compilation: enabled
              stopped_count=0, restarted_count=0
 full_count=0

Compilation events (20 events):
Event: 2.467 Thread 0x0000000124817000 nmethod 1523 0x000000013085e510 code [0x000000013085e700, 0x000000013085ebd8]
Event: 2.467 Thread 0x0000000124817000 1524       3       java.util.EventObject::<init> (24 bytes)
Event: 2.468 Thread 0x0000000124817000 nmethod 1524 0x000000013085ed90 code [0x000000013085ef40, 0x000000013085f218]
Event: 2.468 Thread 0x0000000124817000 1525   !   3       javafx.scene.Node::pickNode (130 bytes)
Event: 2.470 Thread 0x0000000124817000 nmethod 1525 0x000000013085f310 code [0x000000013085f680, 0x0000000130860748]
Event: 2.476 Thread 0x0000000124817000 1526       3       javafx.scene.Node::localToScene (17 bytes)
Event: 2.476 Thread 0x0000000124817000 nmethod 1526 0x0000000130860f10 code [0x00000001308610c0, 0x0000000130861358]
Event: 2.483 Thread 0x0000000124817000 1527       1       com.sun.javafx.event.CompositeEventHandler$NormalEventHandlerRecord::isFilter (2 bytes)
Event: 2.483 Thread 0x0000000124817000 nmethod 1527 0x0000000137b53490 code [0x0000000137b53600, 0x0000000137b536e8]
Event: 2.502 Thread 0x0000000124817000 1529       3       com.sun.javafx.event.CompositeEventDispatcher::dispatchCapturingEvent (35 bytes)
Event: 2.502 Thread 0x0000000124817000 nmethod 1529 0x0000000130861490 code [0x0000000130861680, 0x0000000130861b88]
Event: 2.503 Thread 0x0000000124817000 1528       3       com.sun.javafx.event.BasicEventDispatcher::dispatchEvent (44 bytes)
Event: 2.503 Thread 0x0000000124817000 nmethod 1528 0x0000000130861d10 code [0x0000000130861f00, 0x0000000130862538]
Event: 2.519 Thread 0x0000000124817000 1530       3       com.sun.javafx.geom.transform.Translate2D::inverseTransform (48 bytes)
Event: 2.519 Thread 0x0000000124817000 nmethod 1530 0x0000000130862710 code [0x00000001308628c0, 0x0000000130862ba8]
Event: 2.532 Thread 0x0000000124817000 1531       3       javafx.css.CssMetaData::hashCode (28 bytes)
Event: 2.532 Thread 0x0000000124816a00 1532       4       java.util.HashMap::get (19 bytes)
Event: 2.532 Thread 0x0000000124817000 nmethod 1531 0x0000000130862d10 code [0x0000000130862ec0, 0x0000000130863098]
Event: 2.532 Thread 0x0000000124817000 1533       3       javafx.scene.Node::isDirty (11 bytes)
Event: 2.533 Thread 0x0000000124817000 nmethod 1533 0x0000000130863190 code [0x0000000130863340, 0x0000000130863598]

GC Heap History (2 events):
Event: 0.341 GC heap before
{Heap before GC invocations=0 (full 0):
 garbage-first heap   total 133120K, used 23520K [0x0000000780000000, 0x0000000800000000)
  region size 1024K, 23 young (23552K), 0 survivors (0K)
 Metaspace       used 7538K, committed 7680K, reserved 1056768K
  class space    used 982K, committed 1024K, reserved 1048576K
}
Event: 0.342 GC heap after
{Heap after GC invocations=1 (full 0):
 garbage-first heap   total 133120K, used 4400K [0x0000000780000000, 0x0000000800000000)
  region size 1024K, 3 young (3072K), 3 survivors (3072K)
 Metaspace       used 7538K, committed 7680K, reserved 1056768K
  class space    used 982K, committed 1024K, reserved 1048576K
}

Deoptimization events (20 events):
Event: 0.490 Thread 0x0000000124850400 Uncommon trap: trap_request=0xffffffde fr.pc=0x0000000137adb018 relative=0x0000000000000158
Event: 0.490 Thread 0x0000000124850400 Uncommon trap: reason=class_check action=maybe_recompile pc=0x0000000137adb018 method=java.lang.String.equals(Ljava/lang/Object;)Z @ 8 c2
Event: 0.490 Thread 0x0000000124850400 DEOPT PACKING pc=0x0000000137adb018 sp=0x000000016d8a2100
Event: 0.490 Thread 0x0000000124850400 DEOPT UNPACKING pc=0x000000013003ed1c sp=0x000000016d8a20a0 mode 2
Event: 0.505 Thread 0x0000000124850400 Uncommon trap: trap_request=0xffffff45 fr.pc=0x0000000137b0f95c relative=0x000000000000019c
Event: 0.505 Thread 0x0000000124850400 Uncommon trap: reason=unstable_if action=reinterpret pc=0x0000000137b0f95c method=java.io.ByteArrayInputStream.read()I @ 8 c2
Event: 0.505 Thread 0x0000000124850400 DEOPT PACKING pc=0x0000000137b0f95c sp=0x000000016d8a14f0
Event: 0.505 Thread 0x0000000124850400 DEOPT UNPACKING pc=0x000000013003ed1c sp=0x000000016d8a1470 mode 2
Event: 0.507 Thread 0x0000000124850400 Uncommon trap: trap_request=0xffffffc6 fr.pc=0x0000000137b076f8 relative=0x0000000000000478
Event: 0.507 Thread 0x0000000124850400 Uncommon trap: reason=bimorphic_or_optimized_type_check action=maybe_recompile pc=0x0000000137b076f8 method=java.util.concurrent.ConcurrentHashMap.get(Ljava/lang/Object;)Ljava/lang/Object; @ 149 c2
Event: 0.507 Thread 0x0000000124850400 DEOPT PACKING pc=0x0000000137b076f8 sp=0x000000016d8a1dd0
Event: 0.507 Thread 0x0000000124850400 DEOPT UNPACKING pc=0x000000013003ed1c sp=0x000000016d8a1d60 mode 2
Event: 0.544 Thread 0x00000001258bee00 DEOPT PACKING pc=0x00000001306e0314 sp=0x00000001703bd530
Event: 0.544 Thread 0x00000001258bee00 DEOPT UNPACKING pc=0x000000013003eb7c sp=0x00000001703bd200 mode 3
Event: 0.544 Thread 0x00000001258bee00 DEOPT PACKING pc=0x00000001306e4660 sp=0x00000001703bd590
Event: 0.544 Thread 0x00000001258bee00 DEOPT UNPACKING pc=0x000000013003eb7c sp=0x00000001703bd260 mode 3
Event: 1.197 Thread 0x0000000125a83000 Uncommon trap: trap_request=0xffffff45 fr.pc=0x0000000137ad7a44 relative=0x0000000000000104
Event: 1.197 Thread 0x0000000125a83000 Uncommon trap: reason=unstable_if action=reinterpret pc=0x0000000137ad7a44 method=java.lang.StringLatin1.lastIndexOf([BI[BII)I @ 86 c2
Event: 1.197 Thread 0x0000000125a83000 DEOPT PACKING pc=0x0000000137ad7a44 sp=0x00000001763098b0
Event: 1.197 Thread 0x0000000125a83000 DEOPT UNPACKING pc=0x000000013003ed1c sp=0x0000000176309810 mode 2

Classes unloaded (0 events):
No events

Classes redefined (0 events):
No events

Internal exceptions (20 events):
Event: 0.104 Thread 0x0000000125812000 Exception <a 'java/lang/NoSuchMethodError'{0x0000000787856880}: 'void java.lang.invoke.DirectMethodHandle$Holder.invokeStatic(java.lang.Object, java.lang.Object, java.lang.Object)'> (0x0000000787856880) 
thrown [open/src/hotspot/share/interpreter/linkResolver.cpp, line 766]
Event: 0.164 Thread 0x0000000125812000 Exception <a 'java/lang/NoSuchMethodError'{0x0000000787873418}: 'int java.lang.invoke.DirectMethodHandle$Holder.invokeStaticInit(java.lang.Object, java.lang.Object, java.lang.Object)'> (0x0000000787873418) 
thrown [open/src/hotspot/share/interpreter/linkResolver.cpp, line 766]
Event: 0.264 Thread 0x0000000124850400 Exception <a 'java/lang/NoSuchMethodError'{0x00000007873a7be8}: 'void java.lang.invoke.DirectMethodHandle$Holder.invokeStaticInit(java.lang.Object)'> (0x00000007873a7be8) 
thrown [open/src/hotspot/share/interpreter/linkResolver.cpp, line 766]
Event: 0.265 Thread 0x0000000125812000 Exception <a 'java/lang/NoSuchMethodError'{0x00000007876ab480}: 'java.lang.Object java.lang.invoke.DirectMethodHandle$Holder.newInvokeSpecial(java.lang.Object, java.lang.Object, java.lang.Object, java.lang.Object, java.lang.Object, java.lang.Object)'> (0x00000007876ab480) 
thrown [open/src/hotspot/share/interpreter/linkResolver.cpp, line 766]
Event: 0.275 Thread 0x0000000125812000 Exception <a 'java/lang/NoSuchMethodError'{0x00000007876dc4c8}: 'java.lang.Object java.lang.invoke.DirectMethodHandle$Holder.newInvokeSpecial(java.lang.Object, java.lang.Object, java.lang.Object, java.lang.Object, java.lang.Object)'> (0x00000007876dc4c8) 
thrown [open/src/hotspot/share/interpreter/linkResolver.cpp, line 766]
Event: 0.276 Thread 0x00000001239e5400 Exception <a 'java/lang/NoSuchMethodError'{0x000000078727a2f0}: 'void java.lang.invoke.DirectMethodHandle$Holder.invokeStatic(java.lang.Object, java.lang.Object, java.lang.Object, java.lang.Object)'> (0x000000078727a2f0) 
thrown [open/src/hotspot/share/interpreter/linkResolver.cpp, line 766]
Event: 0.297 Thread 0x0000000124850400 Exception <a 'sun/nio/fs/UnixException'{0x0000000786e47eb0}> (0x0000000786e47eb0) 
thrown [open/src/hotspot/share/prims/jni.cpp, line 516]
Event: 0.317 Thread 0x0000000124850400 Exception <a 'java/lang/NoSuchMethodError'{0x0000000786ce3e18}: 'java.lang.Object java.lang.invoke.DirectMethodHandle$Holder.invokeStaticInit(java.lang.Object, java.lang.Object, java.lang.Object, java.lang.Object)'> (0x0000000786ce3e18) 
thrown [open/src/hotspot/share/interpreter/linkResolver.cpp, line 766]
Event: 0.318 Thread 0x0000000124850400 Exception <a 'java/lang/NullPointerException'{0x0000000786ceff90}> (0x0000000786ceff90) 
thrown [open/src/hotspot/share/interpreter/linkResolver.cpp, line 1357]
Event: 0.326 Thread 0x0000000124850400 Exception <a 'java/lang/NoSuchMethodError'{0x0000000786a7c408}: 'java.lang.Object java.lang.invoke.DirectMethodHandle$Holder.invokeSpecial(java.lang.Object, java.lang.Object, java.lang.Object, int, java.lang.Object)'> (0x0000000786a7c408) 
thrown [open/src/hotspot/share/interpreter/linkResolver.cpp, line 766]
Event: 0.372 Thread 0x0000000124850400 Exception <a 'java/lang/NoSuchMethodError'{0x0000000787bee438}: 'void java.lang.invoke.DirectMethodHandle$Holder.invokeStaticInit(java.lang.Object, java.lang.Object)'> (0x0000000787bee438) 
thrown [open/src/hotspot/share/interpreter/linkResolver.cpp, line 766]
Event: 0.373 Thread 0x0000000124850400 Exception <a 'java/lang/NoSuchMethodError'{0x0000000787a24978}: 'void java.lang.invoke.DirectMethodHandle$Holder.invokeSpecial(java.lang.Object, java.lang.Object, java.lang.Object, java.lang.Object, java.lang.Object)'> (0x0000000787a24978) 
thrown [open/src/hotspot/share/interpreter/linkResolver.cpp, line 766]
Event: 0.384 Thread 0x0000000124850400 Exception <a 'sun/nio/fs/UnixException'{0x00000007879b1da8}> (0x00000007879b1da8) 
thrown [open/src/hotspot/share/prims/jni.cpp, line 516]
Event: 0.389 Thread 0x0000000124850400 Implicit null exception at 0x0000000137b069f8 to 0x0000000137b06a88
Event: 0.395 Thread 0x0000000124850400 Implicit null exception at 0x0000000137b12554 to 0x0000000137b128ac
Event: 0.425 Thread 0x0000000124850400 Implicit null exception at 0x0000000137b0ee54 to 0x0000000137b0f1a8
Event: 0.487 Thread 0x0000000124850400 Exception <a 'java/lang/NoSuchMethodError'{0x000000078737ffd8}: 'java.lang.Object java.lang.invoke.DirectMethodHandle$Holder.invokeInterface(java.lang.Object, java.lang.Object, java.lang.Object)'> (0x000000078737ffd8) 
thrown [open/src/hotspot/share/interpreter/linkResolver.cpp, line 766]
Event: 0.487 Thread 0x0000000124850400 Exception <a 'java/lang/IncompatibleClassChangeError'{0x0000000787383dc0}: Found class java.lang.Object, but interface was expected> (0x0000000787383dc0) 
thrown [open/src/hotspot/share/interpreter/linkResolver.cpp, line 833]
Event: 0.512 Thread 0x0000000124850400 Exception <a 'java/lang/NoSuchMethodError'{0x000000078716c5a8}: 'java.lang.Object java.lang.invoke.DirectMethodHandle$Holder.newInvokeSpecial(java.lang.Object, java.lang.Object, int)'> (0x000000078716c5a8) 
thrown [open/src/hotspot/share/interpreter/linkResolver.cpp, line 766]
Event: 0.546 Thread 0x00000001258bee00 Exception <a 'java/lang/NoSuchMethodError'{0x00000007870e71c0}: 'int java.lang.invoke.DirectMethodHandle$Holder.invokeStaticInit(java.lang.Object, java.lang.Object)'> (0x00000007870e71c0) 
thrown [open/src/hotspot/share/interpreter/linkResolver.cpp, line 766]

VM Operations (20 events):
Event: 0.054 Executing VM operation: HandshakeAllThreads
Event: 0.054 Executing VM operation: HandshakeAllThreads done
Event: 0.063 Executing VM operation: HandshakeAllThreads
Event: 0.063 Executing VM operation: HandshakeAllThreads done
Event: 0.263 Executing VM operation: ICBufferFull
Event: 0.263 Executing VM operation: ICBufferFull done
Event: 0.330 Executing VM operation: HandshakeAllThreads
Event: 0.330 Executing VM operation: HandshakeAllThreads done
Event: 0.341 Executing VM operation: G1CollectForAllocation
Event: 0.342 Executing VM operation: G1CollectForAllocation done
Event: 0.351 Executing VM operation: HandshakeAllThreads
Event: 0.351 Executing VM operation: HandshakeAllThreads done
Event: 0.368 Executing VM operation: ICBufferFull
Event: 0.368 Executing VM operation: ICBufferFull done
Event: 0.480 Executing VM operation: HandshakeAllThreads
Event: 0.480 Executing VM operation: HandshakeAllThreads done
Event: 0.511 Executing VM operation: ICBufferFull
Event: 0.511 Executing VM operation: ICBufferFull done
Event: 2.091 Executing VM operation: Cleanup
Event: 2.091 Executing VM operation: Cleanup done

Events (20 events):
Event: 1.196 loading class sun/util/resources/cldr/TimeZoneNames
Event: 1.196 loading class sun/util/resources/TimeZoneNamesBundle
Event: 1.196 loading class sun/util/resources/OpenListResourceBundle
Event: 1.196 loading class sun/util/resources/OpenListResourceBundle done
Event: 1.196 loading class sun/util/resources/TimeZoneNamesBundle done
Event: 1.196 loading class sun/util/resources/cldr/TimeZoneNames done
Event: 1.196 loading class sun/util/resources/cldr/TimeZoneNames_en
Event: 1.196 loading class sun/util/resources/cldr/TimeZoneNames_en done
Event: 1.197 loading class sun/util/resources/cldr/TimeZoneNames_en_US
Event: 1.197 loading class sun/util/resources/cldr/TimeZoneNames_en_US done
Event: 1.197 loading class sun/util/resources/TimeZoneNames
Event: 1.198 loading class sun/util/resources/TimeZoneNames done
Event: 1.198 loading class sun/util/resources/TimeZoneNames_en
Event: 1.198 loading class sun/util/resources/TimeZoneNames_en done
Event: 1.232 Protecting memory [0x0000000170660000,0x000000017066c000] with protection modes 0
Event: 1.232 Thread 0x0000000112b8d000 Thread added: 0x0000000112b8d000
Event: 1.515 Protecting memory [0x0000000170660000,0x000000017066c000] with protection modes 3
Event: 1.515 Thread 0x0000000112b8d000 Thread exited: 0x0000000112b8d000
Event: 2.531 Protecting memory [0x0000000170660000,0x000000017066c000] with protection modes 0
Event: 2.531 Thread 0x0000000114029400 Thread added: 0x0000000114029400


Dynamic libraries:
0x000000010268c000 	/Users/southrussian/Library/Java/JavaVirtualMachines/openjdk-17.0.2/Contents/Home/lib/libjli.dylib
0x00000001b311d000 	/usr/lib/libz.1.dylib
0x00000001b31cd000 	/usr/lib/libSystem.B.dylib
0x00000001b31c7000 	/usr/lib/system/libcache.dylib
0x00000001b3185000 	/usr/lib/system/libcommonCrypto.dylib
0x00000001b31ae000 	/usr/lib/system/libcompiler_rt.dylib
0x00000001b31a5000 	/usr/lib/system/libcopyfile.dylib
0x00000001a8506000 	/usr/lib/system/libcorecrypto.dylib
0x00000001a85ab000 	/usr/lib/system/libdispatch.dylib
0x00000001a8773000 	/usr/lib/system/libdyld.dylib
0x00000001b31bd000 	/usr/lib/system/libkeymgr.dylib
0x00000001b3167000 	/usr/lib/system/libmacho.dylib
0x00000001b2867000 	/usr/lib/system/libquarantine.dylib
0x00000001b31ba000 	/usr/lib/system/libremovefile.dylib
0x00000001ad905000 	/usr/lib/system/libsystem_asl.dylib
0x00000001a84b0000 	/usr/lib/system/libsystem_blocks.dylib
0x00000001a8631000 	/usr/lib/system/libsystem_c.dylib
0x00000001b31b2000 	/usr/lib/system/libsystem_collections.dylib
0x00000001b1d26000 	/usr/lib/system/libsystem_configuration.dylib
0x00000001b0faa000 	/usr/lib/system/libsystem_containermanager.dylib
0x00000001b2ece000 	/usr/lib/system/libsystem_coreservices.dylib
0x00000001aae97000 	/usr/lib/system/libsystem_darwin.dylib
0x00000001b31be000 	/usr/lib/system/libsystem_dnssd.dylib
0x00000001a862e000 	/usr/lib/system/libsystem_featureflags.dylib
0x00000001a8788000 	/usr/lib/system/libsystem_info.dylib
0x00000001b312f000 	/usr/lib/system/libsystem_m.dylib
0x00000001a8580000 	/usr/lib/system/libsystem_malloc.dylib
0x00000001ad896000 	/usr/lib/system/libsystem_networkextension.dylib
0x00000001ab2eb000 	/usr/lib/system/libsystem_notify.dylib
0x00000001b93d1000 	/usr/lib/system/libsystem_product_info_filter.dylib
0x00000001b1d2b000 	/usr/lib/system/libsystem_sandbox.dylib
0x00000001b31b7000 	/usr/lib/system/libsystem_secinit.dylib
0x00000001a8730000 	/usr/lib/system/libsystem_kernel.dylib
0x00000001a8780000 	/usr/lib/system/libsystem_platform.dylib
0x00000001a8766000 	/usr/lib/system/libsystem_pthread.dylib
0x00000001af042000 	/usr/lib/system/libsystem_symptoms.dylib
0x00000001a84ec000 	/usr/lib/system/libsystem_trace.dylib
0x00000001b3192000 	/usr/lib/system/libunwind.dylib
0x00000001a84b2000 	/usr/lib/system/libxpc.dylib
0x00000001a8716000 	/usr/lib/libc++abi.dylib
0x00000001a85f2000 	/usr/lib/libobjc.A.dylib
0x00000001b319d000 	/usr/lib/liboah.dylib
0x00000001a86b2000 	/usr/lib/libc++.1.dylib
0x00000001bedd2000 	/System/Library/Frameworks/Cocoa.framework/Versions/A/Cocoa
0x00000001ab34b000 	/System/Library/Frameworks/AppKit.framework/Versions/C/AppKit
0x00000001ae881000 	/System/Library/Frameworks/CoreData.framework/Versions/A/CoreData
0x00000001a96a8000 	/System/Library/Frameworks/Foundation.framework/Versions/C/Foundation
0x00000001ac202000 	/System/Library/PrivateFrameworks/UIFoundation.framework/Versions/A/UIFoundation
0x00000001b90cb000 	/System/Library/PrivateFrameworks/RemoteViewServices.framework/Versions/A/RemoteViewServices
0x00000001b16e4000 	/System/Library/PrivateFrameworks/XCTTargetBootstrap.framework/Versions/A/XCTTargetBootstrap
0x00000001b4ece000 	/System/Library/PrivateFrameworks/InternationalSupport.framework/Versions/A/InternationalSupport
0x00000001b4f57000 	/System/Library/PrivateFrameworks/UserActivity.framework/Versions/A/UserActivity
0x00000001b43fc000 	/usr/lib/libspindump.dylib
0x00000001ac472000 	/System/Library/Frameworks/UniformTypeIdentifiers.framework/Versions/A/UniformTypeIdentifiers
0x00000001afc71000 	/usr/lib/libapp_launch_measurement.dylib
0x00000001af1e9000 	/System/Library/PrivateFrameworks/CoreAnalytics.framework/Versions/A/CoreAnalytics
0x00000001afc74000 	/System/Library/PrivateFrameworks/CoreAutoLayout.framework/Versions/A/CoreAutoLayout
0x00000001b0fe7000 	/System/Library/Frameworks/Metal.framework/Versions/A/Metal
0x00000001b1d36000 	/usr/lib/liblangid.dylib
0x00000001b16e8000 	/System/Library/PrivateFrameworks/CoreSVG.framework/Versions/A/CoreSVG
0x00000001ad939000 	/System/Library/PrivateFrameworks/SkyLight.framework/Versions/A/SkyLight
0x00000001add06000 	/System/Library/Frameworks/CoreGraphics.framework/Versions/A/CoreGraphics
0x00000001b9749000 	/System/Library/Frameworks/Accelerate.framework/Versions/A/Accelerate
0x00000001b3e70000 	/System/Library/PrivateFrameworks/IconServices.framework/Versions/A/IconServices
0x00000001b0fc9000 	/System/Library/Frameworks/IOSurface.framework/Versions/A/IOSurface
0x00000001af219000 	/usr/lib/libDiagnosticMessagesClient.dylib
0x00000001bcb92000 	/System/Library/Frameworks/ApplicationServices.framework/Versions/A/ApplicationServices
0x00000001b16cc000 	/System/Library/PrivateFrameworks/DFRFoundation.framework/Versions/A/DFRFoundation
0x00000001aabec000 	/usr/lib/libicucore.A.dylib
0x00000001b5ccf000 	/System/Library/Frameworks/AudioToolbox.framework/Versions/A/AudioToolbox
0x00000001b4eda000 	/System/Library/PrivateFrameworks/DataDetectorsCore.framework/Versions/A/DataDetectorsCore
0x00000001cb028000 	/System/Library/PrivateFrameworks/TextInput.framework/Versions/A/TextInput
0x00000001ad8b0000 	/usr/lib/libMobileGestalt.dylib
0x00000001b139c000 	/System/Library/Frameworks/Carbon.framework/Versions/A/Frameworks/HIToolbox.framework/Versions/A/HIToolbox
0x00000001af67a000 	/System/Library/Frameworks/QuartzCore.framework/Versions/A/QuartzCore
0x00000001aa869000 	/System/Library/Frameworks/Security.framework/Versions/A/Security
0x00000001b910b000 	/System/Library/Frameworks/Carbon.framework/Versions/A/Frameworks/SpeechRecognition.framework/Versions/A/SpeechRecognition
0x00000001af9c8000 	/System/Library/PrivateFrameworks/CoreUI.framework/Versions/A/CoreUI
0x00000001aa13a000 	/System/Library/Frameworks/CoreAudio.framework/Versions/A/CoreAudio
0x00000001af30d000 	/System/Library/Frameworks/DiskArbitration.framework/Versions/A/DiskArbitration
0x00000001b47e1000 	/System/Library/PrivateFrameworks/MultitouchSupport.framework/Versions/A/MultitouchSupport
0x00000001ad8ae000 	/usr/lib/libenergytrace.dylib
0x00000001ab215000 	/System/Library/Frameworks/IOKit.framework/Versions/A/IOKit
0x00000001b94f4000 	/System/Library/Frameworks/CoreServices.framework/Versions/A/CoreServices
0x00000001afc01000 	/System/Library/PrivateFrameworks/PerformanceAnalysis.framework/Versions/A/PerformanceAnalysis
0x0000000209bd5000 	/System/Library/Frameworks/OpenGL.framework/Versions/A/OpenGL
0x00000001b2787000 	/System/Library/PrivateFrameworks/MobileKeyBag.framework/Versions/A/MobileKeyBag
0x00000001ae316000 	/System/Library/Frameworks/ColorSync.framework/Versions/A/ColorSync
0x00000001a87b4000 	/System/Library/Frameworks/CoreFoundation.framework/Versions/A/CoreFoundation
0x00000001b1969000 	/System/Library/Frameworks/CoreImage.framework/Versions/A/CoreImage
0x00000001a9f5d000 	/System/Library/Frameworks/CoreText.framework/Versions/A/CoreText
0x00000001b1718000 	/System/Library/Frameworks/ImageIO.framework/Versions/A/ImageIO
0x00000001b31d3000 	/System/Library/PrivateFrameworks/SoftLinking.framework/Versions/A/SoftLinking
0x00000001afcbe000 	/usr/lib/libxml2.2.dylib
0x00000001b346c000 	/usr/lib/libcompression.dylib
0x00000001b4e27000 	/System/Library/PrivateFrameworks/TextureIO.framework/Versions/A/TextureIO
0x00000001b3b8a000 	/usr/lib/libate.dylib
0x00000001b3a52000 	/usr/lib/liblzma.5.dylib
0x00000001a939c000 	/System/Library/Frameworks/SystemConfiguration.framework/Versions/A/SystemConfiguration
0x00000001b31cf000 	/usr/lib/libfakelink.dylib
0x00000001ad3dd000 	/System/Library/Frameworks/CFNetwork.framework/Versions/A/CFNetwork
0x00000001b3316000 	/usr/lib/libarchive.2.dylib
0x00000001b1d32000 	/System/Library/PrivateFrameworks/AppleSystemInfo.framework/Versions/A/AppleSystemInfo
0x00000001b2892000 	/usr/lib/libbsm.0.dylib
0x00000001ac915000 	/usr/lib/libnetwork.dylib
0x00000001b316d000 	/usr/lib/system/libkxld.dylib
0x00000001b24a9000 	/System/Library/PrivateFrameworks/IOMobileFramebuffer.framework/Versions/A/IOMobileFramebuffer
0x0000000225a06000 	/usr/lib/libCoreEntitlements.dylib
0x00000001b2eb0000 	/System/Library/PrivateFrameworks/AppleFSCompression.framework/Versions/A/AppleFSCompression
0x00000001b287a000 	/usr/lib/libcoretls.dylib
0x00000001b3a6b000 	/usr/lib/libcoretls_cfhelpers.dylib
0x00000001b3467000 	/usr/lib/libpam.2.dylib
0x00000001aec6a000 	/usr/lib/libsqlite3.dylib
0x00000001b3ad3000 	/usr/lib/libxar.1.dylib
0x00000001b2ec1000 	/usr/lib/libbz2.1.0.dylib
0x00000001b31d4000 	/usr/lib/libpcap.A.dylib
0x00000001af039000 	/usr/lib/libdns_services.dylib
0x00000001b343a000 	/usr/lib/libapple_nghttp2.dylib
0x00000001b3211000 	/usr/lib/libiconv.2.dylib
0x00000001b3166000 	/usr/lib/libcharset.1.dylib
0x00000001afc3d000 	/System/Library/Frameworks/CoreServices.framework/Versions/A/Frameworks/FSEvents.framework/Versions/A/FSEvents
0x00000001aaea2000 	/System/Library/Frameworks/CoreServices.framework/Versions/A/Frameworks/CarbonCore.framework/Versions/A/CarbonCore
0x00000001af270000 	/System/Library/Frameworks/CoreServices.framework/Versions/A/Frameworks/Metadata.framework/Versions/A/Metadata
0x00000001b2ed4000 	/System/Library/Frameworks/CoreServices.framework/Versions/A/Frameworks/OSServices.framework/Versions/A/OSServices
0x00000001b339c000 	/System/Library/Frameworks/CoreServices.framework/Versions/A/Frameworks/SearchKit.framework/Versions/A/SearchKit
0x00000001aefc7000 	/System/Library/Frameworks/CoreServices.framework/Versions/A/Frameworks/AE.framework/Versions/A/AE
0x00000001a8cf8000 	/System/Library/Frameworks/CoreServices.framework/Versions/A/Frameworks/LaunchServices.framework/Versions/A/LaunchServices
0x00000001b39fb000 	/System/Library/Frameworks/CoreServices.framework/Versions/A/Frameworks/DictionaryServices.framework/Versions/A/DictionaryServices
0x00000001afc4a000 	/System/Library/Frameworks/CoreServices.framework/Versions/A/Frameworks/SharedFileList.framework/Versions/A/SharedFileList
0x00000001b286a000 	/usr/lib/libCheckFix.dylib
0x00000001ad91d000 	/System/Library/PrivateFrameworks/TCC.framework/Versions/A/TCC
0x00000001b1d38000 	/System/Library/PrivateFrameworks/CoreNLP.framework/Versions/A/CoreNLP
0x00000001af21c000 	/System/Library/PrivateFrameworks/MetadataUtilities.framework/Versions/A/MetadataUtilities
0x00000001a9455000 	/usr/lib/libmecabra.dylib
0x00000001b28a3000 	/usr/lib/libmecab.dylib
0x00000001a9421000 	/usr/lib/libCRFSuite.dylib
0x00000001b2901000 	/usr/lib/libgermantok.dylib
0x00000001b3413000 	/usr/lib/libThaiTokenizer.dylib
0x00000001af315000 	/System/Library/Frameworks/Accelerate.framework/Versions/A/Frameworks/vImage.framework/Versions/A/vImage
0x00000001b94cb000 	/System/Library/Frameworks/Accelerate.framework/Versions/A/Frameworks/vecLib.framework/Versions/A/vecLib
0x00000001b3b17000 	/System/Library/Frameworks/Accelerate.framework/Versions/A/Frameworks/vecLib.framework/Versions/A/libvMisc.dylib
0x00000001b23b3000 	/System/Library/Frameworks/Accelerate.framework/Versions/A/Frameworks/vecLib.framework/Versions/A/libvDSP.dylib
0x00000001a907b000 	/System/Library/Frameworks/Accelerate.framework/Versions/A/Frameworks/vecLib.framework/Versions/A/libBLAS.dylib
0x00000001b353b000 	/System/Library/Frameworks/Accelerate.framework/Versions/A/Frameworks/vecLib.framework/Versions/A/libLAPACK.dylib
0x00000001b2904000 	/System/Library/Frameworks/Accelerate.framework/Versions/A/Frameworks/vecLib.framework/Versions/A/libLinearAlgebra.dylib
0x00000001b3452000 	/System/Library/Frameworks/Accelerate.framework/Versions/A/Frameworks/vecLib.framework/Versions/A/libSparseBLAS.dylib
0x00000001b3536000 	/System/Library/Frameworks/Accelerate.framework/Versions/A/Frameworks/vecLib.framework/Versions/A/libQuadrature.dylib
0x00000001b1e2f000 	/System/Library/Frameworks/Accelerate.framework/Versions/A/Frameworks/vecLib.framework/Versions/A/libBNNS.dylib
0x00000001a9339000 	/System/Library/Frameworks/Accelerate.framework/Versions/A/Frameworks/vecLib.framework/Versions/A/libSparse.dylib
0x00000001b1e27000 	/System/Library/PrivateFrameworks/LinguisticData.framework/Versions/A/LinguisticData
0x00000001a92ef000 	/System/Library/PrivateFrameworks/Lexicon.framework/Versions/A/Lexicon
0x00000001b3b0f000 	/usr/lib/libChineseTokenizer.dylib
0x00000001a9a96000 	/System/Library/PrivateFrameworks/LanguageModeling.framework/Versions/A/LanguageModeling
0x00000001b3415000 	/System/Library/PrivateFrameworks/AppleSauce.framework/Versions/A/AppleSauce
0x00000001b2496000 	/System/Library/PrivateFrameworks/CoreEmoji.framework/Versions/A/CoreEmoji
0x00000001b3304000 	/usr/lib/libcmph.dylib
0x00000001afc1d000 	/System/Library/Frameworks/OpenDirectory.framework/Versions/A/Frameworks/CFOpenDirectory.framework/Versions/A/CFOpenDirectory
0x00000001afc0d000 	/System/Library/Frameworks/OpenDirectory.framework/Versions/A/OpenDirectory
0x00000001b3a6d000 	/System/Library/PrivateFrameworks/APFS.framework/Versions/A/APFS
0x00000001b27c2000 	/System/Library/Frameworks/SecurityFoundation.framework/Versions/A/SecurityFoundation
0x00000001b3ae1000 	/usr/lib/libutil.dylib
0x00000001ab1d7000 	/System/Library/PrivateFrameworks/CoreServicesStore.framework/Versions/A/CoreServicesStore
0x00000001b3ae5000 	/usr/lib/libxslt.1.dylib
0x00000001b2856000 	/System/Library/PrivateFrameworks/BackgroundTaskManagement.framework/Versions/A/BackgroundTaskManagement
0x00000001b4d48000 	/System/Library/Frameworks/ImageIO.framework/Versions/A/Resources/libRadiance.dylib
0x00000001b4d51000 	/System/Library/Frameworks/ImageIO.framework/Versions/A/Resources/libJPEG.dylib
0x00000001b4ca3000 	/System/Library/Frameworks/ImageIO.framework/Versions/A/Resources/libPng.dylib
0x00000001b4cc5000 	/System/Library/Frameworks/ImageIO.framework/Versions/A/Resources/libTIFF.dylib
0x00000001b4dac000 	/System/Library/Frameworks/ImageIO.framework/Versions/A/Resources/libGIF.dylib
0x00000001b46f1000 	/System/Library/Frameworks/ImageIO.framework/Versions/A/Resources/libJP2.dylib
0x00000001b3e36000 	/usr/lib/libexpat.1.dylib
0x00000001b46ac000 	/System/Library/PrivateFrameworks/AppleJPEG.framework/Versions/A/AppleJPEG
0x00000001b125b000 	/System/Library/PrivateFrameworks/FontServices.framework/libFontParser.dylib
0x00000001aef6c000 	/System/Library/PrivateFrameworks/RunningBoardServices.framework/Versions/A/RunningBoardServices
0x00000001bf448000 	/System/Library/PrivateFrameworks/IOSurfaceAccelerator.framework/Versions/A/IOSurfaceAccelerator
0x00000001b47dd000 	/System/Library/PrivateFrameworks/WatchdogClient.framework/Versions/A/WatchdogClient
0x00000001a9b9a000 	/System/Library/Frameworks/CoreDisplay.framework/Versions/A/CoreDisplay
0x00000001b1149000 	/System/Library/Frameworks/CoreMedia.framework/Versions/A/CoreMedia
0x00000001b0fdd000 	/System/Library/PrivateFrameworks/IOAccelerator.framework/Versions/A/IOAccelerator
0x00000001afdab000 	/System/Library/Frameworks/CoreVideo.framework/Versions/A/CoreVideo
0x00000001b3465000 	/System/Library/Frameworks/MetalPerformanceShaders.framework/Versions/A/MetalPerformanceShaders
0x00000001b481a000 	/System/Library/Frameworks/VideoToolbox.framework/Versions/A/VideoToolbox
0x00000001aeeb0000 	/System/Library/PrivateFrameworks/BaseBoard.framework/Versions/A/BaseBoard
0x00000001aec4f000 	/System/Library/PrivateFrameworks/ProtocolBuffer.framework/Versions/A/ProtocolBuffer
0x00000001b4d43000 	/System/Library/PrivateFrameworks/GPUWrangler.framework/Versions/A/GPUWrangler
0x00000001b4d22000 	/System/Library/PrivateFrameworks/IOPresentment.framework/Versions/A/IOPresentment
0x00000001b4d4b000 	/System/Library/PrivateFrameworks/DSExternalDisplay.framework/Versions/A/DSExternalDisplay
0x0000000209bc8000 	/System/Library/Frameworks/OpenGL.framework/Versions/A/Libraries/libCoreFSCache.dylib
0x00000002133b3000 	/System/Library/PrivateFrameworks/GPUCompiler.framework/Versions/31001/Libraries/libGPUCompilerUtils.dylib
0x00000001b4db1000 	/System/Library/PrivateFrameworks/CMCaptureCore.framework/Versions/A/CMCaptureCore
0x00000001b43ea000 	/System/Library/PrivateFrameworks/AppServerSupport.framework/Versions/A/AppServerSupport
0x00000001b658a000 	/System/Library/PrivateFrameworks/perfdata.framework/Versions/A/perfdata
0x00000001a9cba000 	/System/Library/PrivateFrameworks/AudioToolboxCore.framework/Versions/A/AudioToolboxCore
0x00000001b1121000 	/System/Library/PrivateFrameworks/caulk.framework/Versions/A/caulk
0x00000001b5e7f000 	/usr/lib/libAudioStatistics.dylib
0x00000001c779c000 	/System/Library/PrivateFrameworks/SystemPolicy.framework/Versions/A/SystemPolicy
0x00000001b60df000 	/usr/lib/libSMC.dylib
0x00000001becb4000 	/System/Library/Frameworks/CoreMIDI.framework/Versions/A/CoreMIDI
0x00000001b4c71000 	/usr/lib/libAudioToolboxUtility.dylib
0x00000001c3bc9000 	/System/Library/PrivateFrameworks/OSAServicesClient.framework/Versions/A/OSAServicesClient
0x00000001b6597000 	/usr/lib/libperfcheck.dylib
0x00000001c82a3000 	/usr/lib/libmis.dylib
0x0000000209c29000 	/System/Library/Frameworks/OpenGL.framework/Versions/A/Libraries/libGLU.dylib
0x0000000209be8000 	/System/Library/Frameworks/OpenGL.framework/Versions/A/Libraries/libGFXShared.dylib
0x0000000209dd2000 	/System/Library/Frameworks/OpenGL.framework/Versions/A/Libraries/libGL.dylib
0x0000000209bf1000 	/System/Library/Frameworks/OpenGL.framework/Versions/A/Libraries/libGLImage.dylib
0x0000000209be5000 	/System/Library/Frameworks/OpenGL.framework/Versions/A/Libraries/libCVMSPluginSupport.dylib
0x0000000209bcf000 	/System/Library/Frameworks/OpenGL.framework/Versions/A/Libraries/libCoreVMClient.dylib
0x00000001b1cb3000 	/System/Library/Frameworks/MetalPerformanceShaders.framework/Versions/A/Frameworks/MPSCore.framework/Versions/A/MPSCore
0x00000001b2e23000 	/System/Library/Frameworks/MetalPerformanceShaders.framework/Versions/A/Frameworks/MPSImage.framework/Versions/A/MPSImage
0x00000001b2919000 	/System/Library/Frameworks/MetalPerformanceShaders.framework/Versions/A/Frameworks/MPSNeuralNetwork.framework/Versions/A/MPSNeuralNetwork
0x00000001b2d56000 	/System/Library/Frameworks/MetalPerformanceShaders.framework/Versions/A/Frameworks/MPSMatrix.framework/Versions/A/MPSMatrix
0x00000001b2b31000 	/System/Library/Frameworks/MetalPerformanceShaders.framework/Versions/A/Frameworks/MPSRayIntersector.framework/Versions/A/MPSRayIntersector
0x00000001b2d87000 	/System/Library/Frameworks/MetalPerformanceShaders.framework/Versions/A/Frameworks/MPSNDArray.framework/Versions/A/MPSNDArray
0x000000020b900000 	/System/Library/Frameworks/MetalPerformanceShaders.framework/Versions/A/Frameworks/MPSFunctions.framework/Versions/A/MPSFunctions
0x00000001a8f59000 	/System/Library/PrivateFrameworks/MetalTools.framework/Versions/A/MetalTools
0x00000001b1d30000 	/System/Library/PrivateFrameworks/AggregateDictionary.framework/Versions/A/AggregateDictionary
0x00000001b3c1c000 	/usr/lib/libIOReport.dylib
0x00000001bdc9b000 	/System/Library/PrivateFrameworks/ASEProcessing.framework/Versions/A/ASEProcessing
0x00000001b3f8f000 	/System/Library/PrivateFrameworks/FaceCore.framework/Versions/A/FaceCore
0x00000001b3f81000 	/System/Library/PrivateFrameworks/GraphVisualizer.framework/Versions/A/GraphVisualizer
0x00000002132ca000 	/System/Library/PrivateFrameworks/FontServices.framework/Versions/A/FontServices
0x00000001b43a4000 	/System/Library/PrivateFrameworks/OTSVG.framework/Versions/A/OTSVG
0x00000001af979000 	/System/Library/Frameworks/ApplicationServices.framework/Versions/A/Frameworks/ATS.framework/Versions/A/Resources/libFontRegistry.dylib
0x00000001b43f3000 	/System/Library/PrivateFrameworks/FontServices.framework/libhvf.dylib
0x00000002132cb000 	/System/Library/PrivateFrameworks/FontServices.framework/libXTFontStaticRegistryData.dylib
0x0000000209f74000 	/System/Library/Frameworks/OpenCL.framework/Versions/A/OpenCL
0x00000001b3dea000 	/System/Library/PrivateFrameworks/AppleVA.framework/Versions/A/AppleVA
0x00000001b5ea7000 	/System/Library/Frameworks/ApplicationServices.framework/Versions/A/Frameworks/ATS.framework/Versions/A/ATS
0x00000001ae413000 	/System/Library/Frameworks/ApplicationServices.framework/Versions/A/Frameworks/HIServices.framework/Versions/A/HIServices
0x00000001b4dbb000 	/System/Library/Frameworks/ApplicationServices.framework/Versions/A/Frameworks/PrintCore.framework/Versions/A/PrintCore
0x00000001b6232000 	/System/Library/Frameworks/ApplicationServices.framework/Versions/A/Frameworks/QD.framework/Versions/A/QD
0x00000001b622a000 	/System/Library/Frameworks/ApplicationServices.framework/Versions/A/Frameworks/ColorSyncLegacy.framework/Versions/A/ColorSyncLegacy
0x00000001b5e93000 	/System/Library/Frameworks/ApplicationServices.framework/Versions/A/Frameworks/SpeechSynthesis.framework/Versions/A/SpeechSynthesis
0x00000001b4d7c000 	/System/Library/Frameworks/ApplicationServices.framework/Versions/A/Frameworks/ATSUI.framework/Versions/A/ATSUI
0x00000001b61bf000 	/usr/lib/libcups.2.dylib
0x00000001b65a5000 	/System/Library/Frameworks/Kerberos.framework/Versions/A/Kerberos
0x00000001b65b6000 	/System/Library/Frameworks/GSS.framework/Versions/A/GSS
0x00000001b5f16000 	/usr/lib/libresolv.9.dylib
0x00000001b4401000 	/System/Library/PrivateFrameworks/Heimdal.framework/Versions/A/Heimdal
0x00000001bcf0a000 	/System/Library/Frameworks/Kerberos.framework/Versions/A/Libraries/libHeimdalProxy.dylib
0x00000001af04b000 	/System/Library/Frameworks/Network.framework/Versions/A/Network
0x00000001b3e51000 	/usr/lib/libheimdal-asn1.dylib
0x00000001b65fc000 	/System/Library/PrivateFrameworks/CommonAuth.framework/Versions/A/CommonAuth
0x00000001b5e0d000 	/System/Library/PrivateFrameworks/AudioSession.framework/Versions/A/AudioSession
0x00000001b3ee2000 	/System/Library/PrivateFrameworks/MediaExperience.framework/Versions/A/MediaExperience
0x00000001b5c95000 	/System/Library/PrivateFrameworks/AudioSession.framework/libSessionUtility.dylib
0x00000001b623e000 	/System/Library/PrivateFrameworks/AudioResourceArbitration.framework/Versions/A/AudioResourceArbitration
0x00000001ba349000 	/System/Library/PrivateFrameworks/PowerLog.framework/Versions/A/PowerLog
0x00000001b3e5a000 	/System/Library/PrivateFrameworks/IconFoundation.framework/Versions/A/IconFoundation
0x00000001b90f7000 	/System/Library/PrivateFrameworks/SpeechRecognitionCore.framework/Versions/A/SpeechRecognitionCore
0x00000001026fc000 	/System/Library/CoreServices/Encodings/libCyrillicConverter.dylib
0x00000001038c0000 	/Users/southrussian/Library/Java/JavaVirtualMachines/openjdk-17.0.2/Contents/Home/lib/server/libjvm.dylib
0x000000010270c000 	/Users/southrussian/Library/Java/JavaVirtualMachines/openjdk-17.0.2/Contents/Home/lib/libjimage.dylib
0x0000000102720000 	/Users/southrussian/Library/Java/JavaVirtualMachines/openjdk-17.0.2/Contents/Home/lib/libinstrument.dylib
0x000000010276c000 	/Users/southrussian/Library/Java/JavaVirtualMachines/openjdk-17.0.2/Contents/Home/lib/libjava.dylib
0x00000001028cc000 	/Users/southrussian/Library/Java/JavaVirtualMachines/openjdk-17.0.2/Contents/Home/lib/libnio.dylib
0x0000000103708000 	/Users/southrussian/Library/Java/JavaVirtualMachines/openjdk-17.0.2/Contents/Home/lib/libnet.dylib
0x000000010372c000 	/Users/southrussian/Library/Java/JavaVirtualMachines/openjdk-17.0.2/Contents/Home/lib/libzip.dylib
0x0000000103744000 	/Users/southrussian/.openjfx/cache/17.0.1/libprism_es2.dylib
0x00000001ab19a000 	/System/Library/PrivateFrameworks/CoreServicesInternal.framework/Versions/A/CoreServicesInternal
0x0000000209ddc000 	/System/Library/Frameworks/OpenGL.framework/Versions/A/Resources/GLEngine.bundle/GLEngine
0x0000000209c63000 	/System/Library/Frameworks/OpenGL.framework/Versions/A/Libraries/libGLProgrammability.dylib
0x00000001037f0000 	/System/Library/Extensions/AppleMetalOpenGLRenderer.bundle/Contents/MacOS/AppleMetalOpenGLRenderer
0x0000000209f4b000 	/System/Library/Frameworks/OpenGL.framework/Versions/A/Resources/GLRendererFloat.bundle/GLRendererFloat
0x0000000209fec000 	/System/Library/Extensions/AGXMetal13_3.bundle/Contents/MacOS/AGXMetal13_3
0x00000001c82bf000 	/System/Library/PrivateFrameworks/GPURawCounter.framework/Versions/A/GPURawCounter
0x00000001c2d4d000 	/System/Library/PrivateFrameworks/IOGPU.framework/Versions/A/IOGPU
0x00000001131b0000 	/Users/southrussian/.openjfx/cache/17.0.1/libglass.dylib
0x00000001ba59d000 	/System/Library/Frameworks/FileProvider.framework/Versions/A/FileProvider
0x00000001aee18000 	/System/Library/Frameworks/Accounts.framework/Versions/A/Accounts
0x00000001ba71d000 	/System/Library/PrivateFrameworks/GenerationalStorage.framework/Versions/A/GenerationalStorage
0x00000001bb2d3000 	/System/Library/PrivateFrameworks/CoreSymbolication.framework/Versions/A/CoreSymbolication
0x00000001ba33d000 	/System/Library/PrivateFrameworks/SymptomDiagnosticReporter.framework/Versions/A/SymptomDiagnosticReporter
0x00000001ac486000 	/System/Library/PrivateFrameworks/DesktopServicesPriv.framework/Versions/A/DesktopServicesPriv
0x00000001ab2fa000 	/usr/lib/libsandbox.1.dylib
0x00000001afe38000 	/System/Library/PrivateFrameworks/UserManagement.framework/Versions/A/UserManagement
0x00000001bb294000 	/System/Library/PrivateFrameworks/DebugSymbols.framework/Versions/A/DebugSymbols
0x00000001b621d000 	/System/Library/PrivateFrameworks/NetAuth.framework/Versions/A/NetAuth
0x00000001b7120000 	/System/Library/PrivateFrameworks/Sharing.framework/Versions/A/Sharing
0x00000001afe08000 	/System/Library/PrivateFrameworks/login.framework/Versions/A/Frameworks/loginsupport.framework/Versions/A/loginsupport
0x00000001bc44c000 	/System/Library/PrivateFrameworks/Apple80211.framework/Versions/A/Apple80211
0x00000001b2f07000 	/System/Library/PrivateFrameworks/AuthKit.framework/Versions/A/AuthKit
0x00000001b2595000 	/System/Library/PrivateFrameworks/CoreUtils.framework/Versions/A/CoreUtils
0x00000001b24b5000 	/System/Library/Frameworks/CoreWLAN.framework/Versions/A/CoreWLAN
0x00000001b728a000 	/System/Library/Frameworks/IOBluetooth.framework/Versions/A/IOBluetooth
0x00000001bc4ac000 	/System/Library/PrivateFrameworks/CoreWiFi.framework/Versions/A/CoreWiFi
0x00000001bae7b000 	/System/Library/PrivateFrameworks/FrontBoardServices.framework/Versions/A/FrontBoardServices
0x00000001baf13000 	/System/Library/PrivateFrameworks/BoardServices.framework/Versions/A/BoardServices
0x00000001b27b0000 	/System/Library/PrivateFrameworks/AssertionServices.framework/Versions/A/AssertionServices
0x00000001bc61a000 	/System/Library/PrivateFrameworks/BackBoardServices.framework/Versions/A/BackBoardServices
0x00000001b668f000 	/System/Library/PrivateFrameworks/CorePhoneNumbers.framework/Versions/A/CorePhoneNumbers
0x00000001ba46d000 	/System/Library/PrivateFrameworks/DiskManagement.framework/Versions/A/DiskManagement
0x00000001ba370000 	/System/Library/PrivateFrameworks/AppleIDAuthSupport.framework/Versions/A/AppleIDAuthSupport
0x000000020dbea000 	/System/Library/PrivateFrameworks/AAAFoundation.framework/Versions/A/AAAFoundation
0x00000001b666e000 	/System/Library/PrivateFrameworks/KeychainCircle.framework/Versions/A/KeychainCircle
0x00000001ba439000 	/System/Library/PrivateFrameworks/MediaKit.framework/Versions/A/MediaKit
0x00000001ba37d000 	/System/Library/Frameworks/DiscRecording.framework/Versions/A/DiscRecording
0x00000001b3d66000 	/usr/lib/libCoreStorage.dylib
0x00000001bc916000 	/usr/lib/libcsfde.dylib
0x00000001b735f000 	/System/Library/PrivateFrameworks/ProtectedCloudStorage.framework/Versions/A/ProtectedCloudStorage
0x00000001bc90e000 	/System/Library/PrivateFrameworks/EFILogin.framework/Versions/A/EFILogin
0x00000001ba744000 	/System/Library/PrivateFrameworks/OctagonTrust.framework/Versions/A/OctagonTrust
0x0000000212516000 	/System/Library/PrivateFrameworks/CoreUtilsExtras.framework/Versions/A/CoreUtilsExtras
0x00000001ba2b2000 	/System/Library/Frameworks/CoreBluetooth.framework/Versions/A/CoreBluetooth
0x00000001bcf8f000 	/System/Library/Frameworks/AudioUnit.framework/Versions/A/AudioUnit
0x00000001b3d5e000 	/usr/lib/libMatch.1.dylib
0x00000001cc5b5000 	/System/Library/Frameworks/Accelerate.framework/Versions/A/Frameworks/vImage.framework/Versions/A/Libraries/libCGInterfaces.dylib
0x00000001166dc000 	/usr/lib/libobjc-trampolines.dylib
0x00000001afb05000 	/System/Library/PrivateFrameworks/ViewBridge.framework/Versions/A/ViewBridge
0x00000001b3c25000 	/System/Library/PrivateFrameworks/CrashReporterSupport.framework/Versions/A/CrashReporterSupport
0x00000001d3f7e000 	/System/Library/PrivateFrameworks/OSAnalytics.framework/Versions/A/OSAnalytics
0x00000001defbf000 	/System/Library/PrivateFrameworks/Symbolication.framework/Versions/A/Symbolication
0x00000001c8280000 	/System/Library/PrivateFrameworks/MallocStackLogging.framework/Versions/A/MallocStackLogging
0x0000000121700000 	/Users/southrussian/.openjfx/cache/17.0.1/libjavafx_font.dylib
0x00000001b44af000 	/System/Library/PrivateFrameworks/login.framework/Versions/A/login
0x0000000225b80000 	/usr/lib/libRosetta.dylib


VM Arguments:
jvm_args: -javaagent:/Users/southrussian/Library/Application Support/JetBrains/Toolbox/apps/IDEA-U/ch-0/213.6777.52/IntelliJ IDEA.app/Contents/lib/idea_rt.jar=52656:/Users/southrussian/Library/Application Support/JetBrains/Toolbox/apps/IDEA-U/ch-0/213.6777.52/IntelliJ IDEA.app/Contents/bin -Dfile.encoding=UTF-8 --module-path=/Users/southrussian/IdeaProjects/FX/target/classes:/Users/southrussian/.m2/repository/org/openjfx/javafx-controls/17.0.1/javafx-controls-17.0.1-mac-aarch64.jar:/Users/southrussian/.m2/repository/org/openjfx/javafx-base/17.0.1/javafx-base-17.0.1-mac-aarch64.jar:/Users/southrussian/.m2/repository/org/openjfx/javafx-fxml/17.0.1/javafx-fxml-17.0.1-mac-aarch64.jar:/Users/southrussian/.m2/repository/org/openjfx/javafx-graphics/17.0.1/javafx-graphics-17.0.1-mac-aarch64.jar -Djdk.module.main=com.example.fx 
java_command: com.example.fx/com.example.fx.HelloApplication
java_class_path (initial): /Users/southrussian/.m2/repository/org/openjfx/javafx-controls/17.0.1/javafx-controls-17.0.1.jar:/Users/southrussian/.m2/repository/org/openjfx/javafx-graphics/17.0.1/javafx-graphics-17.0.1.jar:/Users/southrussian/.m2/repository/org/openjfx/javafx-base/17.0.1/javafx-base-17.0.1.jar:/Users/southrussian/.m2/repository/org/openjfx/javafx-fxml/17.0.1/javafx-fxml-17.0.1.jar
Launcher Type: SUN_STANDARD

[Global flags]
     intx CICompilerCount                          = 4                                         {product} {ergonomic}
     uint ConcGCThreads                            = 2                                         {product} {ergonomic}
     uint G1ConcRefinementThreads                  = 8                                         {product} {ergonomic}
   size_t G1HeapRegionSize                         = 1048576                                   {product} {ergonomic}
    uintx GCDrainStackTargetSize                   = 64                                        {product} {ergonomic}
   size_t InitialHeapSize                          = 134217728                                 {product} {ergonomic}
   size_t MarkStackSize                            = 4194304                                   {product} {ergonomic}
   size_t MaxHeapSize                              = 2147483648                                {product} {ergonomic}
   size_t MaxNewSize                               = 1287651328                                {product} {ergonomic}
   size_t MinHeapDeltaBytes                        = 1048576                                   {product} {ergonomic}
   size_t MinHeapSize                              = 8388608                                   {product} {ergonomic}
    uintx NonNMethodCodeHeapSize                   = 5839564                                {pd product} {ergonomic}
    uintx NonProfiledCodeHeapSize                  = 122909338                              {pd product} {ergonomic}
    uintx ProfiledCodeHeapSize                     = 122909338                              {pd product} {ergonomic}
    uintx ReservedCodeCacheSize                    = 251658240                              {pd product} {ergonomic}
     bool SegmentedCodeCache                       = true                                      {product} {ergonomic}
   size_t SoftMaxHeapSize                          = 2147483648                             {manageable} {ergonomic}
     bool UseCompressedClassPointers               = true                           {product lp64_product} {ergonomic}
     bool UseCompressedOops                        = true                           {product lp64_product} {ergonomic}
     bool UseG1GC                                  = true                                      {product} {ergonomic}
     bool UseNUMA                                  = false                                     {product} {ergonomic}
     bool UseNUMAInterleaving                      = false                                     {product} {ergonomic}

Logging:
Log output configuration:
 #0: stdout all=warning uptime,level,tags
 #1: stderr all=off uptime,level,tags

Environment Variables:
PATH=/Library/Frameworks/Python.framework/Versions/3.9/bin:/usr/local/bin:/usr/bin:/bin:/usr/sbin:/sbin:/Library/Apple/usr/bin:/Library/Frameworks/Mono.framework/Versions/Current/Commands
SHELL=/bin/zsh
LC_CTYPE=ru_RU.UTF-8

Signal Handlers:
   SIGSEGV: _ZL13crash_handleriP9__siginfoPv in libjvm.dylib, mask=11100110000111110111111111111111, flags=SA_RESTART|SA_SIGINFO
    SIGBUS: _ZL13crash_handleriP9__siginfoPv in libjvm.dylib, mask=11100110000111110111111111111111, flags=SA_RESTART|SA_SIGINFO
    SIGFPE: _ZL13crash_handleriP9__siginfoPv in libjvm.dylib, mask=11100110000111110111111111111111, flags=SA_RESTART|SA_SIGINFO
   SIGPIPE: _ZL17javaSignalHandleriP9__siginfoPv in libjvm.dylib, mask=11100110000111110111111111111111, flags=SA_RESTART|SA_SIGINFO
   SIGXFSZ: _ZL17javaSignalHandleriP9__siginfoPv in libjvm.dylib, mask=11100110000111110111111111111111, flags=SA_RESTART|SA_SIGINFO
    SIGILL: _ZL13crash_handleriP9__siginfoPv in libjvm.dylib, mask=11100110000111110111111111111111, flags=SA_RESTART|SA_SIGINFO
   SIGUSR2: _ZL10SR_handleriP9__siginfoP17__darwin_ucontext in libjvm.dylib, mask=00100000000000000000000000000000, flags=SA_RESTART|SA_SIGINFO
    SIGHUP: _ZL11UserHandleriPvS_ in libjvm.dylib, mask=11100110000111110111111111111111, flags=SA_RESTART|SA_SIGINFO
    SIGINT: _ZL11UserHandleriPvS_ in libjvm.dylib, mask=11100110000111110111111111111111, flags=SA_RESTART|SA_SIGINFO
   SIGTERM: _ZL11UserHandleriPvS_ in libjvm.dylib, mask=11100110000111110111111111111111, flags=SA_RESTART|SA_SIGINFO
   SIGQUIT: _ZL11UserHandleriPvS_ in libjvm.dylib, mask=11100110000111110111111111111111, flags=SA_RESTART|SA_SIGINFO
   SIGTRAP: _ZL13crash_handleriP9__siginfoPv in libjvm.dylib, mask=11100110000111110111111111111111, flags=SA_RESTART|SA_SIGINFO


---------------  S Y S T E M  ---------------

OS:
uname: Darwin 21.3.0 Darwin Kernel Version 21.3.0: Wed Jan  5 21:37:58 PST 2022; root:xnu-8019.80.24~20/RELEASE_ARM64_T8101 arm64
OS uptime: 14 days 13:02 hours
rlimit (soft/hard): STACK 8176k/65520k , CORE 0k/infinity , NPROC 1333/2000 , NOFILE 10240/infinity , AS infinity/infinity , CPU infinity/infinity , DATA infinity/infinity , FSIZE infinity/infinity , MEMLOCK infinity/infinity , RSS infinity/infinity
load average: 2.42 1.73 1.59

CPU: total 8 (initial active 8) 0x61:0x0:0x1b588bb3:0, fp, simd, crc, lse

Memory: 16k page, physical 8388608k(75744k free), swap 2097152k(1156864k free)

vm_info: OpenJDK 64-Bit Server VM (17.0.2+8-86) for bsd-aarch64 JRE (17.0.2+8-86), built on Dec  7 2021 21:45:06 by "mach5one" with clang Apple LLVM 12.0.0 (clang-1200.0.32.29)

END.
